2017-06-09T15:56:49.991-0400 I NETWORK  [initandlisten] connection accepted from 127.0.0.1:55712 #1 (1 connection now open)
2017-06-09T15:56:49.992-0400 D COMMAND  [conn1] run command admin.$cmd { isMaster: 1 }
2017-06-09T15:56:49.992-0400 I COMMAND  [conn1] command admin.$cmd command: isMaster { isMaster: 1 } keyUpdates:0 writeConflicts:0 numYields:0 reslen:178 locks:{} protocol:op_query 0ms
2017-06-09T15:56:49.992-0400 D COMMAND  [conn1] run command admin.$cmd { whatsmyuri: 1 }
2017-06-09T15:56:49.992-0400 I COMMAND  [conn1] command admin.$cmd command: whatsmyuri { whatsmyuri: 1 } keyUpdates:0 writeConflicts:0 numYields:0 reslen:47 locks:{} protocol:op_command 0ms
2017-06-09T15:56:49.994-0400 D COMMAND  [conn1] run command test.$cmd { drop: "test" }
2017-06-09T15:56:49.994-0400 I COMMAND  [conn1] CMD: drop test.test
2017-06-09T15:56:49.994-0400 D STORAGE  [conn1] dropCollection: test.test
2017-06-09T15:56:49.994-0400 D INDEX    [conn1] 	 dropAllIndexes dropping: { v: 1, key: { _id: 1 }, name: "_id_", ns: "test.test" }
2017-06-09T15:56:49.994-0400 D STORAGE  [conn1] looking up metadata for: test.test @ RecordId(317)
2017-06-09T15:56:49.994-0400 D STORAGE  [conn1] WT begin_transaction
2017-06-09T15:56:49.994-0400 D STORAGE  [conn1]  fetched CCE metadata: { md: { ns: "test.test", options: {}, indexes: [ { spec: { v: 1, key: { _id: 1 }, name: "_id_", ns: "test.test" }, ready: true, multikey: false, head: 0 }, { spec: { v: 1, key: { age: 1.0 }, name: "age_1", ns: "test.test" }, ready: true, multikey: false, head: 0 }, { spec: { v: 1, key: { _fts: "text", _ftsx: 1 }, name: "name_text", ns: "test.test", weights: { name: 1 }, default_language: "english", language_override: "language", textIndexVersion: 3 }, ready: true, multikey: false, head: 0 } ] }, idxIdent: { _id_: "index-1-5355711638870321074", age_1: "index-6-5355711638870321074", name_text: "index-7-5355711638870321074" }, ns: "test.test", ident: "collection-0-5355711638870321074" }
2017-06-09T15:56:49.994-0400 D STORAGE  [conn1] returning metadata: md: { ns: "test.test", options: {}, indexes: [ { spec: { v: 1, key: { _id: 1 }, name: "_id_", ns: "test.test" }, ready: true, multikey: false, head: 0 }, { spec: { v: 1, key: { age: 1.0 }, name: "age_1", ns: "test.test" }, ready: true, multikey: false, head: 0 }, { spec: { v: 1, key: { _fts: "text", _ftsx: 1 }, name: "name_text", ns: "test.test", weights: { name: 1 }, default_language: "english", language_override: "language", textIndexVersion: 3 }, ready: true, multikey: false, head: 0 } ] }
2017-06-09T15:56:49.994-0400 D STORAGE  [conn1] looking up metadata for: test.test @ RecordId(317)
2017-06-09T15:56:49.994-0400 D STORAGE  [conn1] looking up metadata for: test.test @ RecordId(317)
2017-06-09T15:56:49.994-0400 D STORAGE  [conn1] recording new metadata: { md: { ns: "test.test", options: {}, indexes: [ { spec: { v: 1, key: { age: 1.0 }, name: "age_1", ns: "test.test" }, ready: true, multikey: false, head: 0 }, { spec: { v: 1, key: { _fts: "text", _ftsx: 1 }, name: "name_text", ns: "test.test", weights: { name: 1 }, default_language: "english", language_override: "language", textIndexVersion: 3 }, ready: true, multikey: false, head: 0 } ] }, idxIdent: { age_1: "index-6-5355711638870321074", name_text: "index-7-5355711638870321074" }, ns: "test.test", ident: "collection-0-5355711638870321074" }
2017-06-09T15:56:49.994-0400 D STORAGE  [conn1] test.test: clearing plan cache - collection info cache reset
2017-06-09T15:56:49.994-0400 D INDEX    [conn1] 	 dropAllIndexes dropping: { v: 1, key: { age: 1.0 }, name: "age_1", ns: "test.test" }
2017-06-09T15:56:49.994-0400 D STORAGE  [conn1] looking up metadata for: test.test @ RecordId(317)
2017-06-09T15:56:49.994-0400 D STORAGE  [conn1]  fetched CCE metadata: { md: { ns: "test.test", options: {}, indexes: [ { spec: { v: 1, key: { age: 1.0 }, name: "age_1", ns: "test.test" }, ready: true, multikey: false, head: 0 }, { spec: { v: 1, key: { _fts: "text", _ftsx: 1 }, name: "name_text", ns: "test.test", weights: { name: 1 }, default_language: "english", language_override: "language", textIndexVersion: 3 }, ready: true, multikey: false, head: 0 } ] }, idxIdent: { age_1: "index-6-5355711638870321074", name_text: "index-7-5355711638870321074" }, ns: "test.test", ident: "collection-0-5355711638870321074" }
2017-06-09T15:56:49.994-0400 D STORAGE  [conn1] returning metadata: md: { ns: "test.test", options: {}, indexes: [ { spec: { v: 1, key: { age: 1.0 }, name: "age_1", ns: "test.test" }, ready: true, multikey: false, head: 0 }, { spec: { v: 1, key: { _fts: "text", _ftsx: 1 }, name: "name_text", ns: "test.test", weights: { name: 1 }, default_language: "english", language_override: "language", textIndexVersion: 3 }, ready: true, multikey: false, head: 0 } ] }
2017-06-09T15:56:49.995-0400 D STORAGE  [conn1] looking up metadata for: test.test @ RecordId(317)
2017-06-09T15:56:49.995-0400 D STORAGE  [conn1] looking up metadata for: test.test @ RecordId(317)
2017-06-09T15:56:49.995-0400 D STORAGE  [conn1] recording new metadata: { md: { ns: "test.test", options: {}, indexes: [ { spec: { v: 1, key: { _fts: "text", _ftsx: 1 }, name: "name_text", ns: "test.test", weights: { name: 1 }, default_language: "english", language_override: "language", textIndexVersion: 3 }, ready: true, multikey: false, head: 0 } ] }, idxIdent: { name_text: "index-7-5355711638870321074" }, ns: "test.test", ident: "collection-0-5355711638870321074" }
2017-06-09T15:56:49.995-0400 D STORAGE  [conn1] test.test: clearing plan cache - collection info cache reset
2017-06-09T15:56:49.995-0400 D INDEX    [conn1] 	 dropAllIndexes dropping: { v: 1, key: { _fts: "text", _ftsx: 1 }, name: "name_text", ns: "test.test", weights: { name: 1 }, default_language: "english", language_override: "language", textIndexVersion: 3 }
2017-06-09T15:56:49.995-0400 D STORAGE  [conn1] looking up metadata for: test.test @ RecordId(317)
2017-06-09T15:56:49.995-0400 D STORAGE  [conn1]  fetched CCE metadata: { md: { ns: "test.test", options: {}, indexes: [ { spec: { v: 1, key: { _fts: "text", _ftsx: 1 }, name: "name_text", ns: "test.test", weights: { name: 1 }, default_language: "english", language_override: "language", textIndexVersion: 3 }, ready: true, multikey: false, head: 0 } ] }, idxIdent: { name_text: "index-7-5355711638870321074" }, ns: "test.test", ident: "collection-0-5355711638870321074" }
2017-06-09T15:56:49.995-0400 D STORAGE  [conn1] returning metadata: md: { ns: "test.test", options: {}, indexes: [ { spec: { v: 1, key: { _fts: "text", _ftsx: 1 }, name: "name_text", ns: "test.test", weights: { name: 1 }, default_language: "english", language_override: "language", textIndexVersion: 3 }, ready: true, multikey: false, head: 0 } ] }
2017-06-09T15:56:49.995-0400 D STORAGE  [conn1] looking up metadata for: test.test @ RecordId(317)
2017-06-09T15:56:49.995-0400 D STORAGE  [conn1] looking up metadata for: test.test @ RecordId(317)
2017-06-09T15:56:49.995-0400 D STORAGE  [conn1] recording new metadata: { md: { ns: "test.test", options: {}, indexes: [] }, idxIdent: {}, ns: "test.test", ident: "collection-0-5355711638870321074" }
2017-06-09T15:56:49.995-0400 D STORAGE  [conn1] test.test: clearing plan cache - collection info cache reset
2017-06-09T15:56:49.995-0400 D STORAGE  [conn1] looking up metadata for: test.test @ RecordId(317)
2017-06-09T15:56:49.995-0400 D STORAGE  [conn1]  fetched CCE metadata: { md: { ns: "test.test", options: {}, indexes: [] }, idxIdent: {}, ns: "test.test", ident: "collection-0-5355711638870321074" }
2017-06-09T15:56:49.995-0400 D STORAGE  [conn1] returning metadata: md: { ns: "test.test", options: {}, indexes: [] }
2017-06-09T15:56:49.995-0400 D STORAGE  [conn1] looking up metadata for: test.test @ RecordId(317)
2017-06-09T15:56:49.995-0400 D STORAGE  [conn1]  fetched CCE metadata: { md: { ns: "test.test", options: {}, indexes: [] }, idxIdent: {}, ns: "test.test", ident: "collection-0-5355711638870321074" }
2017-06-09T15:56:49.995-0400 D STORAGE  [conn1] returning metadata: md: { ns: "test.test", options: {}, indexes: [] }
2017-06-09T15:56:49.995-0400 D STORAGE  [conn1] 	 dropIndexes done
2017-06-09T15:56:49.995-0400 D STORAGE  [conn1] looking up metadata for: test.test @ RecordId(317)
2017-06-09T15:56:49.995-0400 D STORAGE  [conn1]  fetched CCE metadata: { md: { ns: "test.test", options: {}, indexes: [] }, idxIdent: {}, ns: "test.test", ident: "collection-0-5355711638870321074" }
2017-06-09T15:56:49.995-0400 D STORAGE  [conn1] returning metadata: md: { ns: "test.test", options: {}, indexes: [] }
2017-06-09T15:56:49.995-0400 D STORAGE  [conn1] looking up metadata for: test.test @ RecordId(317)
2017-06-09T15:56:49.995-0400 D STORAGE  [conn1]  fetched CCE metadata: { md: { ns: "test.test", options: {}, indexes: [] }, idxIdent: {}, ns: "test.test", ident: "collection-0-5355711638870321074" }
2017-06-09T15:56:49.995-0400 D STORAGE  [conn1] returning metadata: md: { ns: "test.test", options: {}, indexes: [] }
2017-06-09T15:56:49.995-0400 D STORAGE  [conn1] looking up metadata for: test.test @ RecordId(317)
2017-06-09T15:56:49.995-0400 D STORAGE  [conn1]  fetched CCE metadata: { md: { ns: "test.test", options: {}, indexes: [] }, idxIdent: {}, ns: "test.test", ident: "collection-0-5355711638870321074" }
2017-06-09T15:56:49.995-0400 D STORAGE  [conn1] returning metadata: md: { ns: "test.test", options: {}, indexes: [] }
2017-06-09T15:56:49.995-0400 D STORAGE  [conn1] looking up metadata for: test.test @ RecordId(317)
2017-06-09T15:56:49.995-0400 D STORAGE  [conn1]  fetched CCE metadata: { md: { ns: "test.test", options: {}, indexes: [] }, idxIdent: {}, ns: "test.test", ident: "collection-0-5355711638870321074" }
2017-06-09T15:56:49.995-0400 D STORAGE  [conn1] returning metadata: md: { ns: "test.test", options: {}, indexes: [] }
2017-06-09T15:56:49.995-0400 D STORAGE  [conn1] deleting metadata for test.test @ RecordId(317)
2017-06-09T15:56:49.995-0400 D STORAGE  [conn1] WT commit_transaction
2017-06-09T15:56:50.014-0400 D STORAGE  [conn1] WT drop of  table:index-1-5355711638870321074 res 0
2017-06-09T15:56:50.039-0400 D STORAGE  [conn1] WT drop of  table:index-6-5355711638870321074 res 0
2017-06-09T15:56:50.072-0400 D STORAGE  [WTJournalFlusher] flushed journal
2017-06-09T15:56:50.072-0400 D STORAGE  [conn1] WT drop of  table:index-7-5355711638870321074 res 0
2017-06-09T15:56:50.072-0400 D STORAGE  [conn1] ~WiredTigerRecordStore for: test.test
2017-06-09T15:56:50.072-0400 D STORAGE  [conn1] WT drop of  table:collection-0-5355711638870321074 res 16
2017-06-09T15:56:50.072-0400 I COMMAND  [conn1] command test.test command: drop { drop: "test" } keyUpdates:0 writeConflicts:0 numYields:0 reslen:57 locks:{ Global: { acquireCount: { r: 1, w: 1 } }, Database: { acquireCount: { W: 1 } } } protocol:op_command 78ms
2017-06-09T15:56:50.074-0400 D COMMAND  [conn1] run command test.$cmd { insert: "test", documents: [ { _id: ObjectId('593afd822b08c95cd71e81ed'), name: "AA", age: 10.0, gender: "m", group: "A", ratings: [ 2.0, 3.0, 4.0 ] } ], ordered: true }
2017-06-09T15:56:50.075-0400 D STORAGE  [conn1] WT begin_transaction
2017-06-09T15:56:50.075-0400 D STORAGE  [conn1] stored meta data for test.test @ RecordId(320)
2017-06-09T15:56:50.075-0400 D STORAGE  [conn1] WiredTigerKVEngine::createRecordStore uri: table:collection-0-5926235566052078393 config: type=file,memory_page_max=10m,split_pct=90,leaf_value_max=64MB,checksum=on,block_compressor=snappy,,key_format=q,value_format=u,app_metadata=(formatVersion=1)
2017-06-09T15:56:50.131-0400 D STORAGE  [conn1] WiredTigerUtil::checkApplicationMetadataFormatVersion  uri: table:collection-0-5926235566052078393 ok range 1 -> 1 current: 1
2017-06-09T15:56:50.132-0400 D STORAGE  [conn1] looking up metadata for: test.test @ RecordId(320)
2017-06-09T15:56:50.132-0400 D STORAGE  [conn1]  fetched CCE metadata: { ns: "test.test", ident: "collection-0-5926235566052078393", md: { ns: "test.test", options: {}, indexes: [] } }
2017-06-09T15:56:50.132-0400 D STORAGE  [conn1] returning metadata: md: { ns: "test.test", options: {}, indexes: [] }
2017-06-09T15:56:50.132-0400 D STORAGE  [conn1] looking up metadata for: test.test @ RecordId(320)
2017-06-09T15:56:50.132-0400 D STORAGE  [conn1]  fetched CCE metadata: { ns: "test.test", ident: "collection-0-5926235566052078393", md: { ns: "test.test", options: {}, indexes: [] } }
2017-06-09T15:56:50.132-0400 D STORAGE  [conn1] returning metadata: md: { ns: "test.test", options: {}, indexes: [] }
2017-06-09T15:56:50.132-0400 D STORAGE  [conn1] looking up metadata for: test.test @ RecordId(320)
2017-06-09T15:56:50.132-0400 D STORAGE  [conn1]  fetched CCE metadata: { ns: "test.test", ident: "collection-0-5926235566052078393", md: { ns: "test.test", options: {}, indexes: [] } }
2017-06-09T15:56:50.132-0400 D STORAGE  [conn1] returning metadata: md: { ns: "test.test", options: {}, indexes: [] }
2017-06-09T15:56:50.132-0400 D STORAGE  [conn1] looking up metadata for: test.test @ RecordId(320)
2017-06-09T15:56:50.132-0400 D STORAGE  [conn1]  fetched CCE metadata: { ns: "test.test", ident: "collection-0-5926235566052078393", md: { ns: "test.test", options: {}, indexes: [] } }
2017-06-09T15:56:50.132-0400 D STORAGE  [conn1] returning metadata: md: { ns: "test.test", options: {}, indexes: [] }
2017-06-09T15:56:50.132-0400 D STORAGE  [conn1] test.test: clearing plan cache - collection info cache reset
2017-06-09T15:56:50.132-0400 D STORAGE  [conn1] looking up metadata for: test.test @ RecordId(320)
2017-06-09T15:56:50.132-0400 D STORAGE  [conn1]  fetched CCE metadata: { ns: "test.test", ident: "collection-0-5926235566052078393", md: { ns: "test.test", options: {}, indexes: [] } }
2017-06-09T15:56:50.132-0400 D STORAGE  [conn1] returning metadata: md: { ns: "test.test", options: {}, indexes: [] }
2017-06-09T15:56:50.132-0400 D STORAGE  [conn1] looking up metadata for: test.test @ RecordId(320)
2017-06-09T15:56:50.132-0400 D STORAGE  [conn1] recording new metadata: { md: { ns: "test.test", options: {}, indexes: [ { spec: { v: 1, key: { _id: 1 }, name: "_id_", ns: "test.test" }, ready: false, multikey: false, head: 0 } ] }, idxIdent: { _id_: "index-1-5926235566052078393" }, ns: "test.test", ident: "collection-0-5926235566052078393" }
2017-06-09T15:56:50.132-0400 D STORAGE  [conn1] looking up metadata for: test.test @ RecordId(320)
2017-06-09T15:56:50.132-0400 D STORAGE  [conn1] looking up metadata for: test.test @ RecordId(320)
2017-06-09T15:56:50.132-0400 D STORAGE  [conn1]  fetched CCE metadata: { md: { ns: "test.test", options: {}, indexes: [ { spec: { v: 1, key: { _id: 1 }, name: "_id_", ns: "test.test" }, ready: false, multikey: false, head: 0 } ] }, idxIdent: { _id_: "index-1-5926235566052078393" }, ns: "test.test", ident: "collection-0-5926235566052078393" }
2017-06-09T15:56:50.132-0400 D STORAGE  [conn1] returning metadata: md: { ns: "test.test", options: {}, indexes: [ { spec: { v: 1, key: { _id: 1 }, name: "_id_", ns: "test.test" }, ready: false, multikey: false, head: 0 } ] }
2017-06-09T15:56:50.132-0400 D STORAGE  [conn1] index create string: type=file,internal_page_max=16k,leaf_page_max=16k,checksum=on,prefix_compression=true,block_compressor=,,,,key_format=u,value_format=u,app_metadata=(formatVersion=6,infoObj={ "v" : 1, "key" : { "_id" : 1 }, "name" : "_id_", "ns" : "test.test" }),
2017-06-09T15:56:50.132-0400 D STORAGE  [conn1] WiredTigerKVEngine::createSortedDataInterface ident: index-1-5926235566052078393 config: type=file,internal_page_max=16k,leaf_page_max=16k,checksum=on,prefix_compression=true,block_compressor=,,,,key_format=u,value_format=u,app_metadata=(formatVersion=6,infoObj={ "v" : 1, "key" : { "_id" : 1 }, "name" : "_id_", "ns" : "test.test" }),
2017-06-09T15:56:50.132-0400 D STORAGE  [conn1] create uri: table:index-1-5926235566052078393 config: type=file,internal_page_max=16k,leaf_page_max=16k,checksum=on,prefix_compression=true,block_compressor=,,,,key_format=u,value_format=u,app_metadata=(formatVersion=6,infoObj={ "v" : 1, "key" : { "_id" : 1 }, "name" : "_id_", "ns" : "test.test" }),
2017-06-09T15:56:50.197-0400 D STORAGE  [conn1] looking up metadata for: test.test @ RecordId(320)
2017-06-09T15:56:50.197-0400 D STORAGE  [WTJournalFlusher] flushed journal
2017-06-09T15:56:50.198-0400 D STORAGE  [conn1] WiredTigerUtil::checkApplicationMetadataFormatVersion  uri: table:index-1-5926235566052078393 ok range 6 -> 6 current: 6
2017-06-09T15:56:50.198-0400 D STORAGE  [conn1] looking up metadata for: test.test @ RecordId(320)
2017-06-09T15:56:50.198-0400 D STORAGE  [conn1]  fetched CCE metadata: { md: { ns: "test.test", options: {}, indexes: [ { spec: { v: 1, key: { _id: 1 }, name: "_id_", ns: "test.test" }, ready: false, multikey: false, head: 0 } ] }, idxIdent: { _id_: "index-1-5926235566052078393" }, ns: "test.test", ident: "collection-0-5926235566052078393" }
2017-06-09T15:56:50.198-0400 D STORAGE  [conn1] returning metadata: md: { ns: "test.test", options: {}, indexes: [ { spec: { v: 1, key: { _id: 1 }, name: "_id_", ns: "test.test" }, ready: false, multikey: false, head: 0 } ] }
2017-06-09T15:56:50.198-0400 D STORAGE  [conn1] looking up metadata for: test.test @ RecordId(320)
2017-06-09T15:56:50.198-0400 D STORAGE  [conn1]  fetched CCE metadata: { md: { ns: "test.test", options: {}, indexes: [ { spec: { v: 1, key: { _id: 1 }, name: "_id_", ns: "test.test" }, ready: false, multikey: false, head: 0 } ] }, idxIdent: { _id_: "index-1-5926235566052078393" }, ns: "test.test", ident: "collection-0-5926235566052078393" }
2017-06-09T15:56:50.198-0400 D STORAGE  [conn1] returning metadata: md: { ns: "test.test", options: {}, indexes: [ { spec: { v: 1, key: { _id: 1 }, name: "_id_", ns: "test.test" }, ready: false, multikey: false, head: 0 } ] }
2017-06-09T15:56:50.198-0400 D STORAGE  [conn1] looking up metadata for: test.test @ RecordId(320)
2017-06-09T15:56:50.198-0400 D STORAGE  [conn1]  fetched CCE metadata: { md: { ns: "test.test", options: {}, indexes: [ { spec: { v: 1, key: { _id: 1 }, name: "_id_", ns: "test.test" }, ready: false, multikey: false, head: 0 } ] }, idxIdent: { _id_: "index-1-5926235566052078393" }, ns: "test.test", ident: "collection-0-5926235566052078393" }
2017-06-09T15:56:50.198-0400 D STORAGE  [conn1] returning metadata: md: { ns: "test.test", options: {}, indexes: [ { spec: { v: 1, key: { _id: 1 }, name: "_id_", ns: "test.test" }, ready: false, multikey: false, head: 0 } ] }
2017-06-09T15:56:50.198-0400 D STORAGE  [conn1] test.test: clearing plan cache - collection info cache reset
2017-06-09T15:56:50.198-0400 D STORAGE  [conn1] looking up metadata for: test.test @ RecordId(320)
2017-06-09T15:56:50.198-0400 D STORAGE  [conn1]  fetched CCE metadata: { md: { ns: "test.test", options: {}, indexes: [ { spec: { v: 1, key: { _id: 1 }, name: "_id_", ns: "test.test" }, ready: false, multikey: false, head: 0 } ] }, idxIdent: { _id_: "index-1-5926235566052078393" }, ns: "test.test", ident: "collection-0-5926235566052078393" }
2017-06-09T15:56:50.198-0400 D STORAGE  [conn1] returning metadata: md: { ns: "test.test", options: {}, indexes: [ { spec: { v: 1, key: { _id: 1 }, name: "_id_", ns: "test.test" }, ready: false, multikey: false, head: 0 } ] }
2017-06-09T15:56:50.198-0400 D STORAGE  [conn1] looking up metadata for: test.test @ RecordId(320)
2017-06-09T15:56:50.198-0400 D STORAGE  [conn1] recording new metadata: { md: { ns: "test.test", options: {}, indexes: [ { spec: { v: 1, key: { _id: 1 }, name: "_id_", ns: "test.test" }, ready: true, multikey: false, head: 0 } ] }, idxIdent: { _id_: "index-1-5926235566052078393" }, ns: "test.test", ident: "collection-0-5926235566052078393" }
2017-06-09T15:56:50.198-0400 D STORAGE  [conn1] looking up metadata for: test.test @ RecordId(320)
2017-06-09T15:56:50.198-0400 D STORAGE  [conn1]  fetched CCE metadata: { md: { ns: "test.test", options: {}, indexes: [ { spec: { v: 1, key: { _id: 1 }, name: "_id_", ns: "test.test" }, ready: true, multikey: false, head: 0 } ] }, idxIdent: { _id_: "index-1-5926235566052078393" }, ns: "test.test", ident: "collection-0-5926235566052078393" }
2017-06-09T15:56:50.198-0400 D STORAGE  [conn1] returning metadata: md: { ns: "test.test", options: {}, indexes: [ { spec: { v: 1, key: { _id: 1 }, name: "_id_", ns: "test.test" }, ready: true, multikey: false, head: 0 } ] }
2017-06-09T15:56:50.198-0400 D STORAGE  [conn1] WT commit_transaction
2017-06-09T15:56:50.198-0400 D STORAGE  [conn1] WT begin_transaction
2017-06-09T15:56:50.198-0400 D STORAGE  [conn1] WT commit_transaction
2017-06-09T15:56:50.199-0400 I COMMAND  [conn1] command test.test command: insert { insert: "test", documents: [ { _id: ObjectId('593afd822b08c95cd71e81ed'), name: "AA", age: 10.0, gender: "m", group: "A", ratings: [ 2.0, 3.0, 4.0 ] } ], ordered: true } ninserted:1 keyUpdates:0 writeConflicts:0 numYields:0 reslen:25 locks:{ Global: { acquireCount: { r: 2, w: 2 } }, Database: { acquireCount: { w: 1, W: 1 } }, Collection: { acquireCount: { w: 1, W: 1 } } } protocol:op_command 124ms
2017-06-09T15:56:50.200-0400 D COMMAND  [conn1] run command test.$cmd { insert: "test", documents: [ { _id: ObjectId('593afd822b08c95cd71e81ee'), name: "AA", age: 5.0, gender: "f", group: "A", ratings: [ 2.0, 3.0, 4.0 ] } ], ordered: true }
2017-06-09T15:56:50.200-0400 D STORAGE  [conn1] WT begin_transaction
2017-06-09T15:56:50.200-0400 D STORAGE  [conn1] WT commit_transaction
2017-06-09T15:56:50.200-0400 I COMMAND  [conn1] command test.test command: insert { insert: "test", documents: [ { _id: ObjectId('593afd822b08c95cd71e81ee'), name: "AA", age: 5.0, gender: "f", group: "A", ratings: [ 2.0, 3.0, 4.0 ] } ], ordered: true } ninserted:1 keyUpdates:0 writeConflicts:0 numYields:0 reslen:25 locks:{ Global: { acquireCount: { r: 1, w: 1 } }, Database: { acquireCount: { w: 1 } }, Collection: { acquireCount: { w: 1 } } } protocol:op_command 0ms
2017-06-09T15:56:50.201-0400 D COMMAND  [conn1] run command test.$cmd { insert: "test", documents: [ { _id: ObjectId('593afd822b08c95cd71e81ef'), name: "AM", age: 7.0, gender: "m", group: "A", ratings: [ 2.0, 3.0, 4.0 ] } ], ordered: true }
2017-06-09T15:56:50.201-0400 D STORAGE  [conn1] WT begin_transaction
2017-06-09T15:56:50.201-0400 D STORAGE  [conn1] WT commit_transaction
2017-06-09T15:56:50.201-0400 I COMMAND  [conn1] command test.test command: insert { insert: "test", documents: [ { _id: ObjectId('593afd822b08c95cd71e81ef'), name: "AM", age: 7.0, gender: "m", group: "A", ratings: [ 2.0, 3.0, 4.0 ] } ], ordered: true } ninserted:1 keyUpdates:0 writeConflicts:0 numYields:0 reslen:25 locks:{ Global: { acquireCount: { r: 1, w: 1 } }, Database: { acquireCount: { w: 1 } }, Collection: { acquireCount: { w: 1 } } } protocol:op_command 0ms
2017-06-09T15:56:50.203-0400 D COMMAND  [conn1] run command test.$cmd { insert: "test", documents: [ { _id: ObjectId('593afd822b08c95cd71e81f0'), name: "AM", age: 10.0, gender: "f", group: "A", ratings: [ 2.0, 3.0, 4.0 ] } ], ordered: true }
2017-06-09T15:56:50.203-0400 D STORAGE  [conn1] WT begin_transaction
2017-06-09T15:56:50.203-0400 D STORAGE  [conn1] WT commit_transaction
2017-06-09T15:56:50.203-0400 I COMMAND  [conn1] command test.test command: insert { insert: "test", documents: [ { _id: ObjectId('593afd822b08c95cd71e81f0'), name: "AM", age: 10.0, gender: "f", group: "A", ratings: [ 2.0, 3.0, 4.0 ] } ], ordered: true } ninserted:1 keyUpdates:0 writeConflicts:0 numYields:0 reslen:25 locks:{ Global: { acquireCount: { r: 1, w: 1 } }, Database: { acquireCount: { w: 1 } }, Collection: { acquireCount: { w: 1 } } } protocol:op_command 0ms
2017-06-09T15:56:50.204-0400 D COMMAND  [conn1] run command test.$cmd { insert: "test", documents: [ { _id: ObjectId('593afd822b08c95cd71e81f1'), name: "BB", age: 20.0, gender: "m", group: "B", ratings: [ 1.0, 2.0, 3.0, 4.0 ] } ], ordered: true }
2017-06-09T15:56:50.204-0400 D STORAGE  [conn1] WT begin_transaction
2017-06-09T15:56:50.204-0400 D STORAGE  [conn1] WT commit_transaction
2017-06-09T15:56:50.205-0400 I COMMAND  [conn1] command test.test command: insert { insert: "test", documents: [ { _id: ObjectId('593afd822b08c95cd71e81f1'), name: "BB", age: 20.0, gender: "m", group: "B", ratings: [ 1.0, 2.0, 3.0, 4.0 ] } ], ordered: true } ninserted:1 keyUpdates:0 writeConflicts:0 numYields:0 reslen:25 locks:{ Global: { acquireCount: { r: 1, w: 1 } }, Database: { acquireCount: { w: 1 } }, Collection: { acquireCount: { w: 1 } } } protocol:op_command 0ms
2017-06-09T15:56:50.206-0400 D COMMAND  [conn1] run command test.$cmd { insert: "test", documents: [ { _id: ObjectId('593afd822b08c95cd71e81f2'), name: "CC", age: 30.0, gender: "m", group: "C", ratings: [ 4.0, 6.0, 8.0 ] } ], ordered: true }
2017-06-09T15:56:50.206-0400 D STORAGE  [conn1] WT begin_transaction
2017-06-09T15:56:50.206-0400 D STORAGE  [conn1] WT commit_transaction
2017-06-09T15:56:50.206-0400 I COMMAND  [conn1] command test.test command: insert { insert: "test", documents: [ { _id: ObjectId('593afd822b08c95cd71e81f2'), name: "CC", age: 30.0, gender: "m", group: "C", ratings: [ 4.0, 6.0, 8.0 ] } ], ordered: true } ninserted:1 keyUpdates:0 writeConflicts:0 numYields:0 reslen:25 locks:{ Global: { acquireCount: { r: 1, w: 1 } }, Database: { acquireCount: { w: 1 } }, Collection: { acquireCount: { w: 1 } } } protocol:op_command 0ms
2017-06-09T15:56:50.207-0400 D COMMAND  [conn1] run command test.$cmd { insert: "test", documents: [ { _id: ObjectId('593afd822b08c95cd71e81f3'), name: "DD", age: 40.0, gender: "m", group: "D", ratings: [ 2.0, 3.0, 4.0 ] } ], ordered: true }
2017-06-09T15:56:50.207-0400 D STORAGE  [conn1] WT begin_transaction
2017-06-09T15:56:50.207-0400 D STORAGE  [conn1] WT commit_transaction
2017-06-09T15:56:50.207-0400 I COMMAND  [conn1] command test.test command: insert { insert: "test", documents: [ { _id: ObjectId('593afd822b08c95cd71e81f3'), name: "DD", age: 40.0, gender: "m", group: "D", ratings: [ 2.0, 3.0, 4.0 ] } ], ordered: true } ninserted:1 keyUpdates:0 writeConflicts:0 numYields:0 reslen:25 locks:{ Global: { acquireCount: { r: 1, w: 1 } }, Database: { acquireCount: { w: 1 } }, Collection: { acquireCount: { w: 1 } } } protocol:op_command 0ms
2017-06-09T15:56:50.208-0400 D COMMAND  [conn1] run command test.$cmd { distinct: "test", key: "group", query: {} }
2017-06-09T15:56:50.208-0400 D QUERY    [conn1] Only one plan is available; it will be run but will not be cached. query: {} sort: {} projection: {}, planSummary: COLLSCAN
2017-06-09T15:56:50.208-0400 D STORAGE  [conn1] WT begin_transaction
2017-06-09T15:56:50.208-0400 D STORAGE  [conn1] WT rollback_transaction
2017-06-09T15:56:50.208-0400 I COMMAND  [conn1] command test.test command: distinct { distinct: "test", key: "group", query: {} } keyUpdates:0 writeConflicts:0 numYields:0 reslen:181 locks:{ Global: { acquireCount: { r: 2 } }, Database: { acquireCount: { r: 1 } }, Collection: { acquireCount: { r: 1 } } } protocol:op_command 0ms
2017-06-09T15:56:50.208-0400 D COMMAND  [conn1] run command test.$cmd { count: "test", query: { group: "A" }, fields: {} }
2017-06-09T15:56:50.209-0400 D QUERY    [conn1] Only one plan is available; it will be run but will not be cached. query: { group: "A" } sort: {} projection: {}, planSummary: COLLSCAN
2017-06-09T15:56:50.209-0400 D STORAGE  [conn1] WT begin_transaction
2017-06-09T15:56:50.209-0400 D STORAGE  [conn1] WT rollback_transaction
2017-06-09T15:56:50.209-0400 I COMMAND  [conn1] command test.test command: count { count: "test", query: { group: "A" }, fields: {} } planSummary: COLLSCAN keyUpdates:0 writeConflicts:0 numYields:0 reslen:47 locks:{ Global: { acquireCount: { r: 2 } }, Database: { acquireCount: { r: 1 } }, Collection: { acquireCount: { r: 1 } } } protocol:op_command 0ms
2017-06-09T15:56:50.209-0400 D COMMAND  [conn1] run command test.$cmd { aggregate: "test", pipeline: [ { $group: { _id: "$name", total: { $sum: "$age" } } } ], cursor: {} }
2017-06-09T15:56:50.210-0400 D QUERY    [conn1] Only one plan is available; it will be run but will not be cached. query: {} sort: {} projection: {}, planSummary: COLLSCAN
2017-06-09T15:56:50.210-0400 D STORAGE  [conn1] WT begin_transaction
2017-06-09T15:56:50.210-0400 D STORAGE  [conn1] WT rollback_transaction
2017-06-09T15:56:50.210-0400 I COMMAND  [conn1] command test.test command: aggregate { aggregate: "test", pipeline: [ { $group: { _id: "$name", total: { $sum: "$age" } } } ], cursor: {} } keyUpdates:0 writeConflicts:0 numYields:0 reslen:275 locks:{ Global: { acquireCount: { r: 6 } }, Database: { acquireCount: { r: 3 } }, Collection: { acquireCount: { r: 3 } } } protocol:op_command 0ms
2017-06-09T15:56:50.212-0400 D COMMAND  [conn1] run command test.$cmd { aggregate: "test", pipeline: [ { $match: { gender: "m" } }, { $group: { _id: "$name", total: { $sum: "$age" } } } ], cursor: {} }
2017-06-09T15:56:50.212-0400 D QUERY    [conn1] Only one plan is available; it will be run but will not be cached. query: { gender: "m" } sort: {} projection: {}, planSummary: COLLSCAN
2017-06-09T15:56:50.212-0400 D STORAGE  [conn1] WT begin_transaction
2017-06-09T15:56:50.212-0400 D STORAGE  [conn1] WT rollback_transaction
2017-06-09T15:56:50.212-0400 I COMMAND  [conn1] command test.test command: aggregate { aggregate: "test", pipeline: [ { $match: { gender: "m" } }, { $group: { _id: "$name", total: { $sum: "$age" } } } ], cursor: {} } keyUpdates:0 writeConflicts:0 numYields:0 reslen:275 locks:{ Global: { acquireCount: { r: 6 } }, Database: { acquireCount: { r: 3 } }, Collection: { acquireCount: { r: 3 } } } protocol:op_command 0ms
2017-06-09T15:56:50.213-0400 D COMMAND  [conn1] run command test.$cmd { aggregate: "test", pipeline: [ { $unwind: "$ratings" } ], cursor: {} }
2017-06-09T15:56:50.213-0400 D QUERY    [conn1] Only one plan is available; it will be run but will not be cached. query: {} sort: {} projection: {}, planSummary: COLLSCAN
2017-06-09T15:56:50.213-0400 D STORAGE  [conn1] WT begin_transaction
2017-06-09T15:56:50.213-0400 D STORAGE  [conn1] WT rollback_transaction
2017-06-09T15:56:50.213-0400 I COMMAND  [conn1] command test.test command: aggregate { aggregate: "test", pipeline: [ { $unwind: "$ratings" } ], cursor: {} } keyUpdates:0 writeConflicts:0 numYields:0 reslen:2202 locks:{ Global: { acquireCount: { r: 6 } }, Database: { acquireCount: { r: 3 } }, Collection: { acquireCount: { r: 3 } } } protocol:op_command 0ms
2017-06-09T15:56:50.214-0400 D COMMAND  [conn1] run command test.$cmd { aggregate: "test", pipeline: [ { $project: { name: 1.0, ratings: 2.0 } } ], cursor: {} }
2017-06-09T15:56:50.214-0400 D QUERY    [conn1] Only one plan is available; it will be run but will not be cached. query: {} sort: {} projection: {}, planSummary: COLLSCAN
2017-06-09T15:56:50.214-0400 D STORAGE  [conn1] WT begin_transaction
2017-06-09T15:56:50.214-0400 D STORAGE  [conn1] WT rollback_transaction
2017-06-09T15:56:50.214-0400 I COMMAND  [conn1] command test.test command: aggregate { aggregate: "test", pipeline: [ { $project: { name: 1.0, ratings: 2.0 } } ], cursor: {} } keyUpdates:0 writeConflicts:0 numYields:0 reslen:706 locks:{ Global: { acquireCount: { r: 6 } }, Database: { acquireCount: { r: 3 } }, Collection: { acquireCount: { r: 3 } } } protocol:op_command 0ms
2017-06-09T15:56:50.216-0400 D COMMAND  [conn1] run command test.$cmd { aggregate: "test", pipeline: [ { $limit: 2.0 } ], cursor: {} }
2017-06-09T15:56:50.217-0400 D QUERY    [conn1] Only one plan is available; it will be run but will not be cached. query: {} sort: {} projection: {}, planSummary: COLLSCAN
2017-06-09T15:56:50.217-0400 D STORAGE  [conn1] WT begin_transaction
2017-06-09T15:56:50.217-0400 D STORAGE  [conn1] WT rollback_transaction
2017-06-09T15:56:50.217-0400 I COMMAND  [conn1] command test.test command: aggregate { aggregate: "test", pipeline: [ { $limit: 2.0 } ], cursor: {} } keyUpdates:0 writeConflicts:0 numYields:0 reslen:350 locks:{ Global: { acquireCount: { r: 6 } }, Database: { acquireCount: { r: 3 } }, Collection: { acquireCount: { r: 3 } } } protocol:op_command 0ms
2017-06-09T15:56:50.217-0400 D COMMAND  [conn1] run command test.$cmd { aggregate: "test", pipeline: [ { $skip: 2.0 } ], cursor: {} }
2017-06-09T15:56:50.217-0400 D QUERY    [conn1] Only one plan is available; it will be run but will not be cached. query: {} sort: {} projection: {}, planSummary: COLLSCAN
2017-06-09T15:56:50.217-0400 D STORAGE  [conn1] WT begin_transaction
2017-06-09T15:56:50.217-0400 D STORAGE  [conn1] WT rollback_transaction
2017-06-09T15:56:50.217-0400 I COMMAND  [conn1] command test.test command: aggregate { aggregate: "test", pipeline: [ { $skip: 2.0 } ], cursor: {} } keyUpdates:0 writeConflicts:0 numYields:0 reslen:736 locks:{ Global: { acquireCount: { r: 6 } }, Database: { acquireCount: { r: 3 } }, Collection: { acquireCount: { r: 3 } } } protocol:op_command 0ms
2017-06-09T15:56:50.218-0400 D COMMAND  [conn1] run command test.$cmd { aggregate: "test", pipeline: [ { $sort: { age: 1.0 } } ], cursor: {} }
2017-06-09T15:56:50.218-0400 D QUERY    [conn1] Only one plan is available; it will be run but will not be cached. query: {} sort: {} projection: {}, planSummary: COLLSCAN
2017-06-09T15:56:50.218-0400 D STORAGE  [conn1] WT begin_transaction
2017-06-09T15:56:50.218-0400 D STORAGE  [conn1] WT rollback_transaction
2017-06-09T15:56:50.218-0400 I COMMAND  [conn1] command test.test command: aggregate { aggregate: "test", pipeline: [ { $sort: { age: 1.0 } } ], cursor: {} } keyUpdates:0 writeConflicts:0 numYields:0 reslen:986 locks:{ Global: { acquireCount: { r: 6 } }, Database: { acquireCount: { r: 3 } }, Collection: { acquireCount: { r: 3 } } } protocol:op_command 0ms
2017-06-09T15:56:50.220-0400 D COMMAND  [conn1] run command test.$cmd { drop: "test" }
2017-06-09T15:56:50.220-0400 I COMMAND  [conn1] CMD: drop test.test
2017-06-09T15:56:50.220-0400 D STORAGE  [conn1] dropCollection: test.test
2017-06-09T15:56:50.220-0400 D INDEX    [conn1] 	 dropAllIndexes dropping: { v: 1, key: { _id: 1 }, name: "_id_", ns: "test.test" }
2017-06-09T15:56:50.220-0400 D STORAGE  [conn1] looking up metadata for: test.test @ RecordId(320)
2017-06-09T15:56:50.220-0400 D STORAGE  [conn1] WT begin_transaction
2017-06-09T15:56:50.220-0400 D STORAGE  [conn1]  fetched CCE metadata: { md: { ns: "test.test", options: {}, indexes: [ { spec: { v: 1, key: { _id: 1 }, name: "_id_", ns: "test.test" }, ready: true, multikey: false, head: 0 } ] }, idxIdent: { _id_: "index-1-5926235566052078393" }, ns: "test.test", ident: "collection-0-5926235566052078393" }
2017-06-09T15:56:50.220-0400 D STORAGE  [conn1] returning metadata: md: { ns: "test.test", options: {}, indexes: [ { spec: { v: 1, key: { _id: 1 }, name: "_id_", ns: "test.test" }, ready: true, multikey: false, head: 0 } ] }
2017-06-09T15:56:50.220-0400 D STORAGE  [conn1] looking up metadata for: test.test @ RecordId(320)
2017-06-09T15:56:50.220-0400 D STORAGE  [conn1] looking up metadata for: test.test @ RecordId(320)
2017-06-09T15:56:50.220-0400 D STORAGE  [conn1] recording new metadata: { md: { ns: "test.test", options: {}, indexes: [] }, idxIdent: {}, ns: "test.test", ident: "collection-0-5926235566052078393" }
2017-06-09T15:56:50.220-0400 D STORAGE  [conn1] test.test: clearing plan cache - collection info cache reset
2017-06-09T15:56:50.220-0400 D STORAGE  [conn1] looking up metadata for: test.test @ RecordId(320)
2017-06-09T15:56:50.220-0400 D STORAGE  [conn1]  fetched CCE metadata: { md: { ns: "test.test", options: {}, indexes: [] }, idxIdent: {}, ns: "test.test", ident: "collection-0-5926235566052078393" }
2017-06-09T15:56:50.220-0400 D STORAGE  [conn1] returning metadata: md: { ns: "test.test", options: {}, indexes: [] }
2017-06-09T15:56:50.220-0400 D STORAGE  [conn1] looking up metadata for: test.test @ RecordId(320)
2017-06-09T15:56:50.220-0400 D STORAGE  [conn1]  fetched CCE metadata: { md: { ns: "test.test", options: {}, indexes: [] }, idxIdent: {}, ns: "test.test", ident: "collection-0-5926235566052078393" }
2017-06-09T15:56:50.220-0400 D STORAGE  [conn1] returning metadata: md: { ns: "test.test", options: {}, indexes: [] }
2017-06-09T15:56:50.220-0400 D STORAGE  [conn1] 	 dropIndexes done
2017-06-09T15:56:50.220-0400 D STORAGE  [conn1] looking up metadata for: test.test @ RecordId(320)
2017-06-09T15:56:50.220-0400 D STORAGE  [conn1]  fetched CCE metadata: { md: { ns: "test.test", options: {}, indexes: [] }, idxIdent: {}, ns: "test.test", ident: "collection-0-5926235566052078393" }
2017-06-09T15:56:50.220-0400 D STORAGE  [conn1] returning metadata: md: { ns: "test.test", options: {}, indexes: [] }
2017-06-09T15:56:50.220-0400 D STORAGE  [conn1] looking up metadata for: test.test @ RecordId(320)
2017-06-09T15:56:50.220-0400 D STORAGE  [conn1]  fetched CCE metadata: { md: { ns: "test.test", options: {}, indexes: [] }, idxIdent: {}, ns: "test.test", ident: "collection-0-5926235566052078393" }
2017-06-09T15:56:50.220-0400 D STORAGE  [conn1] returning metadata: md: { ns: "test.test", options: {}, indexes: [] }
2017-06-09T15:56:50.220-0400 D STORAGE  [conn1] looking up metadata for: test.test @ RecordId(320)
2017-06-09T15:56:50.220-0400 D STORAGE  [conn1]  fetched CCE metadata: { md: { ns: "test.test", options: {}, indexes: [] }, idxIdent: {}, ns: "test.test", ident: "collection-0-5926235566052078393" }
2017-06-09T15:56:50.220-0400 D STORAGE  [conn1] returning metadata: md: { ns: "test.test", options: {}, indexes: [] }
2017-06-09T15:56:50.220-0400 D STORAGE  [conn1] looking up metadata for: test.test @ RecordId(320)
2017-06-09T15:56:50.220-0400 D STORAGE  [conn1]  fetched CCE metadata: { md: { ns: "test.test", options: {}, indexes: [] }, idxIdent: {}, ns: "test.test", ident: "collection-0-5926235566052078393" }
2017-06-09T15:56:50.220-0400 D STORAGE  [conn1] returning metadata: md: { ns: "test.test", options: {}, indexes: [] }
2017-06-09T15:56:50.220-0400 D STORAGE  [conn1] deleting metadata for test.test @ RecordId(320)
2017-06-09T15:56:50.220-0400 D STORAGE  [conn1] WT commit_transaction
2017-06-09T15:56:50.221-0400 D STORAGE  [conn1] WT drop of  table:index-1-5926235566052078393 res 16
2017-06-09T15:56:50.221-0400 D STORAGE  [conn1] ~WiredTigerRecordStore for: test.test
2017-06-09T15:56:50.221-0400 D STORAGE  [conn1] WT drop of  table:collection-0-5926235566052078393 res 16
2017-06-09T15:56:50.221-0400 I COMMAND  [conn1] command test.test command: drop { drop: "test" } keyUpdates:0 writeConflicts:0 numYields:0 reslen:57 locks:{ Global: { acquireCount: { r: 1, w: 1 } }, Database: { acquireCount: { W: 1 } } } protocol:op_command 0ms
2017-06-09T15:56:50.223-0400 D NETWORK  [conn1] Socket recv() conn closed? 127.0.0.1:55712
2017-06-09T15:56:50.223-0400 D NETWORK  [conn1] SocketException: remote: 127.0.0.1:55712 error: 9001 socket exception [CLOSED] server [127.0.0.1:55712] 
2017-06-09T15:56:50.223-0400 I NETWORK  [conn1] end connection 127.0.0.1:55712 (0 connections now open)
2017-06-09T15:56:50.322-0400 D STORAGE  [WTJournalFlusher] flushed journal
2017-06-09T15:56:50.322-0400 D STORAGE  [WTJournalFlusher] WT Queue is: 3 attempting to drop: 10 tables
2017-06-09T15:56:50.347-0400 D STORAGE  [WTJournalFlusher] WT queued drop of  table:collection-0-5355711638870321074 res 0
2017-06-09T15:56:50.372-0400 D STORAGE  [WTJournalFlusher] WT queued drop of  table:index-1-5926235566052078393 res 0
2017-06-09T15:56:50.397-0400 D STORAGE  [WTJournalFlusher] WT queued drop of  table:collection-0-5926235566052078393 res 0
2017-06-09T15:56:50.498-0400 D STORAGE  [WTJournalFlusher] flushed journal
2017-06-09T15:56:50.598-0400 D STORAGE  [WTJournalFlusher] flushed journal
2017-06-09T15:56:50.698-0400 D STORAGE  [WTJournalFlusher] flushed journal
2017-06-09T15:56:50.798-0400 D STORAGE  [WTJournalFlusher] flushed journal
2017-06-09T15:56:50.898-0400 D STORAGE  [WTJournalFlusher] flushed journal
2017-06-09T15:56:50.999-0400 D STORAGE  [WTJournalFlusher] flushed journal
2017-06-09T15:56:51.001-0400 D FTDC     [ftdc] full-time diagnostic data capture schema change: field name change - from 'R' to 'w'
2017-06-09T15:56:51.099-0400 D STORAGE  [WTJournalFlusher] flushed journal
2017-06-09T15:56:51.199-0400 D STORAGE  [WTJournalFlusher] flushed journal
2017-06-09T15:56:51.299-0400 D STORAGE  [WTJournalFlusher] flushed journal
2017-06-09T15:56:51.399-0400 D STORAGE  [WTJournalFlusher] flushed journal
2017-06-09T15:56:51.500-0400 D STORAGE  [WTJournalFlusher] flushed journal
