2016-11-09T15:47:09.513+0000 I CONTROL  [initandlisten] MongoDB starting : pid=1694 port=27017 dbpath=/data/db 64-bit host=dbs
2016-11-09T15:47:09.514+0000 I CONTROL  [initandlisten] db version v3.2.10
2016-11-09T15:47:09.514+0000 I CONTROL  [initandlisten] git version: 79d9b3ab5ce20f51c272b4411202710a082d0317
2016-11-09T15:47:09.514+0000 I CONTROL  [initandlisten] OpenSSL version: OpenSSL 1.0.1e-fips 11 Feb 2013
2016-11-09T15:47:09.514+0000 I CONTROL  [initandlisten] allocator: tcmalloc
2016-11-09T15:47:09.514+0000 I CONTROL  [initandlisten] modules: none
2016-11-09T15:47:09.514+0000 I CONTROL  [initandlisten] build environment:
2016-11-09T15:47:09.514+0000 I CONTROL  [initandlisten]     distmod: rhel70
2016-11-09T15:47:09.514+0000 I CONTROL  [initandlisten]     distarch: x86_64
2016-11-09T15:47:09.514+0000 I CONTROL  [initandlisten]     target_arch: x86_64
2016-11-09T15:47:09.514+0000 I CONTROL  [initandlisten] options: { systemLog: { verbosity: 4 } }
2016-11-09T15:47:09.514+0000 D NETWORK  [initandlisten] fd limit hard:4096 soft:1024 max conn: 819
2016-11-09T15:47:09.533+0000 I -        [initandlisten] Detected data files in /data/db created by the 'wiredTiger' storage engine, so setting the active storage engine to 'wiredTiger'.
2016-11-09T15:47:09.533+0000 I STORAGE  [initandlisten] wiredtiger_open config: create,cache_size=3G,session_max=20000,eviction=(threads_max=4),config_base=false,statistics=(fast),log=(enabled=true,archive=true,path=journal,compressor=snappy),file_manager=(close_idle_time=100000),checkpoint=(wait=60,log_size=2GB),statistics_log=(wait=0),
2016-11-09T15:47:10.153+0000 D COMMAND  [WTJournalFlusher] BackgroundJob starting: WTJournalFlusher
2016-11-09T15:47:10.153+0000 D STORAGE  [WTJournalFlusher] starting WTJournalFlusher thread
2016-11-09T15:47:10.154+0000 D STORAGE  [initandlisten] WiredTigerSizeStorer::loadFrom table:_mdb_catalog -> { numRecords: 2, dataSize: 630 }
2016-11-09T15:47:10.154+0000 D STORAGE  [initandlisten] WiredTigerSizeStorer::loadFrom table:collection-0--773859288544310536 -> { numRecords: 13, dataSize: 17325 }
2016-11-09T15:47:10.154+0000 D STORAGE  [initandlisten] WiredTigerSizeStorer::loadFrom table:collection-0-2405447531245327190 -> { numRecords: 1000, dataSize: 1167877 }
2016-11-09T15:47:10.154+0000 D STORAGE  [WTJournalFlusher] flushed journal
2016-11-09T15:47:10.154+0000 D STORAGE  [initandlisten] WiredTigerKVEngine::createRecordStore uri: table:_mdb_catalog config: type=file,memory_page_max=10m,split_pct=90,leaf_value_max=64MB,checksum=on,block_compressor=snappy,,key_format=q,value_format=u,app_metadata=(formatVersion=1)
2016-11-09T15:47:10.154+0000 D STORAGE  [initandlisten] WT begin_transaction
2016-11-09T15:47:10.155+0000 D STORAGE  [initandlisten] WiredTigerUtil::checkApplicationMetadataFormatVersion  uri: table:_mdb_catalog ok range 1 -> 1 current: 1
2016-11-09T15:47:10.157+0000 D STORAGE  [initandlisten] looking up metadata for: local.startup_log @ RecordId(1)
2016-11-09T15:47:10.157+0000 D STORAGE  [initandlisten]  fetched CCE metadata: { md: { ns: "local.startup_log", options: { capped: true, size: 10485760 }, indexes: [ { spec: { v: 1, key: { _id: 1 }, name: "_id_", ns: "local.startup_log" }, ready: true, multikey: false, head: 0 } ] }, idxIdent: { _id_: "index-1--773859288544310536" }, ns: "local.startup_log", ident: "collection-0--773859288544310536" }
2016-11-09T15:47:10.157+0000 D STORAGE  [initandlisten] returning metadata: md: { ns: "local.startup_log", options: { capped: true, size: 10485760 }, indexes: [ { spec: { v: 1, key: { _id: 1 }, name: "_id_", ns: "local.startup_log" }, ready: true, multikey: false, head: 0 } ] }
2016-11-09T15:47:10.158+0000 D STORAGE  [initandlisten] WiredTigerUtil::checkApplicationMetadataFormatVersion  uri: table:collection-0--773859288544310536 ok range 1 -> 1 current: 1
2016-11-09T15:47:10.158+0000 D STORAGE  [initandlisten] looking up metadata for: ycsb.usertable @ RecordId(2)
2016-11-09T15:47:10.158+0000 D STORAGE  [initandlisten]  fetched CCE metadata: { md: { ns: "ycsb.usertable", options: {}, indexes: [ { spec: { v: 1, key: { _id: 1 }, name: "_id_", ns: "ycsb.usertable" }, ready: true, multikey: false, head: 0 } ] }, idxIdent: { _id_: "index-1-2405447531245327190" }, ns: "ycsb.usertable", ident: "collection-0-2405447531245327190" }
2016-11-09T15:47:10.158+0000 D STORAGE  [initandlisten] returning metadata: md: { ns: "ycsb.usertable", options: {}, indexes: [ { spec: { v: 1, key: { _id: 1 }, name: "_id_", ns: "ycsb.usertable" }, ready: true, multikey: false, head: 0 } ] }
2016-11-09T15:47:10.159+0000 D STORAGE  [initandlisten] WiredTigerUtil::checkApplicationMetadataFormatVersion  uri: table:collection-0-2405447531245327190 ok range 1 -> 1 current: 1
2016-11-09T15:47:10.160+0000 D STORAGE  [initandlisten] WT commit_transaction
2016-11-09T15:47:10.160+0000 D STORAGE  [initandlisten] WT begin_transaction
2016-11-09T15:47:10.166+0000 D STORAGE  [initandlisten] WT rollback_transaction
2016-11-09T15:47:10.219+0000 D STORAGE  [initandlisten] flushing directory /data/db
2016-11-09T15:47:10.219+0000 I CONTROL  [initandlisten] ** WARNING: You are running this process as the root user, which is not recommended.
2016-11-09T15:47:10.219+0000 I CONTROL  [initandlisten] 
2016-11-09T15:47:10.219+0000 I CONTROL  [initandlisten] 
2016-11-09T15:47:10.219+0000 I CONTROL  [initandlisten] ** WARNING: /sys/kernel/mm/transparent_hugepage/enabled is 'always'.
2016-11-09T15:47:10.219+0000 I CONTROL  [initandlisten] **        We suggest setting it to 'never'
2016-11-09T15:47:10.219+0000 I CONTROL  [initandlisten] 
2016-11-09T15:47:10.219+0000 I CONTROL  [initandlisten] ** WARNING: /sys/kernel/mm/transparent_hugepage/defrag is 'always'.
2016-11-09T15:47:10.219+0000 I CONTROL  [initandlisten] **        We suggest setting it to 'never'
2016-11-09T15:47:10.219+0000 I CONTROL  [initandlisten] 
2016-11-09T15:47:10.220+0000 D STORAGE  [initandlisten] enter repairDatabases (to check pdfile version #)
2016-11-09T15:47:10.220+0000 D STORAGE  [initandlisten] looking up metadata for: local.startup_log @ RecordId(1)
2016-11-09T15:47:10.220+0000 D STORAGE  [initandlisten] WT begin_transaction
2016-11-09T15:47:10.220+0000 D STORAGE  [initandlisten]  fetched CCE metadata: { md: { ns: "local.startup_log", options: { capped: true, size: 10485760 }, indexes: [ { spec: { v: 1, key: { _id: 1 }, name: "_id_", ns: "local.startup_log" }, ready: true, multikey: false, head: 0 } ] }, idxIdent: { _id_: "index-1--773859288544310536" }, ns: "local.startup_log", ident: "collection-0--773859288544310536" }
2016-11-09T15:47:10.220+0000 D STORAGE  [initandlisten] returning metadata: md: { ns: "local.startup_log", options: { capped: true, size: 10485760 }, indexes: [ { spec: { v: 1, key: { _id: 1 }, name: "_id_", ns: "local.startup_log" }, ready: true, multikey: false, head: 0 } ] }
2016-11-09T15:47:10.220+0000 D STORAGE  [initandlisten] looking up metadata for: local.startup_log @ RecordId(1)
2016-11-09T15:47:10.220+0000 D STORAGE  [initandlisten]  fetched CCE metadata: { md: { ns: "local.startup_log", options: { capped: true, size: 10485760 }, indexes: [ { spec: { v: 1, key: { _id: 1 }, name: "_id_", ns: "local.startup_log" }, ready: true, multikey: false, head: 0 } ] }, idxIdent: { _id_: "index-1--773859288544310536" }, ns: "local.startup_log", ident: "collection-0--773859288544310536" }
2016-11-09T15:47:10.220+0000 D STORAGE  [initandlisten] returning metadata: md: { ns: "local.startup_log", options: { capped: true, size: 10485760 }, indexes: [ { spec: { v: 1, key: { _id: 1 }, name: "_id_", ns: "local.startup_log" }, ready: true, multikey: false, head: 0 } ] }
2016-11-09T15:47:10.220+0000 D STORAGE  [initandlisten] looking up metadata for: local.startup_log @ RecordId(1)
2016-11-09T15:47:10.220+0000 D STORAGE  [initandlisten]  fetched CCE metadata: { md: { ns: "local.startup_log", options: { capped: true, size: 10485760 }, indexes: [ { spec: { v: 1, key: { _id: 1 }, name: "_id_", ns: "local.startup_log" }, ready: true, multikey: false, head: 0 } ] }, idxIdent: { _id_: "index-1--773859288544310536" }, ns: "local.startup_log", ident: "collection-0--773859288544310536" }
2016-11-09T15:47:10.220+0000 D STORAGE  [initandlisten] returning metadata: md: { ns: "local.startup_log", options: { capped: true, size: 10485760 }, indexes: [ { spec: { v: 1, key: { _id: 1 }, name: "_id_", ns: "local.startup_log" }, ready: true, multikey: false, head: 0 } ] }
2016-11-09T15:47:10.220+0000 D STORAGE  [initandlisten] looking up metadata for: local.startup_log @ RecordId(1)
2016-11-09T15:47:10.220+0000 D STORAGE  [initandlisten]  fetched CCE metadata: { md: { ns: "local.startup_log", options: { capped: true, size: 10485760 }, indexes: [ { spec: { v: 1, key: { _id: 1 }, name: "_id_", ns: "local.startup_log" }, ready: true, multikey: false, head: 0 } ] }, idxIdent: { _id_: "index-1--773859288544310536" }, ns: "local.startup_log", ident: "collection-0--773859288544310536" }
2016-11-09T15:47:10.220+0000 D STORAGE  [initandlisten] returning metadata: md: { ns: "local.startup_log", options: { capped: true, size: 10485760 }, indexes: [ { spec: { v: 1, key: { _id: 1 }, name: "_id_", ns: "local.startup_log" }, ready: true, multikey: false, head: 0 } ] }
2016-11-09T15:47:10.220+0000 D STORAGE  [initandlisten] looking up metadata for: local.startup_log @ RecordId(1)
2016-11-09T15:47:10.220+0000 D STORAGE  [initandlisten]  fetched CCE metadata: { md: { ns: "local.startup_log", options: { capped: true, size: 10485760 }, indexes: [ { spec: { v: 1, key: { _id: 1 }, name: "_id_", ns: "local.startup_log" }, ready: true, multikey: false, head: 0 } ] }, idxIdent: { _id_: "index-1--773859288544310536" }, ns: "local.startup_log", ident: "collection-0--773859288544310536" }
2016-11-09T15:47:10.220+0000 D STORAGE  [initandlisten] returning metadata: md: { ns: "local.startup_log", options: { capped: true, size: 10485760 }, indexes: [ { spec: { v: 1, key: { _id: 1 }, name: "_id_", ns: "local.startup_log" }, ready: true, multikey: false, head: 0 } ] }
2016-11-09T15:47:10.220+0000 D STORAGE  [initandlisten] looking up metadata for: local.startup_log @ RecordId(1)
2016-11-09T15:47:10.220+0000 D STORAGE  [initandlisten]  fetched CCE metadata: { md: { ns: "local.startup_log", options: { capped: true, size: 10485760 }, indexes: [ { spec: { v: 1, key: { _id: 1 }, name: "_id_", ns: "local.startup_log" }, ready: true, multikey: false, head: 0 } ] }, idxIdent: { _id_: "index-1--773859288544310536" }, ns: "local.startup_log", ident: "collection-0--773859288544310536" }
2016-11-09T15:47:10.220+0000 D STORAGE  [initandlisten] returning metadata: md: { ns: "local.startup_log", options: { capped: true, size: 10485760 }, indexes: [ { spec: { v: 1, key: { _id: 1 }, name: "_id_", ns: "local.startup_log" }, ready: true, multikey: false, head: 0 } ] }
2016-11-09T15:47:10.220+0000 D STORAGE  [initandlisten] looking up metadata for: local.startup_log @ RecordId(1)
2016-11-09T15:47:10.221+0000 D STORAGE  [initandlisten] WiredTigerUtil::checkApplicationMetadataFormatVersion  uri: table:index-1--773859288544310536 ok range 6 -> 6 current: 6
2016-11-09T15:47:10.221+0000 D STORAGE  [initandlisten] looking up metadata for: local.startup_log @ RecordId(1)
2016-11-09T15:47:10.221+0000 D STORAGE  [initandlisten]  fetched CCE metadata: { md: { ns: "local.startup_log", options: { capped: true, size: 10485760 }, indexes: [ { spec: { v: 1, key: { _id: 1 }, name: "_id_", ns: "local.startup_log" }, ready: true, multikey: false, head: 0 } ] }, idxIdent: { _id_: "index-1--773859288544310536" }, ns: "local.startup_log", ident: "collection-0--773859288544310536" }
2016-11-09T15:47:10.221+0000 D STORAGE  [initandlisten] returning metadata: md: { ns: "local.startup_log", options: { capped: true, size: 10485760 }, indexes: [ { spec: { v: 1, key: { _id: 1 }, name: "_id_", ns: "local.startup_log" }, ready: true, multikey: false, head: 0 } ] }
2016-11-09T15:47:10.221+0000 D STORAGE  [initandlisten] looking up metadata for: local.startup_log @ RecordId(1)
2016-11-09T15:47:10.221+0000 D STORAGE  [initandlisten]  fetched CCE metadata: { md: { ns: "local.startup_log", options: { capped: true, size: 10485760 }, indexes: [ { spec: { v: 1, key: { _id: 1 }, name: "_id_", ns: "local.startup_log" }, ready: true, multikey: false, head: 0 } ] }, idxIdent: { _id_: "index-1--773859288544310536" }, ns: "local.startup_log", ident: "collection-0--773859288544310536" }
2016-11-09T15:47:10.221+0000 D STORAGE  [initandlisten] returning metadata: md: { ns: "local.startup_log", options: { capped: true, size: 10485760 }, indexes: [ { spec: { v: 1, key: { _id: 1 }, name: "_id_", ns: "local.startup_log" }, ready: true, multikey: false, head: 0 } ] }
2016-11-09T15:47:10.221+0000 D STORAGE  [initandlisten] looking up metadata for: local.startup_log @ RecordId(1)
2016-11-09T15:47:10.221+0000 D STORAGE  [initandlisten]  fetched CCE metadata: { md: { ns: "local.startup_log", options: { capped: true, size: 10485760 }, indexes: [ { spec: { v: 1, key: { _id: 1 }, name: "_id_", ns: "local.startup_log" }, ready: true, multikey: false, head: 0 } ] }, idxIdent: { _id_: "index-1--773859288544310536" }, ns: "local.startup_log", ident: "collection-0--773859288544310536" }
2016-11-09T15:47:10.221+0000 D STORAGE  [initandlisten] returning metadata: md: { ns: "local.startup_log", options: { capped: true, size: 10485760 }, indexes: [ { spec: { v: 1, key: { _id: 1 }, name: "_id_", ns: "local.startup_log" }, ready: true, multikey: false, head: 0 } ] }
2016-11-09T15:47:10.221+0000 D STORAGE  [initandlisten] local.startup_log: clearing plan cache - collection info cache reset
2016-11-09T15:47:10.221+0000 D STORAGE  [initandlisten] Checking node for SERVER-23299 eligibility
2016-11-09T15:47:10.221+0000 D STORAGE  [initandlisten] Checking node for SERVER-23299 applicability - reading startup log
2016-11-09T15:47:10.221+0000 D STORAGE  [initandlisten] Checking node for SERVER-23299 applicability - checking version 3.2.x for x in [0, 4]
2016-11-09T15:47:10.221+0000 D STORAGE  [initandlisten]     Recovering database: local
2016-11-09T15:47:10.221+0000 D STORAGE  [initandlisten] looking up metadata for: local.startup_log @ RecordId(1)
2016-11-09T15:47:10.221+0000 D STORAGE  [initandlisten]  fetched CCE metadata: { md: { ns: "local.startup_log", options: { capped: true, size: 10485760 }, indexes: [ { spec: { v: 1, key: { _id: 1 }, name: "_id_", ns: "local.startup_log" }, ready: true, multikey: false, head: 0 } ] }, idxIdent: { _id_: "index-1--773859288544310536" }, ns: "local.startup_log", ident: "collection-0--773859288544310536" }
2016-11-09T15:47:10.221+0000 D STORAGE  [initandlisten] returning metadata: md: { ns: "local.startup_log", options: { capped: true, size: 10485760 }, indexes: [ { spec: { v: 1, key: { _id: 1 }, name: "_id_", ns: "local.startup_log" }, ready: true, multikey: false, head: 0 } ] }
2016-11-09T15:47:10.221+0000 D STORAGE  [initandlisten]     Recovering database: ycsb
2016-11-09T15:47:10.221+0000 D STORAGE  [initandlisten] looking up metadata for: ycsb.usertable @ RecordId(2)
2016-11-09T15:47:10.221+0000 D STORAGE  [initandlisten]  fetched CCE metadata: { md: { ns: "ycsb.usertable", options: {}, indexes: [ { spec: { v: 1, key: { _id: 1 }, name: "_id_", ns: "ycsb.usertable" }, ready: true, multikey: false, head: 0 } ] }, idxIdent: { _id_: "index-1-2405447531245327190" }, ns: "ycsb.usertable", ident: "collection-0-2405447531245327190" }
2016-11-09T15:47:10.221+0000 D STORAGE  [initandlisten] returning metadata: md: { ns: "ycsb.usertable", options: {}, indexes: [ { spec: { v: 1, key: { _id: 1 }, name: "_id_", ns: "ycsb.usertable" }, ready: true, multikey: false, head: 0 } ] }
2016-11-09T15:47:10.221+0000 D STORAGE  [initandlisten] looking up metadata for: ycsb.usertable @ RecordId(2)
2016-11-09T15:47:10.221+0000 D STORAGE  [initandlisten]  fetched CCE metadata: { md: { ns: "ycsb.usertable", options: {}, indexes: [ { spec: { v: 1, key: { _id: 1 }, name: "_id_", ns: "ycsb.usertable" }, ready: true, multikey: false, head: 0 } ] }, idxIdent: { _id_: "index-1-2405447531245327190" }, ns: "ycsb.usertable", ident: "collection-0-2405447531245327190" }
2016-11-09T15:47:10.221+0000 D STORAGE  [initandlisten] returning metadata: md: { ns: "ycsb.usertable", options: {}, indexes: [ { spec: { v: 1, key: { _id: 1 }, name: "_id_", ns: "ycsb.usertable" }, ready: true, multikey: false, head: 0 } ] }
2016-11-09T15:47:10.221+0000 D STORAGE  [initandlisten] looking up metadata for: ycsb.usertable @ RecordId(2)
2016-11-09T15:47:10.221+0000 D STORAGE  [initandlisten]  fetched CCE metadata: { md: { ns: "ycsb.usertable", options: {}, indexes: [ { spec: { v: 1, key: { _id: 1 }, name: "_id_", ns: "ycsb.usertable" }, ready: true, multikey: false, head: 0 } ] }, idxIdent: { _id_: "index-1-2405447531245327190" }, ns: "ycsb.usertable", ident: "collection-0-2405447531245327190" }
2016-11-09T15:47:10.221+0000 D STORAGE  [initandlisten] returning metadata: md: { ns: "ycsb.usertable", options: {}, indexes: [ { spec: { v: 1, key: { _id: 1 }, name: "_id_", ns: "ycsb.usertable" }, ready: true, multikey: false, head: 0 } ] }
2016-11-09T15:47:10.221+0000 D STORAGE  [initandlisten] looking up metadata for: ycsb.usertable @ RecordId(2)
2016-11-09T15:47:10.221+0000 D STORAGE  [initandlisten]  fetched CCE metadata: { md: { ns: "ycsb.usertable", options: {}, indexes: [ { spec: { v: 1, key: { _id: 1 }, name: "_id_", ns: "ycsb.usertable" }, ready: true, multikey: false, head: 0 } ] }, idxIdent: { _id_: "index-1-2405447531245327190" }, ns: "ycsb.usertable", ident: "collection-0-2405447531245327190" }
2016-11-09T15:47:10.221+0000 D STORAGE  [initandlisten] returning metadata: md: { ns: "ycsb.usertable", options: {}, indexes: [ { spec: { v: 1, key: { _id: 1 }, name: "_id_", ns: "ycsb.usertable" }, ready: true, multikey: false, head: 0 } ] }
2016-11-09T15:47:10.221+0000 D STORAGE  [initandlisten] looking up metadata for: ycsb.usertable @ RecordId(2)
2016-11-09T15:47:10.221+0000 D STORAGE  [initandlisten]  fetched CCE metadata: { md: { ns: "ycsb.usertable", options: {}, indexes: [ { spec: { v: 1, key: { _id: 1 }, name: "_id_", ns: "ycsb.usertable" }, ready: true, multikey: false, head: 0 } ] }, idxIdent: { _id_: "index-1-2405447531245327190" }, ns: "ycsb.usertable", ident: "collection-0-2405447531245327190" }
2016-11-09T15:47:10.221+0000 D STORAGE  [initandlisten] returning metadata: md: { ns: "ycsb.usertable", options: {}, indexes: [ { spec: { v: 1, key: { _id: 1 }, name: "_id_", ns: "ycsb.usertable" }, ready: true, multikey: false, head: 0 } ] }
2016-11-09T15:47:10.221+0000 D STORAGE  [initandlisten] looking up metadata for: ycsb.usertable @ RecordId(2)
2016-11-09T15:47:10.221+0000 D STORAGE  [initandlisten]  fetched CCE metadata: { md: { ns: "ycsb.usertable", options: {}, indexes: [ { spec: { v: 1, key: { _id: 1 }, name: "_id_", ns: "ycsb.usertable" }, ready: true, multikey: false, head: 0 } ] }, idxIdent: { _id_: "index-1-2405447531245327190" }, ns: "ycsb.usertable", ident: "collection-0-2405447531245327190" }
2016-11-09T15:47:10.221+0000 D STORAGE  [initandlisten] returning metadata: md: { ns: "ycsb.usertable", options: {}, indexes: [ { spec: { v: 1, key: { _id: 1 }, name: "_id_", ns: "ycsb.usertable" }, ready: true, multikey: false, head: 0 } ] }
2016-11-09T15:47:10.222+0000 D STORAGE  [initandlisten] looking up metadata for: ycsb.usertable @ RecordId(2)
2016-11-09T15:47:10.222+0000 D STORAGE  [initandlisten] WiredTigerUtil::checkApplicationMetadataFormatVersion  uri: table:index-1-2405447531245327190 ok range 6 -> 6 current: 6
2016-11-09T15:47:10.222+0000 D STORAGE  [initandlisten] looking up metadata for: ycsb.usertable @ RecordId(2)
2016-11-09T15:47:10.222+0000 D STORAGE  [initandlisten]  fetched CCE metadata: { md: { ns: "ycsb.usertable", options: {}, indexes: [ { spec: { v: 1, key: { _id: 1 }, name: "_id_", ns: "ycsb.usertable" }, ready: true, multikey: false, head: 0 } ] }, idxIdent: { _id_: "index-1-2405447531245327190" }, ns: "ycsb.usertable", ident: "collection-0-2405447531245327190" }
2016-11-09T15:47:10.222+0000 D STORAGE  [initandlisten] returning metadata: md: { ns: "ycsb.usertable", options: {}, indexes: [ { spec: { v: 1, key: { _id: 1 }, name: "_id_", ns: "ycsb.usertable" }, ready: true, multikey: false, head: 0 } ] }
2016-11-09T15:47:10.222+0000 D STORAGE  [initandlisten] looking up metadata for: ycsb.usertable @ RecordId(2)
2016-11-09T15:47:10.222+0000 D STORAGE  [initandlisten]  fetched CCE metadata: { md: { ns: "ycsb.usertable", options: {}, indexes: [ { spec: { v: 1, key: { _id: 1 }, name: "_id_", ns: "ycsb.usertable" }, ready: true, multikey: false, head: 0 } ] }, idxIdent: { _id_: "index-1-2405447531245327190" }, ns: "ycsb.usertable", ident: "collection-0-2405447531245327190" }
2016-11-09T15:47:10.222+0000 D STORAGE  [initandlisten] returning metadata: md: { ns: "ycsb.usertable", options: {}, indexes: [ { spec: { v: 1, key: { _id: 1 }, name: "_id_", ns: "ycsb.usertable" }, ready: true, multikey: false, head: 0 } ] }
2016-11-09T15:47:10.222+0000 D STORAGE  [initandlisten] looking up metadata for: ycsb.usertable @ RecordId(2)
2016-11-09T15:47:10.222+0000 D STORAGE  [initandlisten]  fetched CCE metadata: { md: { ns: "ycsb.usertable", options: {}, indexes: [ { spec: { v: 1, key: { _id: 1 }, name: "_id_", ns: "ycsb.usertable" }, ready: true, multikey: false, head: 0 } ] }, idxIdent: { _id_: "index-1-2405447531245327190" }, ns: "ycsb.usertable", ident: "collection-0-2405447531245327190" }
2016-11-09T15:47:10.222+0000 D STORAGE  [initandlisten] returning metadata: md: { ns: "ycsb.usertable", options: {}, indexes: [ { spec: { v: 1, key: { _id: 1 }, name: "_id_", ns: "ycsb.usertable" }, ready: true, multikey: false, head: 0 } ] }
2016-11-09T15:47:10.222+0000 D STORAGE  [initandlisten] ycsb.usertable: clearing plan cache - collection info cache reset
2016-11-09T15:47:10.222+0000 D STORAGE  [initandlisten] looking up metadata for: ycsb.usertable @ RecordId(2)
2016-11-09T15:47:10.222+0000 D STORAGE  [initandlisten]  fetched CCE metadata: { md: { ns: "ycsb.usertable", options: {}, indexes: [ { spec: { v: 1, key: { _id: 1 }, name: "_id_", ns: "ycsb.usertable" }, ready: true, multikey: false, head: 0 } ] }, idxIdent: { _id_: "index-1-2405447531245327190" }, ns: "ycsb.usertable", ident: "collection-0-2405447531245327190" }
2016-11-09T15:47:10.222+0000 D STORAGE  [initandlisten] returning metadata: md: { ns: "ycsb.usertable", options: {}, indexes: [ { spec: { v: 1, key: { _id: 1 }, name: "_id_", ns: "ycsb.usertable" }, ready: true, multikey: false, head: 0 } ] }
2016-11-09T15:47:10.222+0000 D STORAGE  [initandlisten] WT commit_transaction
2016-11-09T15:47:10.222+0000 D STORAGE  [initandlisten] done repairDatabases
2016-11-09T15:47:10.222+0000 D QUERY    [initandlisten] Running query: query: {} sort: {} projection: {}
2016-11-09T15:47:10.222+0000 D QUERY    [initandlisten] Collection admin.system.roles does not exist. Using EOF plan: query: {} sort: {} projection: {}
2016-11-09T15:47:10.222+0000 I COMMAND  [initandlisten] query admin.system.roles planSummary: EOF ntoreturn:0 ntoskip:0 keysExamined:0 docsExamined:0 cursorExhausted:1 keyUpdates:0 writeConflicts:0 numYields:0 nreturned:0 reslen:20 locks:{ Global: { acquireCount: { r: 10, W: 2 } }, Database: { acquireCount: { r: 4 } }, Collection: { acquireCount: { r: 4 } } } 0ms
2016-11-09T15:47:10.223+0000 D INDEX    [initandlisten] IndexRebuilder::checkNS: local.startup_log
2016-11-09T15:47:10.223+0000 D INDEX    [initandlisten] IndexRebuilder::checkNS: ycsb.usertable
2016-11-09T15:47:10.223+0000 D INDEX    [initandlisten] checking complete
2016-11-09T15:47:10.223+0000 D COMMAND  [TTLMonitor] BackgroundJob starting: TTLMonitor
2016-11-09T15:47:10.223+0000 D COMMAND  [ClientCursorMonitor] BackgroundJob starting: ClientCursorMonitor
2016-11-09T15:47:10.223+0000 I FTDC     [initandlisten] Initializing full-time diagnostic data capture with directory '/data/db/diagnostic.data'
2016-11-09T15:47:10.223+0000 D COMMAND  [PeriodicTaskRunner] BackgroundJob starting: PeriodicTaskRunner
2016-11-09T15:47:10.223+0000 D STORAGE  [initandlisten] WT begin_transaction
2016-11-09T15:47:10.224+0000 D STORAGE  [initandlisten] WT commit_transaction
2016-11-09T15:47:10.224+0000 I NETWORK  [initandlisten] waiting for connections on port 27017
2016-11-09T15:47:10.223+0000 I NETWORK  [HostnameCanonicalizationWorker] Starting hostname canonicalization worker
2016-11-09T15:47:10.224+0000 D NETWORK  [HostnameCanonicalizationWorker] Hostname Canonicalizer is acquiring host FQDNs
2016-11-09T15:47:10.265+0000 D NETWORK  [HostnameCanonicalizationWorker] Hostname Canonicalizer acquired FQDNs
2016-11-09T15:47:10.277+0000 D STORAGE  [WTJournalFlusher] flushed journal
2016-11-09T15:47:10.377+0000 D STORAGE  [WTJournalFlusher] flushed journal
2016-11-09T15:47:10.478+0000 D STORAGE  [WTJournalFlusher] flushed journal
2016-11-09T15:47:10.578+0000 D STORAGE  [WTJournalFlusher] flushed journal
2016-11-09T15:47:10.678+0000 D STORAGE  [WTJournalFlusher] flushed journal
2016-11-09T15:47:10.778+0000 D STORAGE  [WTJournalFlusher] flushed journal
2016-11-09T15:47:10.879+0000 D STORAGE  [WTJournalFlusher] flushed journal
2016-11-09T15:47:10.979+0000 D STORAGE  [WTJournalFlusher] flushed journal
2016-11-09T15:47:11.079+0000 D STORAGE  [WTJournalFlusher] flushed journal
2016-11-09T15:47:11.180+0000 D STORAGE  [WTJournalFlusher] flushed journal
2016-11-09T15:47:11.280+0000 D STORAGE  [WTJournalFlusher] flushed journal
2016-11-09T15:47:11.380+0000 D STORAGE  [WTJournalFlusher] flushed journal
2016-11-09T15:47:11.480+0000 D STORAGE  [WTJournalFlusher] flushed journal
2016-11-09T15:47:11.580+0000 D STORAGE  [WTJournalFlusher] flushed journal
2016-11-09T15:47:11.681+0000 D STORAGE  [WTJournalFlusher] flushed journal
2016-11-09T15:47:11.781+0000 D STORAGE  [WTJournalFlusher] flushed journal
2016-11-09T15:47:11.881+0000 D STORAGE  [WTJournalFlusher] flushed journal
2016-11-09T15:47:11.981+0000 D STORAGE  [WTJournalFlusher] flushed journal
2016-11-09T15:47:12.081+0000 D STORAGE  [WTJournalFlusher] flushed journal
2016-11-09T15:47:12.182+0000 D STORAGE  [WTJournalFlusher] flushed journal
2016-11-09T15:47:12.282+0000 D STORAGE  [WTJournalFlusher] flushed journal
2016-11-09T15:47:12.382+0000 D STORAGE  [WTJournalFlusher] flushed journal
2016-11-09T15:47:12.483+0000 D STORAGE  [WTJournalFlusher] flushed journal
2016-11-09T15:47:12.583+0000 D STORAGE  [WTJournalFlusher] flushed journal
2016-11-09T15:47:12.683+0000 D STORAGE  [WTJournalFlusher] flushed journal
2016-11-09T15:47:12.783+0000 D STORAGE  [WTJournalFlusher] flushed journal
2016-11-09T15:47:12.883+0000 D STORAGE  [WTJournalFlusher] flushed journal
2016-11-09T15:47:12.984+0000 D STORAGE  [WTJournalFlusher] flushed journal
2016-11-09T15:47:13.084+0000 D STORAGE  [WTJournalFlusher] flushed journal
2016-11-09T15:47:13.184+0000 D STORAGE  [WTJournalFlusher] flushed journal
2016-11-09T15:47:13.285+0000 D STORAGE  [WTJournalFlusher] flushed journal
2016-11-09T15:47:13.385+0000 D STORAGE  [WTJournalFlusher] flushed journal
2016-11-09T15:47:13.485+0000 D STORAGE  [WTJournalFlusher] flushed journal
2016-11-09T15:47:13.585+0000 D STORAGE  [WTJournalFlusher] flushed journal
2016-11-09T15:47:13.686+0000 D STORAGE  [WTJournalFlusher] flushed journal
2016-11-09T15:47:13.786+0000 D STORAGE  [WTJournalFlusher] flushed journal
2016-11-09T15:47:13.886+0000 D STORAGE  [WTJournalFlusher] flushed journal
2016-11-09T15:47:13.986+0000 D STORAGE  [WTJournalFlusher] flushed journal
2016-11-09T15:47:14.087+0000 D STORAGE  [WTJournalFlusher] flushed journal
2016-11-09T15:47:14.187+0000 D STORAGE  [WTJournalFlusher] flushed journal
2016-11-09T15:47:14.287+0000 D STORAGE  [WTJournalFlusher] flushed journal
2016-11-09T15:47:14.387+0000 D STORAGE  [WTJournalFlusher] flushed journal
2016-11-09T15:47:14.488+0000 D STORAGE  [WTJournalFlusher] flushed journal
2016-11-09T15:47:14.588+0000 D STORAGE  [WTJournalFlusher] flushed journal
2016-11-09T15:47:14.688+0000 D STORAGE  [WTJournalFlusher] flushed journal
2016-11-09T15:47:14.788+0000 D STORAGE  [WTJournalFlusher] flushed journal
2016-11-09T15:47:14.889+0000 D STORAGE  [WTJournalFlusher] flushed journal
2016-11-09T15:47:14.989+0000 D STORAGE  [WTJournalFlusher] flushed journal
2016-11-09T15:47:15.089+0000 D STORAGE  [WTJournalFlusher] flushed journal
2016-11-09T15:47:15.190+0000 D STORAGE  [WTJournalFlusher] flushed journal
2016-11-09T15:47:15.290+0000 D STORAGE  [WTJournalFlusher] flushed journal
2016-11-09T15:47:15.390+0000 D STORAGE  [WTJournalFlusher] flushed journal
2016-11-09T15:47:15.490+0000 D STORAGE  [WTJournalFlusher] flushed journal
2016-11-09T15:47:15.591+0000 D STORAGE  [WTJournalFlusher] flushed journal
2016-11-09T15:47:15.691+0000 D STORAGE  [WTJournalFlusher] flushed journal
2016-11-09T15:47:15.791+0000 D STORAGE  [WTJournalFlusher] flushed journal
2016-11-09T15:47:15.891+0000 D STORAGE  [WTJournalFlusher] flushed journal
2016-11-09T15:47:15.992+0000 D STORAGE  [WTJournalFlusher] flushed journal
2016-11-09T15:47:16.092+0000 D STORAGE  [WTJournalFlusher] flushed journal
2016-11-09T15:47:16.192+0000 D STORAGE  [WTJournalFlusher] flushed journal
2016-11-09T15:47:16.292+0000 D STORAGE  [WTJournalFlusher] flushed journal
2016-11-09T15:47:16.393+0000 D STORAGE  [WTJournalFlusher] flushed journal
2016-11-09T15:47:16.493+0000 D STORAGE  [WTJournalFlusher] flushed journal
2016-11-09T15:47:16.593+0000 D STORAGE  [WTJournalFlusher] flushed journal
2016-11-09T15:47:16.693+0000 D STORAGE  [WTJournalFlusher] flushed journal
2016-11-09T15:47:16.794+0000 D STORAGE  [WTJournalFlusher] flushed journal
2016-11-09T15:47:16.894+0000 D STORAGE  [WTJournalFlusher] flushed journal
2016-11-09T15:47:16.994+0000 D STORAGE  [WTJournalFlusher] flushed journal
2016-11-09T15:47:17.095+0000 D STORAGE  [WTJournalFlusher] flushed journal
2016-11-09T15:47:17.195+0000 D STORAGE  [WTJournalFlusher] flushed journal
2016-11-09T15:47:17.295+0000 D STORAGE  [WTJournalFlusher] flushed journal
2016-11-09T15:47:17.395+0000 D STORAGE  [WTJournalFlusher] flushed journal
2016-11-09T15:47:17.496+0000 D STORAGE  [WTJournalFlusher] flushed journal
2016-11-09T15:47:17.596+0000 D STORAGE  [WTJournalFlusher] flushed journal
2016-11-09T15:47:17.696+0000 D STORAGE  [WTJournalFlusher] flushed journal
2016-11-09T15:47:17.796+0000 D STORAGE  [WTJournalFlusher] flushed journal
2016-11-09T15:47:17.897+0000 D STORAGE  [WTJournalFlusher] flushed journal
2016-11-09T15:47:17.997+0000 D STORAGE  [WTJournalFlusher] flushed journal
2016-11-09T15:47:18.097+0000 D STORAGE  [WTJournalFlusher] flushed journal
2016-11-09T15:47:18.197+0000 D STORAGE  [WTJournalFlusher] flushed journal
2016-11-09T15:47:18.298+0000 D STORAGE  [WTJournalFlusher] flushed journal
2016-11-09T15:47:18.398+0000 D STORAGE  [WTJournalFlusher] flushed journal
2016-11-09T15:47:18.498+0000 D STORAGE  [WTJournalFlusher] flushed journal
2016-11-09T15:47:18.598+0000 D STORAGE  [WTJournalFlusher] flushed journal
2016-11-09T15:47:18.699+0000 D STORAGE  [WTJournalFlusher] flushed journal
2016-11-09T15:47:18.799+0000 D STORAGE  [WTJournalFlusher] flushed journal
2016-11-09T15:47:18.899+0000 D STORAGE  [WTJournalFlusher] flushed journal
2016-11-09T15:47:18.999+0000 D STORAGE  [WTJournalFlusher] flushed journal
2016-11-09T15:47:19.099+0000 D STORAGE  [WTJournalFlusher] flushed journal
2016-11-09T15:47:19.200+0000 D STORAGE  [WTJournalFlusher] flushed journal
2016-11-09T15:47:19.300+0000 D STORAGE  [WTJournalFlusher] flushed journal
2016-11-09T15:47:19.400+0000 D STORAGE  [WTJournalFlusher] flushed journal
2016-11-09T15:47:19.500+0000 D STORAGE  [WTJournalFlusher] flushed journal
2016-11-09T15:47:19.601+0000 D STORAGE  [WTJournalFlusher] flushed journal
2016-11-09T15:47:19.701+0000 D STORAGE  [WTJournalFlusher] flushed journal
2016-11-09T15:47:19.801+0000 D STORAGE  [WTJournalFlusher] flushed journal
2016-11-09T15:47:19.901+0000 D STORAGE  [WTJournalFlusher] flushed journal
2016-11-09T15:47:20.002+0000 D STORAGE  [WTJournalFlusher] flushed journal
2016-11-09T15:47:20.102+0000 D STORAGE  [WTJournalFlusher] flushed journal
2016-11-09T15:47:20.202+0000 D STORAGE  [WTJournalFlusher] flushed journal
2016-11-09T15:47:20.303+0000 D STORAGE  [WTJournalFlusher] flushed journal
2016-11-09T15:47:20.403+0000 D STORAGE  [WTJournalFlusher] flushed journal
2016-11-09T15:47:20.504+0000 D STORAGE  [WTJournalFlusher] flushed journal
2016-11-09T15:47:20.605+0000 D STORAGE  [WTJournalFlusher] flushed journal
2016-11-09T15:47:20.705+0000 D STORAGE  [WTJournalFlusher] flushed journal
2016-11-09T15:47:20.805+0000 D STORAGE  [WTJournalFlusher] flushed journal
2016-11-09T15:47:20.907+0000 D STORAGE  [WTJournalFlusher] flushed journal
2016-11-09T15:47:20.911+0000 I NETWORK  [initandlisten] connection accepted from 127.0.0.1:40790 #1 (1 connection now open)
2016-11-09T15:47:20.932+0000 D COMMAND  [conn1] run command admin.$cmd { ismaster: 1 }
2016-11-09T15:47:20.933+0000 I COMMAND  [conn1] command admin.$cmd command: isMaster { ismaster: 1 } keyUpdates:0 writeConflicts:0 numYields:0 reslen:178 locks:{} protocol:op_query 0ms
2016-11-09T15:47:20.944+0000 D COMMAND  [conn1] run command admin.$cmd { buildinfo: 1 }
2016-11-09T15:47:20.944+0000 I COMMAND  [conn1] command admin.$cmd command: buildInfo { buildinfo: 1 } keyUpdates:0 writeConflicts:0 numYields:0 reslen:1197 locks:{} protocol:op_query 0ms
2016-11-09T15:47:20.948+0000 D COMMAND  [conn1] run command admin.$cmd { getlasterror: 1 }
2016-11-09T15:47:20.948+0000 I COMMAND  [conn1] command admin.$cmd command: getLastError { getlasterror: 1 } keyUpdates:0 writeConflicts:0 numYields:0 reslen:94 locks:{} protocol:op_query 0ms
2016-11-09T15:47:20.949+0000 D COMMAND  [conn1] run command admin.$cmd { ismaster: 1 }
2016-11-09T15:47:20.950+0000 I COMMAND  [conn1] command admin.$cmd command: isMaster { ismaster: 1 } keyUpdates:0 writeConflicts:0 numYields:0 reslen:178 locks:{} protocol:op_query 0ms
2016-11-09T15:47:20.954+0000 I NETWORK  [initandlisten] connection accepted from 127.0.0.1:40791 #2 (2 connections now open)
2016-11-09T15:47:20.954+0000 D COMMAND  [conn2] run command admin.$cmd { ismaster: 1 }
2016-11-09T15:47:20.954+0000 I COMMAND  [conn2] command admin.$cmd command: isMaster { ismaster: 1 } keyUpdates:0 writeConflicts:0 numYields:0 reslen:178 locks:{} protocol:op_query 0ms
2016-11-09T15:47:20.955+0000 D COMMAND  [conn2] run command admin.$cmd { buildinfo: 1 }
2016-11-09T15:47:20.955+0000 I COMMAND  [conn2] command admin.$cmd command: buildInfo { buildinfo: 1 } keyUpdates:0 writeConflicts:0 numYields:0 reslen:1197 locks:{} protocol:op_query 0ms
2016-11-09T15:47:20.956+0000 D COMMAND  [conn2] run command admin.$cmd { getlasterror: 1 }
2016-11-09T15:47:20.956+0000 I COMMAND  [conn2] command admin.$cmd command: getLastError { getlasterror: 1 } keyUpdates:0 writeConflicts:0 numYields:0 reslen:94 locks:{} protocol:op_query 0ms
2016-11-09T15:47:20.975+0000 D COMMAND  [conn2] run command ycsb.$cmd { insert: "usertable", ordered: true, documents: [ { _id: "user6284781860667377211", field5: BinData(0, 254D3B2C5A7F34556D3758712747273C24383147732E2D202B59712B2A6E2F2A623F3E6A3F5A31292B3C21437D322468204C37204371394A6B3A587F3B4D3925376A22353C25...), field4: BinData(0, 3843273147373C547B2E393C3B222A212E7C2E2628213A7C29226423513B2F3C34395A65334B3935283235443728497F274663322F7A295B2935217E263D24342B3C2C383629...), field3: BinData(0, 342978235C6731493D29433B2635322C482F344E372848652C22763B20383D5A3D2151653D2C743E432B3A3E32212D7624263030462B2F2A7A2B2862335A3125582F364A6B3A...), field2: BinData(0, 36232E3524323F4033305361392A222D376C2C3A282538262F517723347A334E2B3142212C5C3B3046312F4E612B52733F5D2D3C24602B4F233D347C34563721597F3858253C...), field9: BinData(0, 282F3839262C2254753E3728232C363140313A413D394239373D2A355A7B36486B264F37324E753A3734374A2330582520413D2C4E6D222B222440392B4F31283E703354732A...), field8: BinData(0, 38493124327E2659712A35222F30322122602358672E5C2B302F7E3F2A6E303A3A292522363534392F7820442B3147712928382537623C2F74264675385E7737456F3347332D...), field7: BinData(0, 2A5D2B383E663F536D2A5E7736453120346C353E2634456F2E406B3249233F35762A392437566932406F33502B3D3F282023262D3A2238333A30293A3C233E2523383636763B...), field6: BinData(0, 3B54793249252C38642B48753C256E3B5D2132287E3F372833343C3120743321783635762748772E43672E4B393D49332545332428683F513D2955733047393D332422472731...), field1: BinData(0, 232C222927343F563920352220557F3A3B2A322C3C20476721372C203F782F55632E516339453139282A2F36343135743922763329603A3326294F773455792755612D566533...), field0: BinData(0, 36456F3B323E3D41613B2A243D2A723A4B772D53692F417D34206A2B577B3628343D5623285D71365F6326317C36353C2D20623F363C2F5C6326507B2F21702F45633233722B...) } ] }
2016-11-09T15:47:20.975+0000 D STORAGE  [conn2] WT begin_transaction
2016-11-09T15:47:20.976+0000 D STORAGE  [conn2] WT rollback_transaction
2016-11-09T15:47:20.976+0000 D STORAGE  [conn2] CUSTOM ROLLBACK mongo::WiredTigerRecordStore::DataSizeChange
2016-11-09T15:47:20.976+0000 D STORAGE  [conn2] CUSTOM ROLLBACK mongo::WiredTigerRecordStore::NumRecordsChange
2016-11-09T15:47:20.976+0000 D WRITE    [conn2]  Caught Assertion in query, continuing  :: caused by :: E11000 duplicate key error collection: ycsb.usertable index: _id_ dup key: { : "user6284781860667377211" }
2016-11-09T15:47:20.976+0000 I COMMAND  [conn2] command ycsb.usertable command: insert { insert: "usertable", ordered: true, documents: [ { _id: "user6284781860667377211", field5: BinData(0, 254D3B2C5A7F34556D3758712747273C24383147732E2D202B59712B2A6E2F2A623F3E6A3F5A31292B3C21437D322468204C37204371394A6B3A587F3B4D3925376A22353C25...), field4: BinData(0, 3843273147373C547B2E393C3B222A212E7C2E2628213A7C29226423513B2F3C34395A65334B3935283235443728497F274663322F7A295B2935217E263D24342B3C2C383629...), field3: BinData(0, 342978235C6731493D29433B2635322C482F344E372848652C22763B20383D5A3D2151653D2C743E432B3A3E32212D7624263030462B2F2A7A2B2862335A3125582F364A6B3A...), field2: BinData(0, 36232E3524323F4033305361392A222D376C2C3A282538262F517723347A334E2B3142212C5C3B3046312F4E612B52733F5D2D3C24602B4F233D347C34563721597F3858253C...), field9: BinData(0, 282F3839262C2254753E3728232C363140313A413D394239373D2A355A7B36486B264F37324E753A3734374A2330582520413D2C4E6D222B222440392B4F31283E703354732A...), field8: BinData(0, 38493124327E2659712A35222F30322122602358672E5C2B302F7E3F2A6E303A3A292522363534392F7820442B3147712928382537623C2F74264675385E7737456F3347332D...), field7: BinData(0, 2A5D2B383E663F536D2A5E7736453120346C353E2634456F2E406B3249233F35762A392437566932406F33502B3D3F282023262D3A2238333A30293A3C233E2523383636763B...), field6: BinData(0, 3B54793249252C38642B48753C256E3B5D2132287E3F372833343C3120743321783635762748772E43672E4B393D49332545332428683F513D2955733047393D332422472731...), field1: BinData(0, 232C222927343F563920352220557F3A3B2A322C3C20476721372C203F782F55632E516339453139282A2F36343135743922763329603A3326294F773455792755612D566533...), field0: BinData(0, 36456F3B323E3D41613B2A243D2A723A4B772D53692F417D34206A2B577B3628343D5623285D71365F6326317C36353C2D20623F363C2F5C6326507B2F21702F45633233722B...) } ] } ninserted:0 keyUpdates:0 writeConflicts:0 exception: E11000 duplicate key error collection: ycsb.usertable index: _id_ dup key: { : "user6284781860667377211" } code:11000 numYields:0 reslen:206 locks:{ Global: { acquireCount: { r: 1, w: 1 } }, Database: { acquireCount: { w: 1 } }, Collection: { acquireCount: { w: 1 } } } protocol:op_query 0ms
2016-11-09T15:47:21.001+0000 D FTDC     [ftdc] full-time diagnostic data capture schema change: field name change - from 'R' to 'w'
2016-11-09T15:47:21.001+0000 D NETWORK  [conn2] Socket recv() conn closed? 127.0.0.1:40791
2016-11-09T15:47:21.001+0000 D NETWORK  [conn2] SocketException: remote: 127.0.0.1:40791 error: 9001 socket exception [CLOSED] server [127.0.0.1:40791] 
2016-11-09T15:47:21.001+0000 I NETWORK  [conn2] end connection 127.0.0.1:40791 (1 connection now open)
2016-11-09T15:47:21.002+0000 D NETWORK  [conn1] Socket recv() conn closed? 127.0.0.1:40790
2016-11-09T15:47:21.002+0000 D NETWORK  [conn1] SocketException: remote: 127.0.0.1:40790 error: 9001 socket exception [CLOSED] server [127.0.0.1:40790] 
2016-11-09T15:47:21.002+0000 I NETWORK  [conn1] end connection 127.0.0.1:40790 (0 connections now open)
2016-11-09T15:47:21.007+0000 D STORAGE  [WTJournalFlusher] flushed journal
2016-11-09T15:47:21.108+0000 D STORAGE  [WTJournalFlusher] flushed journal
2016-11-09T15:47:21.208+0000 D STORAGE  [WTJournalFlusher] flushed journal
2016-11-09T15:47:21.308+0000 D STORAGE  [WTJournalFlusher] flushed journal
2016-11-09T15:47:21.408+0000 D STORAGE  [WTJournalFlusher] flushed journal
2016-11-09T15:47:21.509+0000 D STORAGE  [WTJournalFlusher] flushed journal
2016-11-09T15:47:21.609+0000 D STORAGE  [WTJournalFlusher] flushed journal
2016-11-09T15:47:21.709+0000 D STORAGE  [WTJournalFlusher] flushed journal
2016-11-09T15:47:21.810+0000 D STORAGE  [WTJournalFlusher] flushed journal
2016-11-09T15:47:21.910+0000 D STORAGE  [WTJournalFlusher] flushed journal
2016-11-09T15:47:22.010+0000 D STORAGE  [WTJournalFlusher] flushed journal
2016-11-09T15:47:22.110+0000 D STORAGE  [WTJournalFlusher] flushed journal
2016-11-09T15:47:22.211+0000 D STORAGE  [WTJournalFlusher] flushed journal
2016-11-09T15:47:22.311+0000 D STORAGE  [WTJournalFlusher] flushed journal
2016-11-09T15:47:22.411+0000 D STORAGE  [WTJournalFlusher] flushed journal
2016-11-09T15:47:22.512+0000 D STORAGE  [WTJournalFlusher] flushed journal
2016-11-09T15:47:22.612+0000 D STORAGE  [WTJournalFlusher] flushed journal
2016-11-09T15:47:22.712+0000 D STORAGE  [WTJournalFlusher] flushed journal
2016-11-09T15:47:22.812+0000 D STORAGE  [WTJournalFlusher] flushed journal
2016-11-09T15:47:22.913+0000 D STORAGE  [WTJournalFlusher] flushed journal
2016-11-09T15:47:23.013+0000 D STORAGE  [WTJournalFlusher] flushed journal
2016-11-09T15:47:23.113+0000 D STORAGE  [WTJournalFlusher] flushed journal
2016-11-09T15:47:23.214+0000 D STORAGE  [WTJournalFlusher] flushed journal
2016-11-09T15:47:23.314+0000 D STORAGE  [WTJournalFlusher] flushed journal
2016-11-09T15:47:23.414+0000 D STORAGE  [WTJournalFlusher] flushed journal
2016-11-09T15:47:23.515+0000 D STORAGE  [WTJournalFlusher] flushed journal
2016-11-09T15:47:23.615+0000 D STORAGE  [WTJournalFlusher] flushed journal
2016-11-09T15:47:23.715+0000 D STORAGE  [WTJournalFlusher] flushed journal
2016-11-09T15:47:23.815+0000 D STORAGE  [WTJournalFlusher] flushed journal
2016-11-09T15:47:23.916+0000 D STORAGE  [WTJournalFlusher] flushed journal
2016-11-09T15:47:24.016+0000 D STORAGE  [WTJournalFlusher] flushed journal
2016-11-09T15:47:24.116+0000 D STORAGE  [WTJournalFlusher] flushed journal
2016-11-09T15:47:24.217+0000 D STORAGE  [WTJournalFlusher] flushed journal
2016-11-09T15:47:24.317+0000 D STORAGE  [WTJournalFlusher] flushed journal
2016-11-09T15:47:24.417+0000 D STORAGE  [WTJournalFlusher] flushed journal
2016-11-09T15:47:24.518+0000 D STORAGE  [WTJournalFlusher] flushed journal
2016-11-09T15:47:24.618+0000 D STORAGE  [WTJournalFlusher] flushed journal
2016-11-09T15:47:24.718+0000 D STORAGE  [WTJournalFlusher] flushed journal
2016-11-09T15:47:24.819+0000 D STORAGE  [WTJournalFlusher] flushed journal
2016-11-09T15:47:24.919+0000 D STORAGE  [WTJournalFlusher] flushed journal
2016-11-09T15:47:25.019+0000 D STORAGE  [WTJournalFlusher] flushed journal
2016-11-09T15:47:25.119+0000 D STORAGE  [WTJournalFlusher] flushed journal
2016-11-09T15:47:25.220+0000 D STORAGE  [WTJournalFlusher] flushed journal
2016-11-09T15:47:25.320+0000 D STORAGE  [WTJournalFlusher] flushed journal
2016-11-09T15:47:25.420+0000 D STORAGE  [WTJournalFlusher] flushed journal
2016-11-09T15:47:25.520+0000 D STORAGE  [WTJournalFlusher] flushed journal
2016-11-09T15:47:25.621+0000 D STORAGE  [WTJournalFlusher] flushed journal
2016-11-09T15:47:25.721+0000 D STORAGE  [WTJournalFlusher] flushed journal
2016-11-09T15:47:25.821+0000 D STORAGE  [WTJournalFlusher] flushed journal
2016-11-09T15:47:25.921+0000 D STORAGE  [WTJournalFlusher] flushed journal
2016-11-09T15:47:26.022+0000 D STORAGE  [WTJournalFlusher] flushed journal
2016-11-09T15:47:26.122+0000 D STORAGE  [WTJournalFlusher] flushed journal
2016-11-09T15:47:26.222+0000 D STORAGE  [WTJournalFlusher] flushed journal
2016-11-09T15:47:26.323+0000 D STORAGE  [WTJournalFlusher] flushed journal
2016-11-09T15:47:26.423+0000 D STORAGE  [WTJournalFlusher] flushed journal
2016-11-09T15:47:26.523+0000 D STORAGE  [WTJournalFlusher] flushed journal
2016-11-09T15:47:26.532+0000 I CONTROL  [signalProcessingThread] got signal 2 (Interrupt), will terminate after current cmd ends
2016-11-09T15:47:26.532+0000 I FTDC     [signalProcessingThread] Shutting down full-time diagnostic data capture
2016-11-09T15:47:26.534+0000 I CONTROL  [signalProcessingThread] now exiting
2016-11-09T15:47:26.534+0000 I NETWORK  [signalProcessingThread] shutdown: going to close listening sockets...
2016-11-09T15:47:26.534+0000 I NETWORK  [signalProcessingThread] closing listening socket: 5
2016-11-09T15:47:26.534+0000 I NETWORK  [signalProcessingThread] closing listening socket: 6
2016-11-09T15:47:26.534+0000 I NETWORK  [signalProcessingThread] removing socket file: /tmp/mongodb-27017.sock
2016-11-09T15:47:26.534+0000 I NETWORK  [signalProcessingThread] shutdown: going to flush diaglog...
2016-11-09T15:47:26.534+0000 I NETWORK  [signalProcessingThread] shutdown: going to close sockets...
2016-11-09T15:47:26.534+0000 D STORAGE  [signalProcessingThread] ~WiredTigerRecordStore for: local.startup_log
2016-11-09T15:47:26.534+0000 D STORAGE  [signalProcessingThread] ~WiredTigerRecordStore for: ycsb.usertable
2016-11-09T15:47:26.534+0000 D STORAGE  [signalProcessingThread] ~WiredTigerRecordStore for: _mdb_catalog
2016-11-09T15:47:26.534+0000 I STORAGE  [signalProcessingThread] WiredTigerKVEngine shutting down
2016-11-09T15:47:26.534+0000 D STORAGE  [signalProcessingThread] WiredTigerSizeStorer::storeInto table:_mdb_catalog -> { numRecords: 2, dataSize: 630 }
2016-11-09T15:47:26.534+0000 D STORAGE  [signalProcessingThread] WiredTigerSizeStorer::storeInto table:collection-0--773859288544310536 -> { numRecords: 14, dataSize: 18672 }
2016-11-09T15:47:26.534+0000 D STORAGE  [signalProcessingThread] WiredTigerSizeStorer::storeInto table:collection-0-2405447531245327190 -> { numRecords: 1000, dataSize: 1167877 }
2016-11-09T15:47:26.624+0000 D STORAGE  [WTJournalFlusher] stopping WTJournalFlusher thread
2016-11-09T15:47:26.813+0000 I STORAGE  [signalProcessingThread] shutdown: removing fs lock...
2016-11-09T15:47:26.813+0000 I CONTROL  [signalProcessingThread] dbexit:  rc: 0
