SELECT * FROM usertable WHERE y_id='user1473284273796715866' LIMIT 1;
SELECT * FROM usertable WHERE y_id='user4515651539959442381' LIMIT 1;
SELECT * FROM usertable WHERE y_id='user3820703087922811230' LIMIT 1;
SELECT * FROM usertable WHERE y_id='user1236616410782629730' LIMIT 1;
SELECT * FROM usertable WHERE y_id='user4403896078578081328' LIMIT 1;
SELECT * FROM usertable WHERE y_id='user4776433603658464052' LIMIT 1;
SELECT * FROM usertable WHERE y_id='user8753205170136912308' LIMIT 1;
SELECT * FROM usertable WHERE y_id='user3001497179906980645' LIMIT 1;
SELECT * FROM usertable WHERE y_id='user1342784084338284089' LIMIT 1;
SELECT * FROM usertable WHERE y_id='user6163872350465322679' LIMIT 1;
SELECT * FROM usertable WHERE y_id='user4153387984724034032' LIMIT 1;
SELECT * FROM usertable WHERE y_id='user3951203277381243007' LIMIT 1;
SELECT * FROM usertable WHERE y_id='user6405568040792975061' LIMIT 1;
INSERT INTO usertable (y_id,field1) VALUES ('user8059376639124562053','*8x/B)3H% 36..*)&x-Oi?"v#Jq+D''.(4 &0-Po+%"&I;= b=G/4F%-@y?/.''-6,Z77^{/1d?L/5:20!(!+ $+< <:>B#)I/89 (');
SELECT * FROM usertable WHERE y_id='user7229678446045915210' LIMIT 1;
SELECT * FROM usertable WHERE y_id='user6873220993854055438' LIMIT 1;
SELECT * FROM usertable WHERE y_id='user8869086853025400594' LIMIT 1;
SELECT * FROM usertable WHERE y_id='user8155611988129540602' LIMIT 1;
SELECT * FROM usertable WHERE y_id='user8637883447760564470' LIMIT 1;
SELECT * FROM usertable WHERE y_id='user2634547442652304615' LIMIT 1;
SELECT * FROM usertable WHERE y_id='user5817347222824138717' LIMIT 1;
INSERT INTO usertable (y_id,field8) VALUES ('user7687959035068460225','.>h&+v524=)",N?0C''6x&"r&+24Xy*Vo2M#:R%8Qo::6(Wa"@10Oo09.4.b?,t#E3(Z= Ki<  $Yo2Xq''J/0.<9Ke''?>0>0+*j"');
INSERT INTO usertable (y_id,field6) VALUES ('user754563266369447745','=5$8%(%1d/ |8+p:Ik0:f+X9,0>0;n/[9-*x<660,d+<p/1 #%>,&80Ji.Y72Q3,C}2D7%F->;d6,6)U{&26?I}>Ky9Y;,C!4=.0');
SELECT * FROM usertable WHERE y_id='user4153387984724034032' LIMIT 1;
SELECT * FROM usertable WHERE y_id='user1704487679061551990' LIMIT 1;
SELECT * FROM usertable WHERE y_id='user3011771149751955020' LIMIT 1;
SELECT * FROM usertable WHERE y_id='user7817899264014751554' LIMIT 1;
SELECT * FROM usertable WHERE y_id='user8280647719838722367' LIMIT 1;
SELECT * FROM usertable WHERE y_id='user4866862849619894024' LIMIT 1;
SELECT * FROM usertable WHERE y_id='user4630973262335790219' LIMIT 1;
SELECT * FROM usertable WHERE y_id='user3218082078601873278' LIMIT 1;
SELECT * FROM usertable WHERE y_id='user7224773948808805646' LIMIT 1;
SELECT * FROM usertable WHERE y_id='user2056600594528442646' LIMIT 1;
SELECT * FROM usertable WHERE y_id='user7919162440333296349' LIMIT 1;
SELECT * FROM usertable WHERE y_id='user9119376631661606007' LIMIT 1;
SELECT * FROM usertable WHERE y_id='user3820921403140653113' LIMIT 1;
INSERT INTO usertable (y_id,field2) VALUES ('user4520119406760868179','%(<,Cc0M7,&l88:%F98U% <`)%h3#<?Li"]w1P=%( $D}33>8G}77b5A=5%d$<&8Cu4Hg3]9-X?5@;852% z<Zw.;:9(,%Vy8K%4');
SELECT * FROM usertable WHERE y_id='user3599432007208650916' LIMIT 1;
SELECT * FROM usertable WHERE y_id='user6274507890822402836' LIMIT 1;
SELECT * FROM usertable WHERE y_id='user1824837228751466074' LIMIT 1;
SELECT * FROM usertable WHERE y_id='user8415834091316421825' LIMIT 1;
SELECT * FROM usertable WHERE y_id='user2533625911628058385' LIMIT 1;
SELECT * FROM usertable WHERE y_id='user6280313993865951413' LIMIT 1;
SELECT * FROM usertable WHERE y_id='user8526469631673501982' LIMIT 1;
SELECT * FROM usertable WHERE y_id='user4153387984724034032' LIMIT 1;
SELECT * FROM usertable WHERE y_id='user3117720508089767496' LIMIT 1;
SELECT * FROM usertable WHERE y_id='user1121294688406281892' LIMIT 1;
SELECT * FROM usertable WHERE y_id='user1473284273796715866' LIMIT 1;
SELECT * FROM usertable WHERE y_id='user7099738217099623881' LIMIT 1;
SELECT * FROM usertable WHERE y_id='user7239392455378749137' LIMIT 1;
SELECT * FROM usertable WHERE y_id='user1573987489603120213' LIMIT 1;
SELECT * FROM usertable WHERE y_id='user3333403800978221116' LIMIT 1;
SELECT * FROM usertable WHERE y_id='user6636771446057811185' LIMIT 1;
SELECT * FROM usertable WHERE y_id='user7456755629803624101' LIMIT 1;
SELECT * FROM usertable WHERE y_id='user4891195365522671442' LIMIT 1;
SELECT * FROM usertable WHERE y_id='user6274507890822402836' LIMIT 1;
SELECT * FROM usertable WHERE y_id='user7711731590459097195' LIMIT 1;
SELECT * FROM usertable WHERE y_id='user2529499690120931152' LIMIT 1;
SELECT * FROM usertable WHERE y_id='user7697673044401294152' LIMIT 1;
SELECT * FROM usertable WHERE y_id='user1573987489603120213' LIMIT 1;
SELECT * FROM usertable WHERE y_id='user6752434813728457588' LIMIT 1;
SELECT * FROM usertable WHERE y_id='user5228908089637460490' LIMIT 1;
SELECT * FROM usertable WHERE y_id='user6858042526771971499' LIMIT 1;
SELECT * FROM usertable WHERE y_id='user1598320005505897631' LIMIT 1;
SELECT * FROM usertable WHERE y_id='user3005965046708406443' LIMIT 1;
SELECT * FROM usertable WHERE y_id='user9221199768492291250' LIMIT 1;
INSERT INTO usertable (y_id,field3) VALUES ('user5807414898273462907',' Ss?1t=>>9.f1:z?Y''*9v>L5+H?4L?77d2T32\a.!~0;~"Z=1%$0W/93:%Ja")f"V+5 < M%6Fu"">3<,0Xo4;.0E7<.r6]i!Ja+');
SELECT * FROM usertable WHERE y_id='user5827061232156972644' LIMIT 1;
SELECT * FROM usertable WHERE y_id='user417410502766799145' LIMIT 1;
SELECT * FROM usertable WHERE y_id='user2885957142312790924' LIMIT 1;
SELECT * FROM usertable WHERE y_id='user3117160547577627048' LIMIT 1;
SELECT * FROM usertable WHERE y_id='user6279754033353810965' LIMIT 1;
SELECT * FROM usertable WHERE y_id='user8411147909297154144' LIMIT 1;
SELECT * FROM usertable WHERE y_id='user3826167545672061242' LIMIT 1;
SELECT * FROM usertable WHERE y_id='user3232700585171816769' LIMIT 1;
SELECT * FROM usertable WHERE y_id='user8416394051828562273' LIMIT 1;
SELECT * FROM usertable WHERE y_id='user7827613273347585481' LIMIT 1;
SELECT * FROM usertable WHERE y_id='user1573987489603120213' LIMIT 1;
SELECT * FROM usertable WHERE y_id='user5113244721966814087' LIMIT 1;
SELECT * FROM usertable WHERE y_id='user884845140610037639' LIMIT 1;
SELECT * FROM usertable WHERE y_id='user3589717997875816989' LIMIT 1;
SELECT * FROM usertable WHERE y_id='user7340313986402995367' LIMIT 1;
INSERT INTO usertable (y_id,field0) VALUES ('user6515985265932213335','9.6,3~2W/%H!''4--|(M{7F?><*)6h)Ae2= -V118|&=8(-2=?&8%j51,8Wc:W=)\;0/4,S}''-4(^{(&&$1b/7b&P#?D}/Qu%-(=');
SELECT * FROM usertable WHERE y_id='user1573987489603120213' LIMIT 1;
SELECT * FROM usertable WHERE y_id='user9095604076270969037' LIMIT 1;
SELECT * FROM usertable WHERE y_id='user5942382954533320482' LIMIT 1;
SELECT * FROM usertable WHERE y_id='user5243526596207403981' LIMIT 1;
SELECT * FROM usertable WHERE y_id='user879598998078629510' LIMIT 1;
SELECT * FROM usertable WHERE y_id='user2393971673348933129' LIMIT 1;
SELECT * FROM usertable WHERE y_id='user3831195372985627488' LIMIT 1;
SELECT * FROM usertable WHERE y_id='user1573987489603120213' LIMIT 1;
SELECT * FROM usertable WHERE y_id='user6858042526771971499' LIMIT 1;
SELECT * FROM usertable WHERE y_id='user3931898588792031835' LIMIT 1;
SELECT * FROM usertable WHERE y_id='user4177720500626811450' LIMIT 1;
SELECT * FROM usertable WHERE y_id='user3685735031662953655' LIMIT 1;
SELECT * FROM usertable WHERE y_id='user6862728708791239180' LIMIT 1;
SELECT * FROM usertable WHERE y_id='user3358296277393138982' LIMIT 1;
SELECT * FROM usertable WHERE y_id='user1573987489603120213' LIMIT 1;
INSERT INTO usertable (y_id,field9) VALUES ('user5942382954533320482',',*d6&29&t6Jw''^70Rq"Qk3%2?22(''6*M3-Zs46,1*>!U/4U5<S708r1Hg/6><7.=I+*\i;7 -L?% `50j6&>/+0($> \%9N5%>b>');
SELECT * FROM usertable WHERE y_id='user8632978950523454906' LIMIT 1;
SELECT * FROM usertable WHERE y_id='user1367116600241061507' LIMIT 1;
SELECT * FROM usertable WHERE y_id='user5827061232156972644' LIMIT 1;
SELECT * FROM usertable WHERE y_id='user3338649943509629245' LIMIT 1;
SELECT * FROM usertable WHERE y_id='user5817347222824138717' LIMIT 1;
SELECT * FROM usertable WHERE y_id='user8527247907403484313' LIMIT 1;
SELECT * FROM usertable WHERE y_id='user2408371864701034737' LIMIT 1;
SELECT * FROM usertable WHERE y_id='user1352498093671118016' LIMIT 1;
SELECT * FROM usertable WHERE y_id='user7692426901869886023' LIMIT 1;
SELECT * FROM usertable WHERE y_id='user3121846729596894729' LIMIT 1;
SELECT * FROM usertable WHERE y_id='user879598998078629510' LIMIT 1;
SELECT * FROM usertable WHERE y_id='user7123510772490260851' LIMIT 1;
SELECT * FROM usertable WHERE y_id='user1347251951139709887' LIMIT 1;
SELECT * FROM usertable WHERE y_id='user55488592825689361' LIMIT 1;
SELECT * FROM usertable WHERE y_id='user8421080233847829954' LIMIT 1;
SELECT * FROM usertable WHERE y_id='user2056040634016302198' LIMIT 1;
SELECT * FROM usertable WHERE y_id='user4278642031651057680' LIMIT 1;
SELECT * FROM usertable WHERE y_id='user1574547450115260661' LIMIT 1;
SELECT * FROM usertable WHERE y_id='user8266247528486620759' LIMIT 1;
SELECT * FROM usertable WHERE y_id='user5228908089637460490' LIMIT 1;
SELECT * FROM usertable WHERE y_id='user1106334536542039836' LIMIT 1;
SELECT * FROM usertable WHERE y_id='user6521231408463621464' LIMIT 1;
SELECT * FROM usertable WHERE y_id='user2890643324332058605' LIMIT 1;
INSERT INTO usertable (y_id,field1) VALUES ('user7340655631697293932','1#x/3$)De&#`>,r/*69Iq+\m>9>45<-1*8E%.N!!+ 9F5=P=9Z}2K''<1*%)v$Z!0=&2Jk+7*+!n30<#=.%(t7Zm.Cy38d&W)8:t#');
INSERT INTO usertable (y_id,field5) VALUES ('user8044198172042478114','!&|"!,1Hi. l:Ck&> 96&$(&)D- +8+Nk''Ow&>j;"j4R/<:t0S?8H7(:`2,r(/*9#$+H39*":*h>?j+Au6Bw*R?-36-/29C=Z%0');
SELECT * FROM usertable WHERE y_id='user3237168451973242567' LIMIT 1;
SELECT * FROM usertable WHERE y_id='user2172140632122632367' LIMIT 1;
SELECT * FROM usertable WHERE y_id='user6757680956259865717' LIMIT 1;
INSERT INTO usertable (y_id,field5) VALUES ('user6987982755718262828',' +v")~._};P7%R1$Vy1* $Bc=.$4A{98&!30$<d#*,,P! :h//d3Mq!Y+9:x$9h>E#!Y''1Ki3V=$O{#X#12>>]w&Pe8C''1Z9$Iy?');
SELECT * FROM usertable WHERE y_id='user8874114680338966840' LIMIT 1;
SELECT * FROM usertable WHERE y_id='user2865750847917140739' LIMIT 1;
INSERT INTO usertable (y_id,field5) VALUES ('user7123510772490260851','.X{''M%4Qq;E/6 b?H#1Du;?,#W;%1x$3<-,"#?v:%|*16 =(=*|+Zk0D711,4),9Go2-n6>`9<<)O;(Js>I72''`>I1!S55Pa;Sk.');
SELECT * FROM usertable WHERE y_id='user764837236214422120' LIMIT 1;
SELECT * FROM usertable WHERE y_id='user532732225143146983' LIMIT 1;
SELECT * FROM usertable WHERE y_id='user778895782272225163' LIMIT 1;
SELECT * FROM usertable WHERE y_id='user1699801497042284309' LIMIT 1;
SELECT * FROM usertable WHERE y_id='user4770627500614915475' LIMIT 1;
SELECT * FROM usertable WHERE y_id='user8502137115770724564' LIMIT 1;
SELECT * FROM usertable WHERE y_id='user7355274138267237423' LIMIT 1;
SELECT * FROM usertable WHERE y_id='user3016457331771222701' LIMIT 1;
SELECT * FROM usertable WHERE y_id='user5113244721966814087' LIMIT 1;
SELECT * FROM usertable WHERE y_id='user6756779350453426704' LIMIT 1;
SELECT * FROM usertable WHERE y_id='user50460765512123115' LIMIT 1;
SELECT * FROM usertable WHERE y_id='user8044416487260319997' LIMIT 1;
SELECT * FROM usertable WHERE y_id='user3685735031662953655' LIMIT 1;
SELECT * FROM usertable WHERE y_id='user2861064665897873058' LIMIT 1;
SELECT * FROM usertable WHERE y_id='user3820703087922811230' LIMIT 1;
SELECT * FROM usertable WHERE y_id='user5344789772525948776' LIMIT 1;
SELECT * FROM usertable WHERE y_id='user3338649943509629245' LIMIT 1;
SELECT * FROM usertable WHERE y_id='user1940718911639954360' LIMIT 1;
SELECT * FROM usertable WHERE y_id='user3459217808417385212' LIMIT 1;
SELECT * FROM usertable WHERE y_id='user6525917590482889145' LIMIT 1;
SELECT * FROM usertable WHERE y_id='user8155052027617400154' LIMIT 1;
SELECT * FROM usertable WHERE y_id='user7244638597910157266' LIMIT 1;
SELECT * FROM usertable WHERE y_id='user5354162136564484138' LIMIT 1;
SELECT * FROM usertable WHERE y_id='user3826167545672061242' LIMIT 1;
SELECT * FROM usertable WHERE y_id='user185988782284121138' LIMIT 1;
SELECT * FROM usertable WHERE y_id='user3719999872116406883' LIMIT 1;
SELECT * FROM usertable WHERE y_id='user3232482269953974886' LIMIT 1;
SELECT * FROM usertable WHERE y_id='user4997363039078325801' LIMIT 1;
SELECT * FROM usertable WHERE y_id='user3599432007208650916' LIMIT 1;
SELECT * FROM usertable WHERE y_id='user7475842003174993390' LIMIT 1;
SELECT * FROM usertable WHERE y_id='user7466469639136458028' LIMIT 1;
SELECT * FROM usertable WHERE y_id='user8632978950523454906' LIMIT 1;
SELECT * FROM usertable WHERE y_id='user3946517095361975326' LIMIT 1;
SELECT * FROM usertable WHERE y_id='user4389837532520278285' LIMIT 1;
SELECT * FROM usertable WHERE y_id='user4862176667600626343' LIMIT 1;
SELECT * FROM usertable WHERE y_id='user3338649943509629245' LIMIT 1;
SELECT * FROM usertable WHERE y_id='user1236616410782629730' LIMIT 1;
SELECT * FROM usertable WHERE y_id='user7934122592197538405' LIMIT 1;
SELECT * FROM usertable WHERE y_id='user1462791988733899608' LIMIT 1;
SELECT * FROM usertable WHERE y_id='user4635659444355057900' LIMIT 1;
SELECT * FROM usertable WHERE y_id='user4038066262347686194' LIMIT 1;
SELECT * FROM usertable WHERE y_id='user8994122584734582359' LIMIT 1;
SELECT * FROM usertable WHERE y_id='user4876576858952727951' LIMIT 1;
INSERT INTO usertable (y_id,field6) VALUES ('user9104976440309504399','>2z.@#(=.1Ja/0,!.v6_m3Au&5j& & 580A{0E?%S=3E}/3~5O+5.,%Ka*Y#$$8%B=J;!1b0"&$325=.4Es#B71"0"<4%:d3O%$');
INSERT INTO usertable (y_id,field8) VALUES ('user60174774844957042','*Mm."v*1l+Z=0,<5&j."<5Q9!Uq>Z9(>*0J?''_}?#r+?j"0 =,(9K?,"<,3"-V504d![}?"f>/z*Z!>8n.Lc''<l;;:$[m3Za Z?$');
SELECT * FROM usertable WHERE y_id='user398105814177587973' LIMIT 1;
INSERT INTO usertable (y_id,field4) VALUES ('user8652283639112666078','<@g.Zq<C-8@w"G%1?44Hy&.j1>d*(<(K19%j!1<!Tw%!$ >|;X7%W!5V/- 2/Qc:R=/r#Wc?)x3:l<; %*p,"0!3h:)z?/l0_u6');
SELECT * FROM usertable WHERE y_id='user5103312397416138277' LIMIT 1;
SELECT * FROM usertable WHERE y_id='user7234706273359481456' LIMIT 1;
SELECT * FROM usertable WHERE y_id='user769523418233689801' LIMIT 1;
SELECT * FROM usertable WHERE y_id='user7913916297801888220' LIMIT 1;
SELECT * FROM usertable WHERE y_id='user6887621185206157046' LIMIT 1;
SELECT * FROM usertable WHERE y_id='user7562145027629296129' LIMIT 1;
SELECT * FROM usertable WHERE y_id='user3097514213694117311' LIMIT 1;
SELECT * FROM usertable WHERE y_id='user8401433899964320217' LIMIT 1;
SELECT * FROM usertable WHERE y_id='user1106334536542039836' LIMIT 1;
SELECT * FROM usertable WHERE y_id='user3097514213694117311' LIMIT 1;
SELECT * FROM usertable WHERE y_id='user4177720500626811450' LIMIT 1;
SELECT * FROM usertable WHERE y_id='user5918050438630543064' LIMIT 1;
SELECT * FROM usertable WHERE y_id='user6280313993865951413' LIMIT 1;
SELECT * FROM usertable WHERE y_id='user879598998078629510' LIMIT 1;
SELECT * FROM usertable WHERE y_id='user890091283141445768' LIMIT 1;
SELECT * FROM usertable WHERE y_id='user8999928687778130936' LIMIT 1;
SELECT * FROM usertable WHERE y_id='user7093932114056075304' LIMIT 1;
SELECT * FROM usertable WHERE y_id='user8632637305229156341' LIMIT 1;
SELECT * FROM usertable WHERE y_id='user2408371864701034737' LIMIT 1;
SELECT * FROM usertable WHERE y_id='user1810437037399364466' LIMIT 1;
SELECT * FROM usertable WHERE y_id='user4640687271668624146' LIMIT 1;
SELECT * FROM usertable WHERE y_id='user7572077352179971939' LIMIT 1;
SELECT * FROM usertable WHERE y_id='user4751541127243546186' LIMIT 1;
SELECT * FROM usertable WHERE y_id='user9004054909285258169' LIMIT 1;
SELECT * FROM usertable WHERE y_id='user5817347222824138717' LIMIT 1;
SELECT * FROM usertable WHERE y_id='user5952315279083996292' LIMIT 1;
SELECT * FROM usertable WHERE y_id='user5918050438630543064' LIMIT 1;
SELECT * FROM usertable WHERE y_id='user7817899264014751554' LIMIT 1;
INSERT INTO usertable (y_id,field2) VALUES ('user8743272845586236498','>.>$/<?8x?#>?:p#Y-.Va/^++W;&*&-.-''43A?1Ee(=. #>5N.0d01,)[/#?0!Y}"1b.''b $|&7j*S14:> Ca#+:<''.0)t 2&(');
SELECT * FROM usertable WHERE y_id='user1573987489603120213' LIMIT 1;
SELECT * FROM usertable WHERE y_id='user5918050438630543064' LIMIT 1;
SELECT * FROM usertable WHERE y_id='user2519225720275956777' LIMIT 1;
SELECT * FROM usertable WHERE y_id='user3584813500638707425' LIMIT 1;
SELECT * FROM usertable WHERE y_id='user7566831209648563810' LIMIT 1;
SELECT * FROM usertable WHERE y_id='user5229126404855302373' LIMIT 1;
SELECT * FROM usertable WHERE y_id='user4520337721978710062' LIMIT 1;
SELECT * FROM usertable WHERE y_id='user7591723686063481676' LIMIT 1;
SELECT * FROM usertable WHERE y_id='user4534737913330811670' LIMIT 1;
SELECT * FROM usertable WHERE y_id='user7114138408451725489' LIMIT 1;
SELECT * FROM usertable WHERE y_id='user1342784084338284089' LIMIT 1;
SELECT * FROM usertable WHERE y_id='user3705941326058603840' LIMIT 1;
SELECT * FROM usertable WHERE y_id='user4876795174170569834' LIMIT 1;
SELECT * FROM usertable WHERE y_id='user3825389269942078911' LIMIT 1;
SELECT * FROM usertable WHERE y_id='user6521231408463621464' LIMIT 1;
SELECT * FROM usertable WHERE y_id='user5686287072853566492' LIMIT 1;
SELECT * FROM usertable WHERE y_id='user3956449419912651136' LIMIT 1;
SELECT * FROM usertable WHERE y_id='user6399761937749426484' LIMIT 1;
SELECT * FROM usertable WHERE y_id='user2167454450103364686' LIMIT 1;
SELECT * FROM usertable WHERE y_id='user1005413005517793606' LIMIT 1;
SELECT * FROM usertable WHERE y_id='user4153387984724034032' LIMIT 1;
SELECT * FROM usertable WHERE y_id='user4736362660161462247' LIMIT 1;
SELECT * FROM usertable WHERE y_id='user5561033025926542844' LIMIT 1;
SELECT * FROM usertable WHERE y_id='user754563266369447745' LIMIT 1;
SELECT * FROM usertable WHERE y_id='user5912804296099134935' LIMIT 1;
SELECT * FROM usertable WHERE y_id='user4655305778238567637' LIMIT 1;
SELECT * FROM usertable WHERE y_id='user1236834726000471613' LIMIT 1;
SELECT * FROM usertable WHERE y_id='user4153387984724034032' LIMIT 1;
SELECT * FROM usertable WHERE y_id='user2408371864701034737' LIMIT 1;
SELECT * FROM usertable WHERE y_id='user769523418233689801' LIMIT 1;
SELECT * FROM usertable WHERE y_id='user7942934995723933319' LIMIT 1;
SELECT * FROM usertable WHERE y_id='user5817128907606296834' LIMIT 1;
SELECT * FROM usertable WHERE y_id='user2534185872140198833' LIMIT 1;
SELECT * FROM usertable WHERE y_id='user8266247528486620759' LIMIT 1;
SELECT * FROM usertable WHERE y_id='user2755115307560060582' LIMIT 1;
SELECT * FROM usertable WHERE y_id='user75353241927040981' LIMIT 1;
INSERT INTO usertable (y_id,field5) VALUES ('user5475289961984380553','<)4 *p;Hw"&b=T#4^{,=($O9/Fu>9v4&>4D1(#* Y(""03(/%,)%~#9<%=f:4r''$"?"d&%n7>f>Ls%4~/]y1Vu"Nk+Kk7J)8V38');
SELECT * FROM usertable WHERE y_id='user6048550628088974841' LIMIT 1;
SELECT * FROM usertable WHERE y_id='user4987430714527649991' LIMIT 1;
SELECT * FROM usertable WHERE y_id='user7350587956247969742' LIMIT 1;
SELECT * FROM usertable WHERE y_id='user8396187757432912088' LIMIT 1;
SELECT * FROM usertable WHERE y_id='user2056040634016302198' LIMIT 1;
SELECT * FROM usertable WHERE y_id='user3570413309286605817' LIMIT 1;
SELECT * FROM usertable WHERE y_id='user7446263344740807843' LIMIT 1;
SELECT * FROM usertable WHERE y_id='user5912804296099134935' LIMIT 1;
SELECT * FROM usertable WHERE y_id='user7350806271465811625' LIMIT 1;
SELECT * FROM usertable WHERE y_id='user276977988757691558' LIMIT 1;
SELECT * FROM usertable WHERE y_id='user2171580671610491919' LIMIT 1;
SELECT * FROM usertable WHERE y_id='user3714753729584998754' LIMIT 1;
SELECT * FROM usertable WHERE y_id='user2528939729608790704' LIMIT 1;
SELECT * FROM usertable WHERE y_id='user4524463943485837295' LIMIT 1;
SELECT * FROM usertable WHERE y_id='user8536961916736318240' LIMIT 1;
SELECT * FROM usertable WHERE y_id='user9114690449642338326' LIMIT 1;
SELECT * FROM usertable WHERE y_id='user8864400671006132913' LIMIT 1;
SELECT * FROM usertable WHERE y_id='user3464245635730951458' LIMIT 1;
SELECT * FROM usertable WHERE y_id='user6053018494890400639' LIMIT 1;
SELECT * FROM usertable WHERE y_id='user60174774844957042' LIMIT 1;
SELECT * FROM usertable WHERE y_id='user5691314900167132738' LIMIT 1;
SELECT * FROM usertable WHERE y_id='user7008189050113913013' LIMIT 1;
SELECT * FROM usertable WHERE y_id='user4153387984724034032' LIMIT 1;
SELECT * FROM usertable WHERE y_id='user5103094082198296394' LIMIT 1;
SELECT * FROM usertable WHERE y_id='user6737474661864215532' LIMIT 1;
SELECT * FROM usertable WHERE y_id='user1573987489603120213' LIMIT 1;
SELECT * FROM usertable WHERE y_id='user1111580679073447965' LIMIT 1;
SELECT * FROM usertable WHERE y_id='user865198806726527902' LIMIT 1;
SELECT * FROM usertable WHERE y_id='user8748518988117644627' LIMIT 1;
SELECT * FROM usertable WHERE y_id='user4987430714527649991' LIMIT 1;
SELECT * FROM usertable WHERE y_id='user5692093175897115069' LIMIT 1;
SELECT * FROM usertable WHERE y_id='user5696219397404242302' LIMIT 1;
SELECT * FROM usertable WHERE y_id='user5918050438630543064' LIMIT 1;
INSERT INTO usertable (y_id,field6) VALUES ('user4273955849631789999',' <$$Js''2*%I92L?9D=%6>%)~0""-Ww0;6-<x)7|"Zk1*`3Lg?Fi>J9.@a?Q3,Z9%86%D=,Am!X595&57z/Qu7T''1:|?7h''Vu95<0');
SELECT * FROM usertable WHERE y_id='user5228908089637460490' LIMIT 1;
SELECT * FROM usertable WHERE y_id='user784141924803633292' LIMIT 1;
SELECT * FROM usertable WHERE y_id='user5339761945212382530' LIMIT 1;
SELECT * FROM usertable WHERE y_id='user4409142221109489457' LIMIT 1;
SELECT * FROM usertable WHERE y_id='user1588605996173063704' LIMIT 1;
SELECT * FROM usertable WHERE y_id='user2876243132979956997' LIMIT 1;
SELECT * FROM usertable WHERE y_id='user3826167545672061242' LIMIT 1;
INSERT INTO usertable (y_id,field6) VALUES ('user7798594575425540382',':]e7A/,J%<=:8Y#<Ia4Mm:Zi(#j/[e0[i+R%/Qu''E58[5!0|(^'')U3:74<?p>^o7).&8"-Ay/Ry6Qq,!l;=6?9r&,p5<|?F-"S10');
SELECT * FROM usertable WHERE y_id='user1835329513814282332' LIMIT 1;
SELECT * FROM usertable WHERE y_id='user633995401461691778' LIMIT 1;
SELECT * FROM usertable WHERE y_id='user3831195372985627488' LIMIT 1;
SELECT * FROM usertable WHERE y_id='user7813213081995483873' LIMIT 1;
SELECT * FROM usertable WHERE y_id='user3714753729584998754' LIMIT 1;
SELECT * FROM usertable WHERE y_id='user4765941318595647794' LIMIT 1;
SELECT * FROM usertable WHERE y_id='user181302600264853457' LIMIT 1;
SELECT * FROM usertable WHERE y_id='user5127644913318915695' LIMIT 1;
SELECT * FROM usertable WHERE y_id='user2051012806702735952' LIMIT 1;
SELECT * FROM usertable WHERE y_id='user1573987489603120213' LIMIT 1;
SELECT * FROM usertable WHERE y_id='user4887069144015544209' LIMIT 1;
SELECT * FROM usertable WHERE y_id='user980520529102875740' LIMIT 1;
SELECT * FROM usertable WHERE y_id='user2060726816035569879' LIMIT 1;
SELECT * FROM usertable WHERE y_id='user5364654421627300396' LIMIT 1;
INSERT INTO usertable (y_id,field8) VALUES ('user417192187548957262','"X!,^!0Z))7:$)n:%*;B/5N9=4l";<,S''0S}2>08B;67,%S;$A!$3*-O=5F!4Ra#1h+Io7,p8V/)%,8=j>]19R)9C''My&A-?_''!');
SELECT * FROM usertable WHERE y_id='user1573987489603120213' LIMIT 1;
SELECT * FROM usertable WHERE y_id='user3328717618958953435' LIMIT 1;
SELECT * FROM usertable WHERE y_id='user2644479767202980425' LIMIT 1;
SELECT * FROM usertable WHERE y_id='user784141924803633292' LIMIT 1;
SELECT * FROM usertable WHERE y_id='user185428821771980690' LIMIT 1;
SELECT * FROM usertable WHERE y_id='user5339761945212382530' LIMIT 1;
SELECT * FROM usertable WHERE y_id='user6636771446057811185' LIMIT 1;
SELECT * FROM usertable WHERE y_id='user8421080233847829954' LIMIT 1;
INSERT INTO usertable (y_id,field7) VALUES ('user7939027089434647969','0''.!C3=@u6Lu888<Vw>#v>U%$Q+=6t3P{''Zw78",[1+!0,Q1!B78I''8889Hk.^a+2*/.$870/-d6<`3Nm.^q8Ra7L!:5:92* /8(');
SELECT * FROM usertable WHERE y_id='user1824837228751466074' LIMIT 1;
SELECT * FROM usertable WHERE y_id='user3710067547565731073' LIMIT 1;
SELECT * FROM usertable WHERE y_id='user2645039727715120873' LIMIT 1;
INSERT INTO usertable (y_id,field1) VALUES ('user5817347222824138717','=_#(L#/]# [#7Ky''J9$Ma?2:!)0=..*=d.;:&+81@374(%Bg!D3<?6.?d/)21K}:Y"C{#C#682%Dq.Z! ;,7>f2S''Xw;Cc:]s&');
SELECT * FROM usertable WHERE y_id='user4887069144015544209' LIMIT 1;
SELECT * FROM usertable WHERE y_id='user5238840414188136300' LIMIT 1;
SELECT * FROM usertable WHERE y_id='user6656417779941320922' LIMIT 1;
SELECT * FROM usertable WHERE y_id='user2645039727715120873' LIMIT 1;
SELECT * FROM usertable WHERE y_id='user6285000175885219094' LIMIT 1;
SELECT * FROM usertable WHERE y_id='user4635659444355057900' LIMIT 1;
SELECT * FROM usertable WHERE y_id='user7354714177755096975' LIMIT 1;
INSERT INTO usertable (y_id,field7) VALUES ('user4153387984724034032','"W{2Ky50p''Hk=Z1 ;l=M3,"~#&r7N/?Xi.2,:@/$T97)z:( #\m;?"*O),(r)Y!(Bm0Nw"Ou.>$5F3> z:@e.Xq:O= >r?]=9Nc2');
SELECT * FROM usertable WHERE y_id='user9115468725372320657' LIMIT 1;
SELECT * FROM usertable WHERE y_id='user1693995393998735732' LIMIT 1;
SELECT * FROM usertable WHERE y_id='user4419416190954463832' LIMIT 1;
SELECT * FROM usertable WHERE y_id='user8743832806098376946' LIMIT 1;
SELECT * FROM usertable WHERE y_id='user7942934995723933319' LIMIT 1;
SELECT * FROM usertable WHERE y_id='user5460111494902296614' LIMIT 1;
SELECT * FROM usertable WHERE y_id='user6048332312871132958' LIMIT 1;
SELECT * FROM usertable WHERE y_id='user4997922999590466249' LIMIT 1;
SELECT * FROM usertable WHERE y_id='user5107998579435405958' LIMIT 1;
SELECT * FROM usertable WHERE y_id='user7345341813716561613' LIMIT 1;
SELECT * FROM usertable WHERE y_id='user7803280757444808063' LIMIT 1;
SELECT * FROM usertable WHERE y_id='user7475842003174993390' LIMIT 1;
SELECT * FROM usertable WHERE y_id='user7938808774216806086' LIMIT 1;
SELECT * FROM usertable WHERE y_id='user8266247528486620759' LIMIT 1;
SELECT * FROM usertable WHERE y_id='user2986878673337037154' LIMIT 1;
SELECT * FROM usertable WHERE y_id='user1810437037399364466' LIMIT 1;
INSERT INTO usertable (y_id,field7) VALUES ('user1573987489603120213','#Y}?$0:Tm.[m41v:]s*''x6/~7M9)Fe)-:=*4%Ys*3<2$n"=j<''x*3>01h.Q}:A5<70$_''1Zs.Xg*Og.''p;O!.<.5.(1<l''Ba#460');
SELECT * FROM usertable WHERE y_id='user528046043123879302' LIMIT 1;
SELECT * FROM usertable WHERE y_id='user7239392455378749137' LIMIT 1;
SELECT * FROM usertable WHERE y_id='user6505711296087238960' LIMIT 1;
SELECT * FROM usertable WHERE y_id='user880377273808611841' LIMIT 1;
SELECT * FROM usertable WHERE y_id='user3227796087934707205' LIMIT 1;
SELECT * FROM usertable WHERE y_id='user3926870761478465589' LIMIT 1;
SELECT * FROM usertable WHERE y_id='user6862728708791239180' LIMIT 1;
SELECT * FROM usertable WHERE y_id='user4741048842180729928' LIMIT 1;
SELECT * FROM usertable WHERE y_id='user3126532911616162410' LIMIT 1;
INSERT INTO usertable (y_id,field9) VALUES ('user1347470266357551770','-Ku/4z&Li29 2,")]w.P''1Y/1''j.W'';t+Xq%?|:;j!^%9Rc=#2 C11G)1?$.]/,7d''/n?W{ D#,V.$.4561]}&Vc&3,%A;9B''%');
SELECT * FROM usertable WHERE y_id='user2870996990448548868' LIMIT 1;
SELECT * FROM usertable WHERE y_id='user4997704684372624366' LIMIT 1;
SELECT * FROM usertable WHERE y_id='user3338649943509629245' LIMIT 1;
SELECT * FROM usertable WHERE y_id='user6862728708791239180' LIMIT 1;
SELECT * FROM usertable WHERE y_id='user181302600264853457' LIMIT 1;
SELECT * FROM usertable WHERE y_id='user7335627804383727686' LIMIT 1;
SELECT * FROM usertable WHERE y_id='user6395635716242299251' LIMIT 1;
SELECT * FROM usertable WHERE y_id='user3575099491305873498' LIMIT 1;
SELECT * FROM usertable WHERE y_id='user9206239616628049194' LIMIT 1;
SELECT * FROM usertable WHERE y_id='user6987982755718262828' LIMIT 1;
SELECT * FROM usertable WHERE y_id='user8305758511471482116' LIMIT 1;
SELECT * FROM usertable WHERE y_id='user2061505091765552210' LIMIT 1;
SELECT * FROM usertable WHERE y_id='user1573987489603120213' LIMIT 1;
SELECT * FROM usertable WHERE y_id='user4630973262335790219' LIMIT 1;
SELECT * FROM usertable WHERE y_id='user2876024817762115114' LIMIT 1;
SELECT * FROM usertable WHERE y_id='user7798594575425540382' LIMIT 1;
SELECT * FROM usertable WHERE y_id='user5817347222824138717' LIMIT 1;
SELECT * FROM usertable WHERE y_id='user4419416190954463832' LIMIT 1;
SELECT * FROM usertable WHERE y_id='user633995401461691778' LIMIT 1;
SELECT * FROM usertable WHERE y_id='user2288022315011120653' LIMIT 1;
SELECT * FROM usertable WHERE y_id='user4993018502353356685' LIMIT 1;
SELECT * FROM usertable WHERE y_id='user7239392455378749137' LIMIT 1;
SELECT * FROM usertable WHERE y_id='user5817347222824138717' LIMIT 1;
SELECT * FROM usertable WHERE y_id='user180742639752713009' LIMIT 1;
SELECT * FROM usertable WHERE y_id='user8039170344728911868' LIMIT 1;
SELECT * FROM usertable WHERE y_id='user7576203573687099172' LIMIT 1;
SELECT * FROM usertable WHERE y_id='user60174774844957042' LIMIT 1;
SELECT * FROM usertable WHERE y_id='user4978058350489114629' LIMIT 1;
SELECT * FROM usertable WHERE y_id='user5098066254884730148' LIMIT 1;
SELECT * FROM usertable WHERE y_id='user5917490478118402616' LIMIT 1;
INSERT INTO usertable (y_id,field4) VALUES ('user2880929314999224678','!;81)t=6f'':8>W+!?6'';|"[s$,<%@y$N5<9p5Qc?-t,Xq:L}+1z''7(/Ns"F;;*p#0n+Q)<%67964#t3$h.3p4Zo#60>.&09r>[}2');
SELECT * FROM usertable WHERE y_id='user2533625911628058385' LIMIT 1;
SELECT * FROM usertable WHERE y_id='user6987982755718262828' LIMIT 1;
SELECT * FROM usertable WHERE y_id='user8155052027617400154' LIMIT 1;
SELECT * FROM usertable WHERE y_id='user4409483866403788022' LIMIT 1;
SELECT * FROM usertable WHERE y_id='user6968678067129051656' LIMIT 1;
SELECT * FROM usertable WHERE y_id='user5812101080292730588' LIMIT 1;
SELECT * FROM usertable WHERE y_id='user7942934995723933319' LIMIT 1;
SELECT * FROM usertable WHERE y_id='user1573987489603120213' LIMIT 1;
SELECT * FROM usertable WHERE y_id='user6033932121519031350' LIMIT 1;
SELECT * FROM usertable WHERE y_id='user2634547442652304615' LIMIT 1;
SELECT * FROM usertable WHERE y_id='user7460881851310751334' LIMIT 1;
SELECT * FROM usertable WHERE y_id='user5586143817559302593' LIMIT 1;
SELECT * FROM usertable WHERE y_id='user6415282050125808988' LIMIT 1;
SELECT * FROM usertable WHERE y_id='user5817347222824138717' LIMIT 1;
SELECT * FROM usertable WHERE y_id='user8984408575401748432' LIMIT 1;
SELECT * FROM usertable WHERE y_id='user8758232997450478554' LIMIT 1;
SELECT * FROM usertable WHERE y_id='user2533625911628058385' LIMIT 1;
SELECT * FROM usertable WHERE y_id='user7823487051840458248' LIMIT 1;
SELECT * FROM usertable WHERE y_id='user879598998078629510' LIMIT 1;
SELECT * FROM usertable WHERE y_id='user4153387984724034032' LIMIT 1;
SELECT * FROM usertable WHERE y_id='user3237946727703224898' LIMIT 1;
INSERT INTO usertable (y_id,field1) VALUES ('user3478864142300894949',':3j6S94@a"T%3/&<Hi1?|;Kw5Uy+ p<6h7R+/]199&''''042x:Ni&8t>X?C!;@k+;b0#"%6.:X3)"8&2d>Us5''|+Y)0S/5E''17z7');
SELECT * FROM usertable WHERE y_id='user6395635716242299251' LIMIT 1;
SELECT * FROM usertable WHERE y_id='user3343117810311055043' LIMIT 1;
SELECT * FROM usertable WHERE y_id='user7934122592197538405' LIMIT 1;
SELECT * FROM usertable WHERE y_id='user8652283639112666078' LIMIT 1;
SELECT * FROM usertable WHERE y_id='user4177720500626811450' LIMIT 1;
SELECT * FROM usertable WHERE y_id='user3001278864689138762' LIMIT 1;
SELECT * FROM usertable WHERE y_id='user8280647719838722367' LIMIT 1;
SELECT * FROM usertable WHERE y_id='user5349475954545216457' LIMIT 1;
SELECT * FROM usertable WHERE y_id='user880158958590769958' LIMIT 1;
SELECT * FROM usertable WHERE y_id='user2876024817762115114' LIMIT 1;
SELECT * FROM usertable WHERE y_id='user176616418245585776' LIMIT 1;
SELECT * FROM usertable WHERE y_id='user2307108688382489942' LIMIT 1;
SELECT * FROM usertable WHERE y_id='user6631525303526403056' LIMIT 1;
SELECT * FROM usertable WHERE y_id='user879598998078629510' LIMIT 1;
SELECT * FROM usertable WHERE y_id='user3343117810311055043' LIMIT 1;
SELECT * FROM usertable WHERE y_id='user1805750855380096785' LIMIT 1;
SELECT * FROM usertable WHERE y_id='user8753205170136912308' LIMIT 1;
SELECT * FROM usertable WHERE y_id='user8502137115770724564' LIMIT 1;
SELECT * FROM usertable WHERE y_id='user2644261451985138542' LIMIT 1;
SELECT * FROM usertable WHERE y_id='user3936803086029141399' LIMIT 1;
SELECT * FROM usertable WHERE y_id='user2282776172479712524' LIMIT 1;
SELECT * FROM usertable WHERE y_id='user1573987489603120213' LIMIT 1;
SELECT * FROM usertable WHERE y_id='user3815675260609244984' LIMIT 1;
SELECT * FROM usertable WHERE y_id='user5113244721966814087' LIMIT 1;
SELECT * FROM usertable WHERE y_id='user4872108992151302153' LIMIT 1;
SELECT * FROM usertable WHERE y_id='user1573987489603120213' LIMIT 1;
SELECT * FROM usertable WHERE y_id='user6279754033353810965' LIMIT 1;
SELECT * FROM usertable WHERE y_id='user663574059895877325' LIMIT 1;
SELECT * FROM usertable WHERE y_id='user6520889763169322899' LIMIT 1;
SELECT * FROM usertable WHERE y_id='user2765389277405034957' LIMIT 1;
SELECT * FROM usertable WHERE y_id='user1347251951139709887' LIMIT 1;
SELECT * FROM usertable WHERE y_id='user778895782272225163' LIMIT 1;
INSERT INTO usertable (y_id,field1) VALUES ('user8054690457105294372','$C-5P+5Os"Q{*Mc>7h8&89Ca%H}:+"0*><(j#]e''=~8,~?C!9F}"M5(4v3@y.:r''&j;&& :&60>4%0$^'' [+0:`;%:5=p7 p''Hk"');
SELECT * FROM usertable WHERE y_id='user7239392455378749137' LIMIT 1;
SELECT * FROM usertable WHERE y_id='user4635659444355057900' LIMIT 1;
SELECT * FROM usertable WHERE y_id='user5460111494902296614' LIMIT 1;
SELECT * FROM usertable WHERE y_id='user2765389277405034957' LIMIT 1;
SELECT * FROM usertable WHERE y_id='user8270373749993747992' LIMIT 1;
SELECT * FROM usertable WHERE y_id='user894777465160713449' LIMIT 1;
SELECT * FROM usertable WHERE y_id='user1829523410770733755' LIMIT 1;
INSERT INTO usertable (y_id,field4) VALUES ('user5817128907606296834','(=:5R?,$`>"b5$z3Rg*Ws">$9''~+/d16,<C5%H9$^s$!p6''25&f?T5%/, V9 , %#&&/~2/x:8*0!f"$,<Ae:Vo3 b%#&1T{''&n2');
SELECT * FROM usertable WHERE y_id='user4645373453687891827' LIMIT 1;
SELECT * FROM usertable WHERE y_id='user291938140621933614' LIMIT 1;
SELECT * FROM usertable WHERE y_id='user75353241927040981' LIMIT 1;
SELECT * FROM usertable WHERE y_id='user1684623029960200370' LIMIT 1;
SELECT * FROM usertable WHERE y_id='user181302600264853457' LIMIT 1;
SELECT * FROM usertable WHERE y_id='user3570413309286605817' LIMIT 1;
SELECT * FROM usertable WHERE y_id='user2156962165040548428' LIMIT 1;
SELECT * FROM usertable WHERE y_id='user6998256725563237203' LIMIT 1;
SELECT * FROM usertable WHERE y_id='user4057370950936897366' LIMIT 1;
SELECT * FROM usertable WHERE y_id='user4303534508065975546' LIMIT 1;
SELECT * FROM usertable WHERE y_id='user2051354451997034517' LIMIT 1;
SELECT * FROM usertable WHERE y_id='user8647597457093398397' LIMIT 1;
SELECT * FROM usertable WHERE y_id='user2413058046720302418' LIMIT 1;
SELECT * FROM usertable WHERE y_id='user1573987489603120213' LIMIT 1;
SELECT * FROM usertable WHERE y_id='user6862728708791239180' LIMIT 1;
SELECT * FROM usertable WHERE y_id='user5912804296099134935' LIMIT 1;
SELECT * FROM usertable WHERE y_id='user311242829211144786' LIMIT 1;
SELECT * FROM usertable WHERE y_id='user899463647179981130' LIMIT 1;
SELECT * FROM usertable WHERE y_id='user6757120995747725269' LIMIT 1;
SELECT * FROM usertable WHERE y_id='user2408371864701034737' LIMIT 1;
SELECT * FROM usertable WHERE y_id='user7350027995735829294' LIMIT 1;
SELECT * FROM usertable WHERE y_id='user412164360235391016' LIMIT 1;
SELECT * FROM usertable WHERE y_id='user3237168451973242567' LIMIT 1;
INSERT INTO usertable (y_id,field3) VALUES ('user5817128907606296834','4 8(?8%<6)Wq?(x+2j<1h+;d<Te?=: \q&]?$G? K9*624\y72( $$1E)=[{5H}+Y!$]e#$z4+`:Nq6Om/+.:T}3V=.Fg3&j#=.9');
SELECT * FROM usertable WHERE y_id='user4404797684384520341' LIMIT 1;
SELECT * FROM usertable WHERE y_id='user5585365541829320262' LIMIT 1;
SELECT * FROM usertable WHERE y_id='user7460663536092909451' LIMIT 1;
SELECT * FROM usertable WHERE y_id='user2408371864701034737' LIMIT 1;
INSERT INTO usertable (y_id,field5) VALUES ('user4876795174170569834','2Ue.Za?8p7<:7Qg2 "=N%1,*#Jw&]+9Z/Y#&X?<.:!Q)=1t-,($4r4L?5@o Sa3_=,020)<$52$Ee*G/!<:$Io&+&"7h?,..7$%');
SELECT * FROM usertable WHERE y_id='user1718887870413653598' LIMIT 1;
SELECT * FROM usertable WHERE y_id='user7817899264014751554' LIMIT 1;
SELECT * FROM usertable WHERE y_id='user5827061232156972644' LIMIT 1;
INSERT INTO usertable (y_id,field9) VALUES ('user648395592813793386','?36,A,Oo#T?>Po2Q5+(r*>( 3*5Si0K''5 j*H+0+&7O?$Ie?9,=Eg=!z#Cy*E)-Qw5C9%L%-Z3,Es:"4(@''7\?$A9/Ps:P3?[g3');
SELECT * FROM usertable WHERE y_id='user2171580671610491919' LIMIT 1;
SELECT * FROM usertable WHERE y_id='user5214507898285358882' LIMIT 1;
SELECT * FROM usertable WHERE y_id='user3102200395713384992' LIMIT 1;
SELECT * FROM usertable WHERE y_id='user4052684768917629685' LIMIT 1;
SELECT * FROM usertable WHERE y_id='user2740496800990117091' LIMIT 1;
SELECT * FROM usertable WHERE y_id='user7229678446045915210' LIMIT 1;
SELECT * FROM usertable WHERE y_id='user8859154528474724784' LIMIT 1;
SELECT * FROM usertable WHERE y_id='user880377273808611841' LIMIT 1;
SELECT * FROM usertable WHERE y_id='user5942382954533320482' LIMIT 1;
SELECT * FROM usertable WHERE y_id='user6867974851322647309' LIMIT 1;
SELECT * FROM usertable WHERE y_id='user2056258949234144081' LIMIT 1;
SELECT * FROM usertable WHERE y_id='user1805750855380096785' LIMIT 1;
SELECT * FROM usertable WHERE y_id='user7114138408451725489' LIMIT 1;
SELECT * FROM usertable WHERE y_id='user4153387984724034032' LIMIT 1;
SELECT * FROM usertable WHERE y_id='user5807414898273462907' LIMIT 1;
SELECT * FROM usertable WHERE y_id='user8285552217075831931' LIMIT 1;
SELECT * FROM usertable WHERE y_id='user166342448400611401' LIMIT 1;
SELECT * FROM usertable WHERE y_id='user6399761937749426484' LIMIT 1;
SELECT * FROM usertable WHERE y_id='user3011771149751955020' LIMIT 1;
SELECT * FROM usertable WHERE y_id='user5797482573722787097' LIMIT 1;
SELECT * FROM usertable WHERE y_id='user3343117810311055043' LIMIT 1;
SELECT * FROM usertable WHERE y_id='user4037506301835545746' LIMIT 1;
SELECT * FROM usertable WHERE y_id='user2649725909734388554' LIMIT 1;
SELECT * FROM usertable WHERE y_id='user60174774844957042' LIMIT 1;
SELECT * FROM usertable WHERE y_id='user6525917590482889145' LIMIT 1;
SELECT * FROM usertable WHERE y_id='user3826167545672061242' LIMIT 1;
SELECT * FROM usertable WHERE y_id='user5691533215384974621' LIMIT 1;
SELECT * FROM usertable WHERE y_id='user3232700585171816769' LIMIT 1;
SELECT * FROM usertable WHERE y_id='user7104206083901049679' LIMIT 1;
SELECT * FROM usertable WHERE y_id='user4168006491293977523' LIMIT 1;
SELECT * FROM usertable WHERE y_id='user6058264637421808768' LIMIT 1;
SELECT * FROM usertable WHERE y_id='user643709410794525705' LIMIT 1;
SELECT * FROM usertable WHERE y_id='user1573987489603120213' LIMIT 1;
SELECT * FROM usertable WHERE y_id='user6280313993865951413' LIMIT 1;
SELECT * FROM usertable WHERE y_id='user5339761945212382530' LIMIT 1;
SELECT * FROM usertable WHERE y_id='user8521783449654234301' LIMIT 1;
SELECT * FROM usertable WHERE y_id='user2654753737047954800' LIMIT 1;
SELECT * FROM usertable WHERE y_id='user6174364635528138937' LIMIT 1;
SELECT * FROM usertable WHERE y_id='user8034484162709644187' LIMIT 1;
SELECT * FROM usertable WHERE y_id='user2644261451985138542' LIMIT 1;
SELECT * FROM usertable WHERE y_id='user1573987489603120213' LIMIT 1;
SELECT * FROM usertable WHERE y_id='user5912804296099134935' LIMIT 1;
SELECT * FROM usertable WHERE y_id='user4153387984724034032' LIMIT 1;
SELECT * FROM usertable WHERE y_id='user5817347222824138717' LIMIT 1;
SELECT * FROM usertable WHERE y_id='user1829523410770733755' LIMIT 1;
SELECT * FROM usertable WHERE y_id='user5932668945200486555' LIMIT 1;
INSERT INTO usertable (y_id,field0) VALUES ('user884845140610037639','&^o>Bs2E''=5|?,  K!:)h+#t>!89V#<!*$K%8(0]/$Bc.Kq66r;Ko4>h3Uw18`/X{''+h>"p1!. *b83t*[c&6n6Z/57858">,f6');
SELECT * FROM usertable WHERE y_id='user1820151046732198393' LIMIT 1;
SELECT * FROM usertable WHERE y_id='user2061505091765552210' LIMIT 1;
SELECT * FROM usertable WHERE y_id='user3820921403140653113' LIMIT 1;
SELECT * FROM usertable WHERE y_id='user1573987489603120213' LIMIT 1;
SELECT * FROM usertable WHERE y_id='user1347470266357551770' LIMIT 1;
SELECT * FROM usertable WHERE y_id='user5233812586874570054' LIMIT 1;
SELECT * FROM usertable WHERE y_id='user7934122592197538405' LIMIT 1;
SELECT * FROM usertable WHERE y_id='user4987430714527649991' LIMIT 1;
SELECT * FROM usertable WHERE y_id='user6058824597933949216' LIMIT 1;
SELECT * FROM usertable WHERE y_id='user774209600252957482' LIMIT 1;
INSERT INTO usertable (y_id,field7) VALUES ('user2172482277416930932','1@-1 $/-l&]u."0!^m<?(5Y?234)W!,^+,_''!,.)''6&,(8;>.6r6=l752!Fo2Cy>0|-Me;6x7;2%Y%7]#0Si5O9)E'';%n/=01U/$');
SELECT * FROM usertable WHERE y_id='user4645373453687891827' LIMIT 1;
SELECT * FROM usertable WHERE y_id='user3810989078589977303' LIMIT 1;
SELECT * FROM usertable WHERE y_id='user7118824590470993170' LIMIT 1;
SELECT * FROM usertable WHERE y_id='user2509293395725280967' LIMIT 1;
SELECT * FROM usertable WHERE y_id='user2644821412497278990' LIMIT 1;
SELECT * FROM usertable WHERE y_id='user2880710999781382795' LIMIT 1;
SELECT * FROM usertable WHERE y_id='user5817347222824138717' LIMIT 1;
SELECT * FROM usertable WHERE y_id='user8054690457105294372' LIMIT 1;
SELECT * FROM usertable WHERE y_id='user398105814177587973' LIMIT 1;
SELECT * FROM usertable WHERE y_id='user6979170352191867914' LIMIT 1;
SELECT * FROM usertable WHERE y_id='user7350587956247969742' LIMIT 1;
INSERT INTO usertable (y_id,field3) VALUES ('user1468379776559606302','3%<-6<6,h3(l=Fy;(|5L50/z$N;-!p9&d"Um Ag?Q!4L11Oo,=z''@-<>: J#*(x*)b*Wu#D{6Oi:Us7&f''?63Ug?*p8,.%Fg6.<-');
SELECT * FROM usertable WHERE y_id='user3464245635730951458' LIMIT 1;
SELECT * FROM usertable WHERE y_id='user3464245635730951458' LIMIT 1;
SELECT * FROM usertable WHERE y_id='user4534737913330811670' LIMIT 1;
SELECT * FROM usertable WHERE y_id='user1458105806714631927' LIMIT 1;
SELECT * FROM usertable WHERE y_id='user8633197265741296789' LIMIT 1;
INSERT INTO usertable (y_id,field7) VALUES ('user4520119406760868179','56,%V}"''f:?x5R=<O}>@q2&h,M74Je.#*-Kk:Ig"M-4"h*Wg51f''X}''Bu? x;E+!$"#/|+.2$Z3(Jm:Hm#50$T''1B}1Ng& h  f3');
SELECT * FROM usertable WHERE y_id='user1236834726000471613' LIMIT 1;
SELECT * FROM usertable WHERE y_id='user4152828024211893584' LIMIT 1;
SELECT * FROM usertable WHERE y_id='user986326632146424317' LIMIT 1;
SELECT * FROM usertable WHERE y_id='user5696219397404242302' LIMIT 1;
SELECT * FROM usertable WHERE y_id='user5831747414176240325' LIMIT 1;
SELECT * FROM usertable WHERE y_id='user4404797684384520341' LIMIT 1;
SELECT * FROM usertable WHERE y_id='user2277530029948304395' LIMIT 1;
SELECT * FROM usertable WHERE y_id='user5827061232156972644' LIMIT 1;
SELECT * FROM usertable WHERE y_id='user1236616410782629730' LIMIT 1;
SELECT * FROM usertable WHERE y_id='user6505711296087238960' LIMIT 1;
INSERT INTO usertable (y_id,field5) VALUES ('user4409702181621629905','14j3H}4*&%Ke>[5,X''19|# ,!Ti7.$&]75*:=_-(P)0?(="z7Zk/6x6E+03$,7|6G1:Aq;.r$Ge:!(-7(=+:?W}6%v0Ka*603>*1');
SELECT * FROM usertable WHERE y_id='user3594185864677242787' LIMIT 1;
SELECT * FROM usertable WHERE y_id='user1593852138704471833' LIMIT 1;
SELECT * FROM usertable WHERE y_id='user769523418233689801' LIMIT 1;
SELECT * FROM usertable WHERE y_id='user6651731597922053241' LIMIT 1;
SELECT * FROM usertable WHERE y_id='user3815675260609244984' LIMIT 1;
SELECT * FROM usertable WHERE y_id='user4741608802692870376' LIMIT 1;
SELECT * FROM usertable WHERE y_id='user1950091275678489722' LIMIT 1;
SELECT * FROM usertable WHERE y_id='user311242829211144786' LIMIT 1;
SELECT * FROM usertable WHERE y_id='user2292708497030388334' LIMIT 1;
SELECT * FROM usertable WHERE y_id='user3826167545672061242' LIMIT 1;
SELECT * FROM usertable WHERE y_id='user7567391170160704258' LIMIT 1;
SELECT * FROM usertable WHERE y_id='user6062950819441076449' LIMIT 1;
SELECT * FROM usertable WHERE y_id='user1453419624695364246' LIMIT 1;
SELECT * FROM usertable WHERE y_id='user4153387984724034032' LIMIT 1;
SELECT * FROM usertable WHERE y_id='user2986878673337037154' LIMIT 1;
SELECT * FROM usertable WHERE y_id='user2066532919079118456' LIMIT 1;
SELECT * FROM usertable WHERE y_id='user7692426901869886023' LIMIT 1;
SELECT * FROM usertable WHERE y_id='user5918050438630543064' LIMIT 1;
SELECT * FROM usertable WHERE y_id='user1473065958578873983' LIMIT 1;
SELECT * FROM usertable WHERE y_id='user5364654421627300396' LIMIT 1;
SELECT * FROM usertable WHERE y_id='user5223880262323894244' LIMIT 1;
SELECT * FROM usertable WHERE y_id='user9119376631661606007' LIMIT 1;
SELECT * FROM usertable WHERE y_id='user2996251037375572516' LIMIT 1;
SELECT * FROM usertable WHERE y_id='user6757120995747725269' LIMIT 1;
SELECT * FROM usertable WHERE y_id='user1573987489603120213' LIMIT 1;
SELECT * FROM usertable WHERE y_id='user60174774844957042' LIMIT 1;
SELECT * FROM usertable WHERE y_id='user6862728708791239180' LIMIT 1;
SELECT * FROM usertable WHERE y_id='user181302600264853457' LIMIT 1;
SELECT * FROM usertable WHERE y_id='user6752093168434159023' LIMIT 1;
SELECT * FROM usertable WHERE y_id='user2297736324343954580' LIMIT 1;
SELECT * FROM usertable WHERE y_id='user8622704980678480531' LIMIT 1;
INSERT INTO usertable (y_id,field8) VALUES ('user8305758511471482116','  0)S#<385P76%f/#45 8!.:-3~''#l.Js>(d?7"8($.I#5.v2H=(+d6P? [u;!~#-<=3f+\''#N''-0b/J)5:z%3.0Ay!%.0?0*4d2');
SELECT * FROM usertable WHERE y_id='user2172140632122632367' LIMIT 1;
SELECT * FROM usertable WHERE y_id='user648395592813793386' LIMIT 1;
SELECT * FROM usertable WHERE y_id='user8633197265741296789' LIMIT 1;
SELECT * FROM usertable WHERE y_id='user60174774844957042' LIMIT 1;
SELECT * FROM usertable WHERE y_id='user1573987489603120213' LIMIT 1;
SELECT * FROM usertable WHERE y_id='user874912816059361829' LIMIT 1;
SELECT * FROM usertable WHERE y_id='user508181394022527682' LIMIT 1;
SELECT * FROM usertable WHERE y_id='user528046043123879302' LIMIT 1;
SELECT * FROM usertable WHERE y_id='user5797482573722787097' LIMIT 1;
SELECT * FROM usertable WHERE y_id='user7089245932036807623' LIMIT 1;
SELECT * FROM usertable WHERE y_id='user2056600594528442646' LIMIT 1;
SELECT * FROM usertable WHERE y_id='user986326632146424317' LIMIT 1;
SELECT * FROM usertable WHERE y_id='user3826167545672061242' LIMIT 1;
SELECT * FROM usertable WHERE y_id='user4288574356201733490' LIMIT 1;
SELECT * FROM usertable WHERE y_id='user3584813500638707425' LIMIT 1;
SELECT * FROM usertable WHERE y_id='user2996592682669871081' LIMIT 1;
SELECT * FROM usertable WHERE y_id='user1940377266345655795' LIMIT 1;
SELECT * FROM usertable WHERE y_id='user527827727906037419' LIMIT 1;
SELECT * FROM usertable WHERE y_id='user8029797980690376506' LIMIT 1;
SELECT * FROM usertable WHERE y_id='user7948741098767481896' LIMIT 1;
SELECT * FROM usertable WHERE y_id='user995139035672819231' LIMIT 1;
SELECT * FROM usertable WHERE y_id='user5802728716254195226' LIMIT 1;
SELECT * FROM usertable WHERE y_id='user1815123219418632147' LIMIT 1;
SELECT * FROM usertable WHERE y_id='user5474730001472240105' LIMIT 1;
SELECT * FROM usertable WHERE y_id='user2780007783974978448' LIMIT 1;
SELECT * FROM usertable WHERE y_id='user3806302896570709622' LIMIT 1;
SELECT * FROM usertable WHERE y_id='user8160298170148808283' LIMIT 1;
SELECT * FROM usertable WHERE y_id='user35282298430039176' LIMIT 1;
SELECT * FROM usertable WHERE y_id='user1222216219430528122' LIMIT 1;
SELECT * FROM usertable WHERE y_id='user1805750855380096785' LIMIT 1;
SELECT * FROM usertable WHERE y_id='user7093932114056075304' LIMIT 1;
SELECT * FROM usertable WHERE y_id='user6862728708791239180' LIMIT 1;
SELECT * FROM usertable WHERE y_id='user1005631320735635489' LIMIT 1;
SELECT * FROM usertable WHERE y_id='user754563266369447745' LIMIT 1;
SELECT * FROM usertable WHERE y_id='user2297736324343954580' LIMIT 1;
SELECT * FROM usertable WHERE y_id='user6993788858761811405' LIMIT 1;
SELECT * FROM usertable WHERE y_id='user4153387984724034032' LIMIT 1;
SELECT * FROM usertable WHERE y_id='user5229126404855302373' LIMIT 1;
SELECT * FROM usertable WHERE y_id='user6184078644860972864' LIMIT 1;
SELECT * FROM usertable WHERE y_id='user4756227309262813867' LIMIT 1;
SELECT * FROM usertable WHERE y_id='user3714753729584998754' LIMIT 1;
SELECT * FROM usertable WHERE y_id='user392299711134039396' LIMIT 1;
SELECT * FROM usertable WHERE y_id='user8502137115770724564' LIMIT 1;
SELECT * FROM usertable WHERE y_id='user3343117810311055043' LIMIT 1;
SELECT * FROM usertable WHERE y_id='user2408371864701034737' LIMIT 1;
SELECT * FROM usertable WHERE y_id='user1693995393998735732' LIMIT 1;
SELECT * FROM usertable WHERE y_id='user7823487051840458248' LIMIT 1;
SELECT * FROM usertable WHERE y_id='user8873773035044668275' LIMIT 1;
SELECT * FROM usertable WHERE y_id='user4761255136576380113' LIMIT 1;
SELECT * FROM usertable WHERE y_id='user8044976447772460445' LIMIT 1;
SELECT * FROM usertable WHERE y_id='user4891755326034811890' LIMIT 1;
SELECT * FROM usertable WHERE y_id='user3936243125517000951' LIMIT 1;
SELECT * FROM usertable WHERE y_id='user4891755326034811890' LIMIT 1;
SELECT * FROM usertable WHERE y_id='user869884988745795583' LIMIT 1;
SELECT * FROM usertable WHERE y_id='user3464245635730951458' LIMIT 1;
SELECT * FROM usertable WHERE y_id='user6184078644860972864' LIMIT 1;
SELECT * FROM usertable WHERE y_id='user6862728708791239180' LIMIT 1;
SELECT * FROM usertable WHERE y_id='user5822033404843406398' LIMIT 1;
SELECT * FROM usertable WHERE y_id='user1000385178204227360' LIMIT 1;
SELECT * FROM usertable WHERE y_id='user4515651539959442381' LIMIT 1;
SELECT * FROM usertable WHERE y_id='user6987982755718262828' LIMIT 1;
SELECT * FROM usertable WHERE y_id='user6280313993865951413' LIMIT 1;
SELECT * FROM usertable WHERE y_id='user1573987489603120213' LIMIT 1;
SELECT * FROM usertable WHERE y_id='user4288356040983891607' LIMIT 1;
SELECT * FROM usertable WHERE y_id='user4177720500626811450' LIMIT 1;
SELECT * FROM usertable WHERE y_id='user2649725909734388554' LIMIT 1;
SELECT * FROM usertable WHERE y_id='user2861064665897873058' LIMIT 1;
SELECT * FROM usertable WHERE y_id='user4882382961996276528' LIMIT 1;
SELECT * FROM usertable WHERE y_id='user3112132720264060802' LIMIT 1;
SELECT * FROM usertable WHERE y_id='user7827613273347585481' LIMIT 1;
SELECT * FROM usertable WHERE y_id='user894777465160713449' LIMIT 1;
SELECT * FROM usertable WHERE y_id='user1246548735333305540' LIMIT 1;
SELECT * FROM usertable WHERE y_id='user6053236810108242522' LIMIT 1;
SELECT * FROM usertable WHERE y_id='user1573987489603120213' LIMIT 1;
SELECT * FROM usertable WHERE y_id='user4403896078578081328' LIMIT 1;
SELECT * FROM usertable WHERE y_id='user4404237723872379893' LIMIT 1;
SELECT * FROM usertable WHERE y_id='user5329829620661706720' LIMIT 1;
SELECT * FROM usertable WHERE y_id='user2056818909746284529' LIMIT 1;
SELECT * FROM usertable WHERE y_id='user8758451312668320437' LIMIT 1;
SELECT * FROM usertable WHERE y_id='user537760052456713229' LIMIT 1;
SELECT * FROM usertable WHERE y_id='user2774761641443570319' LIMIT 1;
SELECT * FROM usertable WHERE y_id='user2423550331783118676' LIMIT 1;
SELECT * FROM usertable WHERE y_id='user4505159254896626123' LIMIT 1;
SELECT * FROM usertable WHERE y_id='user4052684768917629685' LIMIT 1;
SELECT * FROM usertable WHERE y_id='user7566831209648563810' LIMIT 1;
SELECT * FROM usertable WHERE y_id='user4992458541841216237' LIMIT 1;
SELECT * FROM usertable WHERE y_id='user6757120995747725269' LIMIT 1;
SELECT * FROM usertable WHERE y_id='user7928534804371831711' LIMIT 1;
SELECT * FROM usertable WHERE y_id='user417192187548957262' LIMIT 1;
SELECT * FROM usertable WHERE y_id='user8874114680338966840' LIMIT 1;
SELECT * FROM usertable WHERE y_id='user5923296581161951193' LIMIT 1;
SELECT * FROM usertable WHERE y_id='user292156455839775497' LIMIT 1;
SELECT * FROM usertable WHERE y_id='user7244638597910157266' LIMIT 1;
SELECT * FROM usertable WHERE y_id='user2509293395725280967' LIMIT 1;
SELECT * FROM usertable WHERE y_id='user1573987489603120213' LIMIT 1;
SELECT * FROM usertable WHERE y_id='user6636771446057811185' LIMIT 1;
SELECT * FROM usertable WHERE y_id='user1222216219430528122' LIMIT 1;
SELECT * FROM usertable WHERE y_id='user8652283639112666078' LIMIT 1;
SELECT * FROM usertable WHERE y_id='user5213947937773218434' LIMIT 1;
SELECT * FROM usertable WHERE y_id='user6525917590482889145' LIMIT 1;
SELECT * FROM usertable WHERE y_id='user8893979329440318460' LIMIT 1;
SELECT * FROM usertable WHERE y_id='user6521231408463621464' LIMIT 1;
SELECT * FROM usertable WHERE y_id='user4876795174170569834' LIMIT 1;
SELECT * FROM usertable WHERE y_id='user2648947634004406223' LIMIT 1;
SELECT * FROM usertable WHERE y_id='user6405568040792975061' LIMIT 1;
SELECT * FROM usertable WHERE y_id='user1005631320735635489' LIMIT 1;
SELECT * FROM usertable WHERE y_id='user2056818909746284529' LIMIT 1;
INSERT INTO usertable (y_id,field4) VALUES ('user2865750847917140739','4Z)1+84&"!G%7A)(K"+>1Vq#Xm''1.&Ay?Hy#Bi&B{>*4 (n3C{/X{*=2-Pk?- 534+]g+;&<X;%Uk8(h6O;/<(854&1d&:j>645');
SELECT * FROM usertable WHERE y_id='user5691533215384974621' LIMIT 1;
SELECT * FROM usertable WHERE y_id='user3936243125517000951' LIMIT 1;
SELECT * FROM usertable WHERE y_id='user1573987489603120213' LIMIT 1;
SELECT * FROM usertable WHERE y_id='user774209600252957482' LIMIT 1;
INSERT INTO usertable (y_id,field5) VALUES ('user5233594271656728171','>?85;40[!06<>7:))<5K?([g.Hu''?:2J+,I!!\7$Ps<1$)&20:h7,b&8h7,*2..012/+x?@+5,l;?p5"x:8h''Nk#Y}(F6V+.0(0');
SELECT * FROM usertable WHERE y_id='user7229460130828073327' LIMIT 1;
INSERT INTO usertable (y_id,field5) VALUES ('user879598998078629510','<7$,=<-%~#Z5-=j"X .`7^e/\m:3 &1,5[u-Ti>3>.Ls3.<%!<<!.6= -)*"Ya#E!-M%4V1%444)d-2:!5j1Fa2G+/ ~>Aa%9|6');
SELECT * FROM usertable WHERE y_id='user759249448388715426' LIMIT 1;
SELECT * FROM usertable WHERE y_id='user773649639740817034' LIMIT 1;
SELECT * FROM usertable WHERE y_id='user5817347222824138717' LIMIT 1;
INSERT INTO usertable (y_id,field2) VALUES ('user3464463950948793341','!T-0S<P;4''x $09X/2Jm.Jw$B;5Xa9Dq:Ls-6t*1x4$f*8f#8x:\{1=l"2d%&69  &Fs77h*>,4Fu1Oe#\).<&<Q;8;4<U%$749');
SELECT * FROM usertable WHERE y_id='user1573987489603120213' LIMIT 1;
SELECT * FROM usertable WHERE y_id='user5831747414176240325' LIMIT 1;
SELECT * FROM usertable WHERE y_id='user4163320309274709842' LIMIT 1;
SELECT * FROM usertable WHERE y_id='user6053236810108242522' LIMIT 1;
SELECT * FROM usertable WHERE y_id='user4997144723860483918' LIMIT 1;
SELECT * FROM usertable WHERE y_id='user3005965046708406443' LIMIT 1;
SELECT * FROM usertable WHERE y_id='user880377273808611841' LIMIT 1;
SELECT * FROM usertable WHERE y_id='user6063510779953216897' LIMIT 1;
SELECT * FROM usertable WHERE y_id='user528046043123879302' LIMIT 1;
SELECT * FROM usertable WHERE y_id='user1603566148037305760' LIMIT 1;
SELECT * FROM usertable WHERE y_id='user190674964303388819' LIMIT 1;
SELECT * FROM usertable WHERE y_id='user8999928687778130936' LIMIT 1;
SELECT * FROM usertable WHERE y_id='user4042192483854813427' LIMIT 1;
SELECT * FROM usertable WHERE y_id='user7576763534199239620' LIMIT 1;
SELECT * FROM usertable WHERE y_id='user7823487051840458248' LIMIT 1;
SELECT * FROM usertable WHERE y_id='user9221199768492291250' LIMIT 1;
SELECT * FROM usertable WHERE y_id='user1573987489603120213' LIMIT 1;
SELECT * FROM usertable WHERE y_id='user8421080233847829954' LIMIT 1;
SELECT * FROM usertable WHERE y_id='user1337537941806875960' LIMIT 1;
SELECT * FROM usertable WHERE y_id='user4278642031651057680' LIMIT 1;
SELECT * FROM usertable WHERE y_id='user1955337418209897851' LIMIT 1;
INSERT INTO usertable (y_id,field4) VALUES ('user4038066262347686194','47,4, (X3,F?!U=%[3%-"%J56S)(Q50-v+/l,F!57v,''"(W/)''n3.j4I)8]i,L#0"j&J+))&$0`:+n":j+J=*6x#.t2=,%@}2E+$');
SELECT * FROM usertable WHERE y_id='user6862728708791239180' LIMIT 1;
SELECT * FROM usertable WHERE y_id='user3454531626398117531' LIMIT 1;
SELECT * FROM usertable WHERE y_id='user1940718911639954360' LIMIT 1;
INSERT INTO usertable (y_id,field2) VALUES ('user5912804296099134935','=5.08n''Lo7Y/27x6D''5;|*?x @q2G=9P9<P))X91E;84>-9h:(f?360/h7Y/=Mi>4b4"~*(t2Dg#''0:=d#]11Os".t#''|:>(*Ow3');
SELECT * FROM usertable WHERE y_id='user1468038131265307737' LIMIT 1;
SELECT * FROM usertable WHERE y_id='user5585583857047162145' LIMIT 1;
SELECT * FROM usertable WHERE y_id='user5686287072853566492' LIMIT 1;
SELECT * FROM usertable WHERE y_id='user6299400367237320702' LIMIT 1;
SELECT * FROM usertable WHERE y_id='user5344789772525948776' LIMIT 1;
SELECT * FROM usertable WHERE y_id='user2996251037375572516' LIMIT 1;
SELECT * FROM usertable WHERE y_id='user2288022315011120653' LIMIT 1;
SELECT * FROM usertable WHERE y_id='user4881823001484136080' LIMIT 1;
SELECT * FROM usertable WHERE y_id='user8637323487248424022' LIMIT 1;
INSERT INTO usertable (y_id,field0) VALUES ('user3483550324320162630','4I?%0<)+h>[/">$!)t #r+R90)64Xs33d''^o5Gy2("#C}&2.*:~3:|75b/H==M1-,|>K!%3,&Y-)Qm&N9,<p7]u.7:."4%!<!0:0');
SELECT * FROM usertable WHERE y_id='user648613908031635269' LIMIT 1;
SELECT * FROM usertable WHERE y_id='user5001830905879751599' LIMIT 1;
SELECT * FROM usertable WHERE y_id='user4278642031651057680' LIMIT 1;
SELECT * FROM usertable WHERE y_id='user2307108688382489942' LIMIT 1;
SELECT * FROM usertable WHERE y_id='user2745182983009384772' LIMIT 1;
SELECT * FROM usertable WHERE y_id='user1699801497042284309' LIMIT 1;
SELECT * FROM usertable WHERE y_id='user4972812207957706500' LIMIT 1;
SELECT * FROM usertable WHERE y_id='user1835329513814282332' LIMIT 1;
SELECT * FROM usertable WHERE y_id='user6873220993854055438' LIMIT 1;
SELECT * FROM usertable WHERE y_id='user4776433603658464052' LIMIT 1;
SELECT * FROM usertable WHERE y_id='user1573987489603120213' LIMIT 1;
SELECT * FROM usertable WHERE y_id='user1699583181824442426' LIMIT 1;
SELECT * FROM usertable WHERE y_id='user7360520280798645552' LIMIT 1;
SELECT * FROM usertable WHERE y_id='user6757120995747725269' LIMIT 1;
SELECT * FROM usertable WHERE y_id='user2408371864701034737' LIMIT 1;
SELECT * FROM usertable WHERE y_id='user185988782284121138' LIMIT 1;
SELECT * FROM usertable WHERE y_id='user8029797980690376506' LIMIT 1;
SELECT * FROM usertable WHERE y_id='user60174774844957042' LIMIT 1;
SELECT * FROM usertable WHERE y_id='user8536961916736318240' LIMIT 1;
SELECT * FROM usertable WHERE y_id='user5715865731287752039' LIMIT 1;
SELECT * FROM usertable WHERE y_id='user3237168451973242567' LIMIT 1;
SELECT * FROM usertable WHERE y_id='user778895782272225163' LIMIT 1;
SELECT * FROM usertable WHERE y_id='user3348022307548164607' LIMIT 1;
SELECT * FROM usertable WHERE y_id='user3232700585171816769' LIMIT 1;
SELECT * FROM usertable WHERE y_id='user8049662629791728126' LIMIT 1;
SELECT * FROM usertable WHERE y_id='user2866310808429281187' LIMIT 1;
SELECT * FROM usertable WHERE y_id='user2529499690120931152' LIMIT 1;
SELECT * FROM usertable WHERE y_id='user5821815089625564515' LIMIT 1;
SELECT * FROM usertable WHERE y_id='user5460329810120138497' LIMIT 1;
SELECT * FROM usertable WHERE y_id='user8768165322001154364' LIMIT 1;
SELECT * FROM usertable WHERE y_id='user3584813500638707425' LIMIT 1;
SELECT * FROM usertable WHERE y_id='user4997704684372624366' LIMIT 1;
SELECT * FROM usertable WHERE y_id='user6872661033341914990' LIMIT 1;
SELECT * FROM usertable WHERE y_id='user5450397485569462687' LIMIT 1;
SELECT * FROM usertable WHERE y_id='user5923296581161951193' LIMIT 1;
SELECT * FROM usertable WHERE y_id='user5460329810120138497' LIMIT 1;
INSERT INTO usertable (y_id,field8) VALUES ('user4153387984724034032','8Z/0Y-!U}/3d45j6.4##f2>~?!.1Mi3*v2H6%28!n;\/4:z,H+%B/=8:,*`./n2+v''9,-?l:>&82l6Q; >0%Xi7Ve>*44+6+=p*');
SELECT * FROM usertable WHERE y_id='user6987982755718262828' LIMIT 1;
SELECT * FROM usertable WHERE y_id='user9221418083710133133' LIMIT 1;
SELECT * FROM usertable WHERE y_id='user5933010590494785120' LIMIT 1;
SELECT * FROM usertable WHERE y_id='user5932668945200486555' LIMIT 1;
SELECT * FROM usertable WHERE y_id='user1361870457709653378' LIMIT 1;
SELECT * FROM usertable WHERE y_id='user1568741347071712084' LIMIT 1;
SELECT * FROM usertable WHERE y_id='user9221199768492291250' LIMIT 1;
SELECT * FROM usertable WHERE y_id='user55488592825689361' LIMIT 1;
SELECT * FROM usertable WHERE y_id='user7817899264014751554' LIMIT 1;
SELECT * FROM usertable WHERE y_id='user3695449040995787582' LIMIT 1;
SELECT * FROM usertable WHERE y_id='user3343896086041037374' LIMIT 1;
SELECT * FROM usertable WHERE y_id='user311242829211144786' LIMIT 1;
SELECT * FROM usertable WHERE y_id='user648395592813793386' LIMIT 1;
SELECT * FROM usertable WHERE y_id='user2533625911628058385' LIMIT 1;
INSERT INTO usertable (y_id,field1) VALUES ('user5917490478118402616','2T+85$''-*)Z!<24)(r,G?$4b&.n.Zo$(l/W#*+00E24b*4|+\w/?j/,0 +d0Yg3G15Ai?]e"I/4*6"Fs2Eq4A=5''4%Zc+7x8#"5');
SELECT * FROM usertable WHERE y_id='user1573987489603120213' LIMIT 1;
SELECT * FROM usertable WHERE y_id='user8752645209624771860' LIMIT 1;
SELECT * FROM usertable WHERE y_id='user3926870761478465589' LIMIT 1;
SELECT * FROM usertable WHERE y_id='user1573987489603120213' LIMIT 1;
SELECT * FROM usertable WHERE y_id='user2534185872140198833' LIMIT 1;
SELECT * FROM usertable WHERE y_id='user35282298430039176' LIMIT 1;
SELECT * FROM usertable WHERE y_id='user1101088394010631707' LIMIT 1;
SELECT * FROM usertable WHERE y_id='user3122406690109035177' LIMIT 1;
SELECT * FROM usertable WHERE y_id='user774209600252957482' LIMIT 1;
SELECT * FROM usertable WHERE y_id='user8421080233847829954' LIMIT 1;
SELECT * FROM usertable WHERE y_id='user5817347222824138717' LIMIT 1;
SELECT * FROM usertable WHERE y_id='user3951203277381243007' LIMIT 1;
SELECT * FROM usertable WHERE y_id='user1931004902307120433' LIMIT 1;
SELECT * FROM usertable WHERE y_id='user5108558539947546406' LIMIT 1;
SELECT * FROM usertable WHERE y_id='user176616418245585776' LIMIT 1;
SELECT * FROM usertable WHERE y_id='user774209600252957482' LIMIT 1;
SELECT * FROM usertable WHERE y_id='user6987982755718262828' LIMIT 1;
SELECT * FROM usertable WHERE y_id='user7008189050113913013' LIMIT 1;
SELECT * FROM usertable WHERE y_id='user1473065958578873983' LIMIT 1;
SELECT * FROM usertable WHERE y_id='user2297736324343954580' LIMIT 1;
SELECT * FROM usertable WHERE y_id='user8762919179469746235' LIMIT 1;
SELECT * FROM usertable WHERE y_id='user6505711296087238960' LIMIT 1;
SELECT * FROM usertable WHERE y_id='user5465015992139406178' LIMIT 1;
SELECT * FROM usertable WHERE y_id='user6284781860667377211' LIMIT 1;
SELECT * FROM usertable WHERE y_id='user3956449419912651136' LIMIT 1;
SELECT * FROM usertable WHERE y_id='user1573987489603120213' LIMIT 1;
SELECT * FROM usertable WHERE y_id='user6656417779941320922' LIMIT 1;
SELECT * FROM usertable WHERE y_id='user2408371864701034737' LIMIT 1;
SELECT * FROM usertable WHERE y_id='user7576763534199239620' LIMIT 1;
SELECT * FROM usertable WHERE y_id='user4756568954557112432' LIMIT 1;
SELECT * FROM usertable WHERE y_id='user3921624618947057460' LIMIT 1;
SELECT * FROM usertable WHERE y_id='user166342448400611401' LIMIT 1;
INSERT INTO usertable (y_id,field2) VALUES ('user4177720500626811450','+ b''%,7.v/R5)Z7,D)16&!Jw!^m;\!>L?9?04Ae#K}40<$[7$!t'''' .1b/Q1)4l&@}-&>)0|11p*Aw*-p:8(%&~+U%?Wi?Ta)F#%');
INSERT INTO usertable (y_id,field3) VALUES ('user3700353538232897146','<-n''3.&,6=Qu6;|3 h4Pi"_?9O5$A''1M!0L/!8b:Hc=,24$b?V94Jg:D>P/6Tg?4`+So+#d4K#=+v?>z/Qk Jc3Ey%;6 B''!Do*');
SELECT * FROM usertable WHERE y_id='user3936243125517000951' LIMIT 1;
SELECT * FROM usertable WHERE y_id='user3579785673325141179' LIMIT 1;
SELECT * FROM usertable WHERE y_id='user6285000175885219094' LIMIT 1;
SELECT * FROM usertable WHERE y_id='user7798594575425540382' LIMIT 1;
SELECT * FROM usertable WHERE y_id='user5817347222824138717' LIMIT 1;
SELECT * FROM usertable WHERE y_id='user5942382954533320482' LIMIT 1;
SELECT * FROM usertable WHERE y_id='user2861064665897873058' LIMIT 1;
SELECT * FROM usertable WHERE y_id='user8878800862358234521' LIMIT 1;
SELECT * FROM usertable WHERE y_id='user8396187757432912088' LIMIT 1;
SELECT * FROM usertable WHERE y_id='user7008189050113913013' LIMIT 1;
SELECT * FROM usertable WHERE y_id='user5706493367249216677' LIMIT 1;
SELECT * FROM usertable WHERE y_id='user35282298430039176' LIMIT 1;
SELECT * FROM usertable WHERE y_id='user5118272549280380333' LIMIT 1;
SELECT * FROM usertable WHERE y_id='user7581791361512805866' LIMIT 1;
SELECT * FROM usertable WHERE y_id='user2774761641443570319' LIMIT 1;
SELECT * FROM usertable WHERE y_id='user1473284273796715866' LIMIT 1;
SELECT * FROM usertable WHERE y_id='user4153387984724034032' LIMIT 1;
SELECT * FROM usertable WHERE y_id='user990452853653551550' LIMIT 1;
SELECT * FROM usertable WHERE y_id='user2986878673337037154' LIMIT 1;
SELECT * FROM usertable WHERE y_id='user7571517391667831491' LIMIT 1;
SELECT * FROM usertable WHERE y_id='user8160298170148808283' LIMIT 1;
SELECT * FROM usertable WHERE y_id='user3237168451973242567' LIMIT 1;
SELECT * FROM usertable WHERE y_id='user5113586367261112652' LIMIT 1;
SELECT * FROM usertable WHERE y_id='user4775873643146323604' LIMIT 1;
SELECT * FROM usertable WHERE y_id='user8049444314573886243' LIMIT 1;
SELECT * FROM usertable WHERE y_id='user3227796087934707205' LIMIT 1;
SELECT * FROM usertable WHERE y_id='user5817347222824138717' LIMIT 1;
SELECT * FROM usertable WHERE y_id='user1573987489603120213' LIMIT 1;
SELECT * FROM usertable WHERE y_id='user5696779357916382750' LIMIT 1;
SELECT * FROM usertable WHERE y_id='user2302422506363222261' LIMIT 1;
INSERT INTO usertable (y_id,field9) VALUES ('user4177720500626811450',':_119d H15"(,V55>*?D9)U!#$z2/ !Z=!_5:B==0<%Ua*K{*J54$z!Z=,Re9>08V)Ne7D/$''68Jy)Sq#N521h>=f!7p6*z.6,<');
SELECT * FROM usertable WHERE y_id='user7928534804371831711' LIMIT 1;
SELECT * FROM usertable WHERE y_id='user3575099491305873498' LIMIT 1;
SELECT * FROM usertable WHERE y_id='user5344448127231650211' LIMIT 1;
SELECT * FROM usertable WHERE y_id='user3816016905903543549' LIMIT 1;
SELECT * FROM usertable WHERE y_id='user64860956864224723' LIMIT 1;
SELECT * FROM usertable WHERE y_id='user7003502868094645332' LIMIT 1;
SELECT * FROM usertable WHERE y_id='user5811541119780590140' LIMIT 1;
SELECT * FROM usertable WHERE y_id='user4655305778238567637' LIMIT 1;
SELECT * FROM usertable WHERE y_id='user2750429125540792901' LIMIT 1;
SELECT * FROM usertable WHERE y_id='user6973924209660459785' LIMIT 1;
SELECT * FROM usertable WHERE y_id='user2760703095385767276' LIMIT 1;
SELECT * FROM usertable WHERE y_id='user4042752444366953875' LIMIT 1;
SELECT * FROM usertable WHERE y_id='user1829523410770733755' LIMIT 1;
SELECT * FROM usertable WHERE y_id='user8401215584746478334' LIMIT 1;
SELECT * FROM usertable WHERE y_id='user8637665132542722587' LIMIT 1;
SELECT * FROM usertable WHERE y_id='user1960583560741305980' LIMIT 1;
SELECT * FROM usertable WHERE y_id='user185988782284121138' LIMIT 1;
SELECT * FROM usertable WHERE y_id='user8869086853025400594' LIMIT 1;
SELECT * FROM usertable WHERE y_id='user774209600252957482' LIMIT 1;
SELECT * FROM usertable WHERE y_id='user5108340224729704523' LIMIT 1;
SELECT * FROM usertable WHERE y_id='user2408371864701034737' LIMIT 1;
SELECT * FROM usertable WHERE y_id='user8637323487248424022' LIMIT 1;
SELECT * FROM usertable WHERE y_id='user1573987489603120213' LIMIT 1;
SELECT * FROM usertable WHERE y_id='user1829523410770733755' LIMIT 1;
SELECT * FROM usertable WHERE y_id='user1458105806714631927' LIMIT 1;
SELECT * FROM usertable WHERE y_id='user8280647719838722367' LIMIT 1;
SELECT * FROM usertable WHERE y_id='user1588605996173063704' LIMIT 1;
SELECT * FROM usertable WHERE y_id='user1960583560741305980' LIMIT 1;
INSERT INTO usertable (y_id,field0) VALUES ('user2982192491317769473','''Is:Tg5Uw+*d3C+9N1+..4M54Pc>Z{!Wg''Qo+A/(,8,8($5l6?t++p3<`&8p8[m#,r8L/4W/2Hk>%v.;.58r1''0!W;** $Nm 4((');
SELECT * FROM usertable WHERE y_id='user7807966939464075744' LIMIT 1;
SELECT * FROM usertable WHERE y_id='user1573987489603120213' LIMIT 1;
SELECT * FROM usertable WHERE y_id='user774209600252957482' LIMIT 1;
SELECT * FROM usertable WHERE y_id='user7104424399118891562' LIMIT 1;
SELECT * FROM usertable WHERE y_id='user5455083667588730368' LIMIT 1;
SELECT * FROM usertable WHERE y_id='user5218634119792486115' LIMIT 1;
SELECT * FROM usertable WHERE y_id='user7591723686063481676' LIMIT 1;
SELECT * FROM usertable WHERE y_id='user406918217703982887' LIMIT 1;
SELECT * FROM usertable WHERE y_id='user9221418083710133133' LIMIT 1;
SELECT * FROM usertable WHERE y_id='user1573987489603120213' LIMIT 1;
SELECT * FROM usertable WHERE y_id='user7215059939475971719' LIMIT 1;
SELECT * FROM usertable WHERE y_id='user3468931817750219139' LIMIT 1;
SELECT * FROM usertable WHERE y_id='user1116048545874873763' LIMIT 1;
SELECT * FROM usertable WHERE y_id='user4413610087910915255' LIMIT 1;
SELECT * FROM usertable WHERE y_id='user6289686357904486775' LIMIT 1;
SELECT * FROM usertable WHERE y_id='user2880929314999224678' LIMIT 1;
SELECT * FROM usertable WHERE y_id='user5223880262323894244' LIMIT 1;
SELECT * FROM usertable WHERE y_id='user3951203277381243007' LIMIT 1;
SELECT * FROM usertable WHERE y_id='user5817347222824138717' LIMIT 1;
SELECT * FROM usertable WHERE y_id='user3921624618947057460' LIMIT 1;
SELECT * FROM usertable WHERE y_id='user3338649943509629245' LIMIT 1;
SELECT * FROM usertable WHERE y_id='user2644479767202980425' LIMIT 1;
SELECT * FROM usertable WHERE y_id='user6626839121507135375' LIMIT 1;
SELECT * FROM usertable WHERE y_id='user9104976440309504399' LIMIT 1;
SELECT * FROM usertable WHERE y_id='user518113718573203492' LIMIT 1;
SELECT * FROM usertable WHERE y_id='user8421080233847829954' LIMIT 1;
SELECT * FROM usertable WHERE y_id='user784141924803633292' LIMIT 1;
SELECT * FROM usertable WHERE y_id='user5585583857047162145' LIMIT 1;
SELECT * FROM usertable WHERE y_id='user4177720500626811450' LIMIT 1;
SELECT * FROM usertable WHERE y_id='user5817347222824138717' LIMIT 1;
SELECT * FROM usertable WHERE y_id='user6877907175873323119' LIMIT 1;
SELECT * FROM usertable WHERE y_id='user412164360235391016' LIMIT 1;
SELECT * FROM usertable WHERE y_id='user4997922999590466249' LIMIT 1;
SELECT * FROM usertable WHERE y_id='user1573987489603120213' LIMIT 1;
SELECT * FROM usertable WHERE y_id='user6868534811834787757' LIMIT 1;
SELECT * FROM usertable WHERE y_id='user7572077352179971939' LIMIT 1;
SELECT * FROM usertable WHERE y_id='user6772299462829809208' LIMIT 1;
SELECT * FROM usertable WHERE y_id='user402232035684715206' LIMIT 1;
SELECT * FROM usertable WHERE y_id='user3227454442640408640' LIMIT 1;
SELECT * FROM usertable WHERE y_id='user8874114680338966840' LIMIT 1;
SELECT * FROM usertable WHERE y_id='user392299711134039396' LIMIT 1;
SELECT * FROM usertable WHERE y_id='user4978058350489114629' LIMIT 1;
SELECT * FROM usertable WHERE y_id='user6757120995747725269' LIMIT 1;
SELECT * FROM usertable WHERE y_id='user1353058054183258464' LIMIT 1;
SELECT * FROM usertable WHERE y_id='user4153387984724034032' LIMIT 1;
SELECT * FROM usertable WHERE y_id='user5817347222824138717' LIMIT 1;
SELECT * FROM usertable WHERE y_id='user1955337418209897851' LIMIT 1;
SELECT * FROM usertable WHERE y_id='user6968678067129051656' LIMIT 1;
SELECT * FROM usertable WHERE y_id='user8768165322001154364' LIMIT 1;
SELECT * FROM usertable WHERE y_id='user6168558532484590360' LIMIT 1;
SELECT * FROM usertable WHERE y_id='user4650619596219299956' LIMIT 1;
SELECT * FROM usertable WHERE y_id='user6299400367237320702' LIMIT 1;
SELECT * FROM usertable WHERE y_id='user3826167545672061242' LIMIT 1;
SELECT * FROM usertable WHERE y_id='user7923630307134722147' LIMIT 1;
SELECT * FROM usertable WHERE y_id='user6530603772502156826' LIMIT 1;
SELECT * FROM usertable WHERE y_id='user1921072577756444623' LIMIT 1;
SELECT * FROM usertable WHERE y_id='user2861064665897873058' LIMIT 1;
SELECT * FROM usertable WHERE y_id='user4188212785689627708' LIMIT 1;
SELECT * FROM usertable WHERE y_id='user5218634119792486115' LIMIT 1;
SELECT * FROM usertable WHERE y_id='user3121846729596894729' LIMIT 1;
SELECT * FROM usertable WHERE y_id='user2408371864701034737' LIMIT 1;
SELECT * FROM usertable WHERE y_id='user8270933710505888440' LIMIT 1;
SELECT * FROM usertable WHERE y_id='user7934122592197538405' LIMIT 1;
SELECT * FROM usertable WHERE y_id='user4886509183503403761' LIMIT 1;
SELECT * FROM usertable WHERE y_id='user2629861260633036934' LIMIT 1;
SELECT * FROM usertable WHERE y_id='user55146947531390796' LIMIT 1;
SELECT * FROM usertable WHERE y_id='user3464463950948793341' LIMIT 1;
SELECT * FROM usertable WHERE y_id='user4037506301835545746' LIMIT 1;
SELECT * FROM usertable WHERE y_id='user8502137115770724564' LIMIT 1;
SELECT * FROM usertable WHERE y_id='user1352498093671118016' LIMIT 1;
SELECT * FROM usertable WHERE y_id='user1573987489603120213' LIMIT 1;
SELECT * FROM usertable WHERE y_id='user3127092872128302858' LIMIT 1;
SELECT * FROM usertable WHERE y_id='user7827613273347585481' LIMIT 1;
SELECT * FROM usertable WHERE y_id='user3932116904009873718' LIMIT 1;
SELECT * FROM usertable WHERE y_id='user7229460130828073327' LIMIT 1;
SELECT * FROM usertable WHERE y_id='user1573987489603120213' LIMIT 1;
SELECT * FROM usertable WHERE y_id='user402791996196855654' LIMIT 1;
SELECT * FROM usertable WHERE y_id='user5711179549268484358' LIMIT 1;
SELECT * FROM usertable WHERE y_id='user1694555354510876180' LIMIT 1;
SELECT * FROM usertable WHERE y_id='user2865750847917140739' LIMIT 1;
SELECT * FROM usertable WHERE y_id='user3921624618947057460' LIMIT 1;
SELECT * FROM usertable WHERE y_id='user6525917590482889145' LIMIT 1;
SELECT * FROM usertable WHERE y_id='user2408371864701034737' LIMIT 1;
SELECT * FROM usertable WHERE y_id='user7471155821155725709' LIMIT 1;
SELECT * FROM usertable WHERE y_id='user3821481363652793561' LIMIT 1;
SELECT * FROM usertable WHERE y_id='user769523418233689801' LIMIT 1;
SELECT * FROM usertable WHERE y_id='user7118824590470993170' LIMIT 1;
SELECT * FROM usertable WHERE y_id='user3685735031662953655' LIMIT 1;
SELECT * FROM usertable WHERE y_id='user2408371864701034737' LIMIT 1;
SELECT * FROM usertable WHERE y_id='user1573987489603120213' LIMIT 1;
SELECT * FROM usertable WHERE y_id='user8647597457093398397' LIMIT 1;
SELECT * FROM usertable WHERE y_id='user296842637859043178' LIMIT 1;
SELECT * FROM usertable WHERE y_id='user7354714177755096975' LIMIT 1;
SELECT * FROM usertable WHERE y_id='user5692093175897115069' LIMIT 1;
SELECT * FROM usertable WHERE y_id='user9210925798647316875' LIMIT 1;
SELECT * FROM usertable WHERE y_id='user4403896078578081328' LIMIT 1;
SELECT * FROM usertable WHERE y_id='user6873220993854055438' LIMIT 1;
SELECT * FROM usertable WHERE y_id='user6873002678636213555' LIMIT 1;
SELECT * FROM usertable WHERE y_id='user4278642031651057680' LIMIT 1;
SELECT * FROM usertable WHERE y_id='user4640687271668624146' LIMIT 1;
INSERT INTO usertable (y_id,field0) VALUES ('user4876795174170569834','5N!1. 6Bk>K#''Xy&%$$&v+J==,>0@1&(2(/6(B7(5~>Cg#V7</l&-l%L{'',(#G#9C?8F" l$T- 2244j32n"Eq#O7''-:14l,-b+');
INSERT INTO usertable (y_id,field0) VALUES ('user5460329810120138497','9A)(!~!V1)T77)n>@7@7=7d5Kq7K#7Ia''140/r65.8M#1A5"S!=.b+P!![''?7t7=&=W5= d<[u.D''&:(%%"''Xw''V}6-`2V16H}:');
SELECT * FROM usertable WHERE y_id='user4187652825177487260' LIMIT 1;
SELECT * FROM usertable WHERE y_id='user3604678149740059045' LIMIT 1;
